<?xml version="1.0" encoding="UTF-8"?>
<testsuite name="integration_controller.TestGetIntegrations" tests="3" skipped="0" failures="0" errors="0" timestamp="2019-11-29T12:36:22" hostname="qa-System-Product-Name" time="2.344">
  <properties/>
  <testcase name="getIntegrations_status_200" classname="integration_controller.TestGetIntegrations" time="0.98"/>
  <testcase name="getIntegrations_status_401" classname="integration_controller.TestGetIntegrations" time="0.643"/>
  <testcase name="getIntegrations_status_404" classname="integration_controller.TestGetIntegrations" time="0.719"/>
  <system-out><![CDATA[Request method:	GET
Request URI:	https://dev.zenio.co/api/integrations
Proxy:			<none>
Request params:	<none>
Query params:	<none>
Form params:	<none>
Path params:	<none>
Headers:		Accept=application/json, application/javascript, text/javascript, text/json
				Content-Type=application/json; charset=UTF-8
Cookies:		AWSALB=ToAUQ3Myv+BcZ+XqvKH1gGkSD1455HZ43RhyvIBnzpHlBnkNys1nZY0zvEqVwTMVxEWfcr/Pn8RdrID/n0d+MsJLNt1tk1S/FUknwm0ow8r/ch/uzOzP2Wwu0g2s;Path=/;Expires=12/6/19, 12:36 PM
				JSESSIONID=AFF20FD4CD6A381C1C49D2B792926265;Path=/;Secure;HttpOnly
Multiparts:		<none>
Body:			<none>
HTTP/1.1 200 
Date: Fri, 29 Nov 2019 12:36:23 GMT
Content-Type: application/json;charset=UTF-8
Transfer-Encoding: chunked
Connection: keep-alive
Set-Cookie: AWSALB=jzxHM74BLk+l3n+KWWK1hi7rOS+/ilrswC8Kqk5P5hGznwyuPPqqLxmjzkt5xsdXWFS3Et6dSUn3Y+Bf4iHDdWzDTPLYDHaUtEM/8IfVMK2DR7roHW1pgpj26HtH; Expires=Fri, 06 Dec 2019 12:36:23 GMT; Path=/
X-Content-Type-Options: nosniff
X-XSS-Protection: 1; mode=block
Cache-Control: no-cache, no-store, max-age=0, must-revalidate
Pragma: no-cache
Expires: 0
Strict-Transport-Security: max-age=31536000 ; includeSubDomains
X-Frame-Options: SAMEORIGIN

[
    {
        "id": 24,
        "name": "Pivotal Token 1",
        "apiToken": "89eff7bf382c9b47a745af229b380a50",
        "apiUrl": "https://www.pivotaltracker.com/services/v5",
        "apiProvider": "PIVOTAL",
        "valid": false,
        "projects": [
            "pt",
            "My_project"
        ],
        "url": null
    },
    {
        "id": 738,
        "name": "Pivotal Token 19",
        "apiToken": "3901cf4de092d5cbe830d88f977ee565",
        "apiUrl": "https://www.pivotaltracker.com/services/v5/",
        "apiProvider": "PIVOTAL",
        "valid": false,
        "projects": [
            "test anna",
            "QA Test API",
            "1212121"
        ],
        "url": null
    },
    {
        "id": 736,
        "name": "Pivotal Token 18",
        "apiToken": "3901cf4de092d5cbe830d88f977ee565",
        "apiUrl": "https://www.pivotaltracker.com/services/v5/",
        "apiProvider": "PIVOTAL",
        "valid": false,
        "projects": [
            
        ],
        "url": null
    },
    {
        "id": 740,
        "name": "Pivotal Token 20",
        "apiToken": "3901cf4de092d5cbe830d88f977ee565",
        "apiUrl": "https://www.pivotaltracker.com/services/v5/",
        "apiProvider": "PIVOTAL",
        "valid": false,
        "projects": [
            
        ],
        "url": null
    },
    {
        "id": 686,
        "name": "Pivotal Token 2",
        "apiToken": "7f48a6d100eb4647d07db399974ce163",
        "apiUrl": "https://www.pivotaltracker.com/services/v5",
        "apiProvider": "PIVOTAL",
        "valid": true,
        "projects": [
            "test",
            "3232",
            "1111"
        ],
        "url": null
    },
    {
        "id": 802,
        "name": "Pivotal Token 50",
        "apiToken": "3901cf4de092d5cbe830d88f977ee565",
        "apiUrl": "https://www.pivotaltracker.com/services/v5/",
        "apiProvider": "PIVOTAL",
        "valid": true,
        "projects": [
            
        ],
        "url": null
    },
    {
        "id": 742,
        "name": "Pivotal Token 21",
        "apiToken": "3901cf4de092d5cbe830d88f977ee565",
        "apiUrl": "https://www.pivotaltracker.com/services/v5/",
        "apiProvider": "PIVOTAL",
        "valid": false,
        "projects": [
            
        ],
        "url": null
    },
    {
        "id": 55,
        "name": "Pivotal Token 3",
        "apiToken": " 99214ab4614da3901863517e97d77b42",
        "apiUrl": "https://www.pivotaltracker.com/services/v5",
        "apiProvider": "PIVOTAL",
        "valid": false,
        "projects": [
            "====",
            "proto"
        ],
        "url": null
    },
    {
        "id": 690,
        "name": "Pivotal Token 4",
        "apiToken": "3901cf4de092d5cbe830d88f977ee565",
        "apiUrl": "https://www.pivotaltracker.com/services/v5/",
        "apiProvider": "PIVOTAL",
        "valid": false,
        "projects": [
            "пфывпфывп",
            "Pivotal QA"
        ],
        "url": null
    },
    {
        "id": 744,
        "name": "Pivotal Token 22",
        "apiToken": "3901cf4de092d5cbe830d88f977ee565",
        "apiUrl": "https://www.pivotaltracker.com/services/v5/",
        "apiProvider": "PIVOTAL",
        "valid": false,
        "projects": [
            
        ],
        "url": null
    },
    {
        "id": 805,
        "name": "Pivotal Token 51",
        "apiToken": "3901cf4de092d5cbe830d88f977ee565",
        "apiUrl": "https://www.pivotaltracker.com/services/v5/",
        "apiProvider": "PIVOTAL",
        "valid": true,
        "projects": [
            
        ],
        "url": null
    },
    {
        "id": 746,
        "name": "Pivotal Token 23",
        "apiToken": "3901cf4de092d5cbe830d88f977ee565",
        "apiUrl": "https://www.pivotaltracker.com/services/v5/",
        "apiProvider": "PIVOTAL",
        "valid": false,
        "projects": [
            
        ],
        "url": null
    },
    {
        "id": 748,
        "name": "Pivotal Token 24",
        "apiToken": "3901cf4de092d5cbe830d88f977ee565",
        "apiUrl": "https://www.pivotaltracker.com/services/v5/",
        "apiProvider": "PIVOTAL",
        "valid": false,
        "projects": [
            
        ],
        "url": null
    },
    {
        "id": 750,
        "name": "Pivotal Token 25",
        "apiToken": "3901cf4de092d5cbe830d88f977ee565",
        "apiUrl": "https://www.pivotaltracker.com/services/v5/",
        "apiProvider": "PIVOTAL",
        "valid": false,
        "projects": [
            
        ],
        "url": null
    },
    {
        "id": 752,
        "name": "Pivotal Token 26",
        "apiToken": "3901cf4de092d5cbe830d88f977ee565",
        "apiUrl": "https://www.pivotaltracker.com/services/v5/",
        "apiProvider": "PIVOTAL",
        "valid": false,
        "projects": [
            
        ],
        "url": null
    },
    {
        "id": 754,
        "name": "Pivotal Token 27",
        "apiToken": "3901cf4de092d5cbe830d88f977ee565",
        "apiUrl": "https://www.pivotaltracker.com/services/v5/",
        "apiProvider": "PIVOTAL",
        "valid": false,
        "projects": [
            
        ],
        "url": null
    },
    {
        "id": 807,
        "name": "Pivotal Token 52",
        "apiToken": "3901cf4de092d5cbe830d88f977ee565",
        "apiUrl": "https://www.pivotaltracker.com/services/v5/",
        "apiProvider": "PIVOTAL",
        "valid": true,
        "projects": [
            
        ],
        "url": null
    },
    {
        "id": 756,
        "name": "Pivotal Token 28",
        "apiToken": "3901cf4de092d5cbe830d88f977ee565",
        "apiUrl": "https://www.pivotaltracker.com/services/v5/",
        "apiProvider": "PIVOTAL",
        "valid": false,
        "projects": [
            
        ],
        "url": null
    },
    {
        "id": 810,
        "name": "Pivotal Token 53",
        "apiToken": "3901cf4de092d5cbe830d88f977ee565",
        "apiUrl": "https://www.pivotaltracker.com/services/v5/",
        "apiProvider": "PIVOTAL",
        "valid": true,
        "projects": [
            
        ],
        "url": null
    },
    {
        "id": 812,
        "name": "Pivotal Token 54",
        "apiToken": "3901cf4de092d5cbe830d88f977ee565",
        "apiUrl": "https://www.pivotaltracker.com/services/v5/",
        "apiProvider": "PIVOTAL",
        "valid": true,
        "projects": [
            
        ],
        "url": null
    },
    {
        "id": 758,
        "name": "Pivotal Token 29",
        "apiToken": "3901cf4de092d5cbe830d88f977ee565",
        "apiUrl": "https://www.pivotaltracker.com/services/v5/",
        "apiProvider": "PIVOTAL",
        "valid": false,
        "projects": [
            
        ],
        "url": null
    },
    {
        "id": 814,
        "name": "Pivotal Token 55",
        "apiToken": "3901cf4de092d5cbe830d88f977ee565",
        "apiUrl": "https://www.pivotaltracker.com/services/v5/",
        "apiProvider": "PIVOTAL",
        "valid": true,
        "projects": [
            
        ],
        "url": null
    },
    {
        "id": 760,
        "name": "Pivotal Token 30",
        "apiToken": "3901cf4de092d5cbe830d88f977ee565",
        "apiUrl": "https://www.pivotaltracker.com/services/v5/",
        "apiProvider": "PIVOTAL",
        "valid": false,
        "projects": [
            
        ],
        "url": null
    },
    {
        "id": 764,
        "name": "Pivotal Token 32",
        "apiToken": "3901cf4de092d5cbe830d88f977ee565",
        "apiUrl": "https://www.pivotaltracker.com/services/v5/",
        "apiProvider": "PIVOTAL",
        "valid": false,
        "projects": [
            
        ],
        "url": null
    },
    {
        "id": 816,
        "name": "Pivotal Token 56",
        "apiToken": "3901cf4de092d5cbe830d88f977ee565",
        "apiUrl": "https://www.pivotaltracker.com/services/v5/",
        "apiProvider": "PIVOTAL",
        "valid": true,
        "projects": [
            
        ],
        "url": null
    },
    {
        "id": 762,
        "name": "Pivotal Token 31",
        "apiToken": "3901cf4de092d5cbe830d88f977ee565",
        "apiUrl": "https://www.pivotaltracker.com/services/v5/",
        "apiProvider": "PIVOTAL",
        "valid": false,
        "projects": [
            
        ],
        "url": null
    },
    {
        "id": 766,
        "name": "Pivotal Token 33",
        "apiToken": "3901cf4de092d5cbe830d88f977ee565",
        "apiUrl": "https://www.pivotaltracker.com/services/v5/",
        "apiProvider": "PIVOTAL",
        "valid": false,
        "projects": [
            
        ],
        "url": null
    },
    {
        "id": 819,
        "name": "Pivotal Token 57",
        "apiToken": "3901cf4de092d5cbe830d88f977ee565",
        "apiUrl": "https://www.pivotaltracker.com/services/v5/",
        "apiProvider": "PIVOTAL",
        "valid": true,
        "projects": [
            
        ],
        "url": null
    },
    {
        "id": 768,
        "name": "Pivotal Token 34",
        "apiToken": "3901cf4de092d5cbe830d88f977ee565",
        "apiUrl": "https://www.pivotaltracker.com/services/v5/",
        "apiProvider": "PIVOTAL",
        "valid": false,
        "projects": [
            
        ],
        "url": null
    },
    {
        "id": 718,
        "name": "Pivotal Token 9",
        "apiToken": "3901cf4de092d5cbe830d88f977ee565",
        "apiUrl": "https://www.pivotaltracker.com/services/v5/",
        "apiProvider": "PIVOTAL",
        "valid": false,
        "projects": [
            
        ],
        "url": null
    },
    {
        "id": 770,
        "name": "Pivotal Token 35",
        "apiToken": "3901cf4de092d5cbe830d88f977ee565",
        "apiUrl": "https://www.pivotaltracker.com/services/v5/",
        "apiProvider": "PIVOTAL",
        "valid": false,
        "projects": [
            
        ],
        "url": null
    },
    {
        "id": 772,
        "name": "Pivotal Token 36",
        "apiToken": "3901cf4de092d5cbe830d88f977ee565",
        "apiUrl": "https://www.pivotaltracker.com/services/v5/",
        "apiProvider": "PIVOTAL",
        "valid": false,
        "projects": [
            
        ],
        "url": null
    },
    {
        "id": 774,
        "name": "Pivotal Token 37",
        "apiToken": "3901cf4de092d5cbe830d88f977ee565",
        "apiUrl": "https://www.pivotaltracker.com/services/v5/",
        "apiProvider": "PIVOTAL",
        "valid": false,
        "projects": [
            
        ],
        "url": null
    },
    {
        "id": 777,
        "name": "Pivotal Token 38",
        "apiToken": "3901cf4de092d5cbe830d88f977ee565",
        "apiUrl": "https://www.pivotaltracker.com/services/v5/",
        "apiProvider": "PIVOTAL",
        "valid": false,
        "projects": [
            
        ],
        "url": null
    },
    {
        "id": 720,
        "name": "Pivotal Token 10",
        "apiToken": "3901cf4de092d5cbe830d88f977ee565",
        "apiUrl": "https://www.pivotaltracker.com/services/v5/",
        "apiProvider": "PIVOTAL",
        "valid": false,
        "projects": [
            
        ],
        "url": null
    },
    {
        "id": 779,
        "name": "Pivotal Token 39",
        "apiToken": "3901cf4de092d5cbe830d88f977ee565",
        "apiUrl": "https://www.pivotaltracker.com/services/v5/",
        "apiProvider": "PIVOTAL",
        "valid": false,
        "projects": [
            
        ],
        "url": null
    },
    {
        "id": 682,
        "name": "Pivotal Token 5",
        "apiToken": "6c144da54942bc9734c1483ecc2c8b99",
        "apiUrl": "https://www.pivotaltracker.com/services/v5",
        "apiProvider": "PIVOTAL",
        "valid": true,
        "projects": [
            
        ],
        "url": null
    },
    {
        "id": 722,
        "name": "Pivotal Token 11",
        "apiToken": "3901cf4de092d5cbe830d88f977ee565",
        "apiUrl": "https://www.pivotaltracker.com/services/v5/",
        "apiProvider": "PIVOTAL",
        "valid": false,
        "projects": [
            
        ],
        "url": null
    },
    {
        "id": 724,
        "name": "Pivotal Token 12",
        "apiToken": "3901cf4de092d5cbe830d88f977ee565",
        "apiUrl": "https://www.pivotaltracker.com/services/v5/",
        "apiProvider": "PIVOTAL",
        "valid": false,
        "projects": [
            
        ],
        "url": null
    },
    {
        "id": 781,
        "name": "Pivotal Token 40",
        "apiToken": "3901cf4de092d5cbe830d88f977ee565",
        "apiUrl": "https://www.pivotaltracker.com/services/v5/",
        "apiProvider": "PIVOTAL",
        "valid": false,
        "projects": [
            
        ],
        "url": null
    },
    {
        "id": 726,
        "name": "Pivotal Token 13",
        "apiToken": "3901cf4de092d5cbe830d88f977ee565",
        "apiUrl": "https://www.pivotaltracker.com/services/v5/",
        "apiProvider": "PIVOTAL",
        "valid": false,
        "projects": [
            
        ],
        "url": null
    },
    {
        "id": 783,
        "name": "Pivotal Token 41",
        "apiToken": "3901cf4de092d5cbe830d88f977ee565",
        "apiUrl": "https://www.pivotaltracker.com/services/v5/",
        "apiProvider": "PIVOTAL",
        "valid": false,
        "projects": [
            
        ],
        "url": null
    },
    {
        "id": 785,
        "name": "Pivotal Token 42",
        "apiToken": "3901cf4de092d5cbe830d88f977ee565",
        "apiUrl": "https://www.pivotaltracker.com/services/v5/",
        "apiProvider": "PIVOTAL",
        "valid": false,
        "projects": [
            
        ],
        "url": null
    },
    {
        "id": 728,
        "name": "Pivotal Token 14",
        "apiToken": "3901cf4de092d5cbe830d88f977ee565",
        "apiUrl": "https://www.pivotaltracker.com/services/v5/",
        "apiProvider": "PIVOTAL",
        "valid": false,
        "projects": [
            
        ],
        "url": null
    },
    {
        "id": 787,
        "name": "Pivotal Token 43",
        "apiToken": "3901cf4de092d5cbe830d88f977ee565",
        "apiUrl": "https://www.pivotaltracker.com/services/v5/",
        "apiProvider": "PIVOTAL",
        "valid": false,
        "projects": [
            
        ],
        "url": null
    },
    {
        "id": 789,
        "name": "Pivotal Token 44",
        "apiToken": "3901cf4de092d5cbe830d88f977ee565",
        "apiUrl": "https://www.pivotaltracker.com/services/v5/",
        "apiProvider": "PIVOTAL",
        "valid": false,
        "projects": [
            
        ],
        "url": null
    },
    {
        "id": 791,
        "name": "Pivotal Token 45",
        "apiToken": "3901cf4de092d5cbe830d88f977ee565",
        "apiUrl": "https://www.pivotaltracker.com/services/v5/",
        "apiProvider": "PIVOTAL",
        "valid": false,
        "projects": [
            
        ],
        "url": null
    },
    {
        "id": 730,
        "name": "Pivotal Token 15",
        "apiToken": "3901cf4de092d5cbe830d88f977ee565",
        "apiUrl": "https://www.pivotaltracker.com/services/v5/",
        "apiProvider": "PIVOTAL",
        "valid": false,
        "projects": [
            
        ],
        "url": null
    },
    {
        "id": 732,
        "name": "Pivotal Token 16",
        "apiToken": "3901cf4de092d5cbe830d88f977ee565",
        "apiUrl": "https://www.pivotaltracker.com/services/v5/",
        "apiProvider": "PIVOTAL",
        "valid": false,
        "projects": [
            
        ],
        "url": null
    },
    {
        "id": 734,
        "name": "Pivotal Token 17",
        "apiToken": "3901cf4de092d5cbe830d88f977ee565",
        "apiUrl": "https://www.pivotaltracker.com/services/v5/",
        "apiProvider": "PIVOTAL",
        "valid": false,
        "projects": [
            
        ],
        "url": null
    },
    {
        "id": 793,
        "name": "Pivotal Token 46",
        "apiToken": "3901cf4de092d5cbe830d88f977ee565",
        "apiUrl": "https://www.pivotaltracker.com/services/v5/",
        "apiProvider": "PIVOTAL",
        "valid": false,
        "projects": [
            
        ],
        "url": null
    },
    {
        "id": 795,
        "name": "Pivotal Token 47",
        "apiToken": "3901cf4de092d5cbe830d88f977ee565",
        "apiUrl": "https://www.pivotaltracker.com/services/v5/",
        "apiProvider": "PIVOTAL",
        "valid": false,
        "projects": [
            
        ],
        "url": null
    },
    {
        "id": 177,
        "name": "Pivotal Token 6",
        "apiToken": "dfe3d38b2a1065fc25f4960da291bd0b",
        "apiUrl": "https://www.pivotaltracker.com/services/v5",
        "apiProvider": "PIVOTAL",
        "valid": true,
        "projects": [
            "Very QImport Very Very",
            "Это не на фронте точно говорю"
        ],
        "url": null
    },
    {
        "id": 797,
        "name": "Pivotal Token 48",
        "apiToken": "3901cf4de092d5cbe830d88f977ee565",
        "apiUrl": "https://www.pivotaltracker.com/services/v5/",
        "apiProvider": "PIVOTAL",
        "valid": false,
        "projects": [
            
        ],
        "url": null
    },
    {
        "id": 799,
        "name": "Pivotal Token 49",
        "apiToken": "3901cf4de092d5cbe830d88f977ee565",
        "apiUrl": "https://www.pivotaltracker.com/services/v5/",
        "apiProvider": "PIVOTAL",
        "valid": false,
        "projects": [
            
        ],
        "url": null
    },
    {
        "id": 544,
        "name": "Pivotal Token 7",
        "apiToken": "ef04769328da89d58362b0e87458f7bd",
        "apiUrl": "https://www.pivotaltracker.com/services/v5",
        "apiProvider": "PIVOTAL",
        "valid": true,
        "projects": [
            "443",
            "Front"
        ],
        "url": null
    },
    {
        "id": 151,
        "name": "Pivotal Token 8",
        "apiToken": "99214ab4614da3901863517e97d77b42",
        "apiUrl": "https://www.pivotaltracker.com/n/projects",
        "apiProvider": "PIVOTAL",
        "valid": false,
        "projects": [
            
        ],
        "url": null
    },
    {
        "id": 826,
        "name": "Pivotal Token 58",
        "apiToken": "3901cf4de092d5cbe830d88f977ee565",
        "apiUrl": "https://www.pivotaltracker.com/services/v5/",
        "apiProvider": "PIVOTAL",
        "valid": true,
        "projects": [
            
        ],
        "url": null
    },
    {
        "id": 828,
        "name": "Pivotal Token 59",
        "apiToken": "3901cf4de092d5cbe830d88f977ee565",
        "apiUrl": "https://www.pivotaltracker.com/services/v5/",
        "apiProvider": "PIVOTAL",
        "valid": true,
        "projects": [
            "QA"
        ],
        "url": null
    },
    {
        "id": 9,
        "name": "Pivotal Token 59",
        "apiToken": "e731a1dad0de32af0c58c8625b3e9621",
        "apiUrl": "https://www.pivotaltracker.com/services/v5",
        "apiProvider": "PIVOTAL",
        "valid": true,
        "projects": [
            
        ],
        "url": null
    },
    {
        "id": 10,
        "name": "Pivotal Token 60",
        "apiToken": "3901cf4de092d5cbe830d88f977ee565",
        "apiUrl": "https://www.pivotaltracker.com/services/v5/",
        "apiProvider": "PIVOTAL",
        "valid": true,
        "projects": [
            
        ],
        "url": null
    },
    {
        "id": 12,
        "name": "Pivotal Token 61",
        "apiToken": "3901cf4de092d5cbe830d88f977ee565",
        "apiUrl": "https://www.pivotaltracker.com/services/v5/",
        "apiProvider": "PIVOTAL",
        "valid": true,
        "projects": [
            
        ],
        "url": null
    },
    {
        "id": 801,
        "name": "Jira Token 44",
        "apiToken": "alexey.yakovtsov@zenio.co:ZwapUqRrCnWXbzXZKJRQFEC6",
        "apiUrl": "https://zenio.atlassian.net/",
        "apiProvider": "JIRA",
        "valid": true,
        "projects": [
            
        ],
        "url": null
    },
    {
        "id": 737,
        "name": "Jira Token 12",
        "apiToken": "alexey.yakovtsov@zenio.co:ZwapUqRrCnWXbzXZKJRQFEC6",
        "apiUrl": "https://zenio.atlassian.net/",
        "apiProvider": "JIRA",
        "valid": true,
        "projects": [
            
        ],
        "url": null
    },
    {
        "id": 739,
        "name": "Jira Token 13",
        "apiToken": "alexey.yakovtsov@zenio.co:ZwapUqRrCnWXbzXZKJRQFEC6",
        "apiUrl": "https://zenio.atlassian.net/",
        "apiProvider": "JIRA",
        "valid": true,
        "projects": [
            
        ],
        "url": null
    },
    {
        "id": 741,
        "name": "Jira Token 14",
        "apiToken": "alexey.yakovtsov@zenio.co:ZwapUqRrCnWXbzXZKJRQFEC6",
        "apiUrl": "https://zenio.atlassian.net/",
        "apiProvider": "JIRA",
        "valid": true,
        "projects": [
            
        ],
        "url": null
    },
    {
        "id": 743,
        "name": "Jira Token 15",
        "apiToken": "alexey.yakovtsov@zenio.co:ZwapUqRrCnWXbzXZKJRQFEC6",
        "apiUrl": "https://zenio.atlassian.net/",
        "apiProvider": "JIRA",
        "valid": true,
        "projects": [
            
        ],
        "url": null
    },
    {
        "id": 691,
        "name": "Jira Token 1",
        "apiToken": "alexey.yakovtsov@zenio.co:ZwapUqRrCnWXbzXZKJRQFEC6",
        "apiUrl": "https://zenio.atlassian.net/",
        "apiProvider": "JIRA",
        "valid": true,
        "projects": [
            "Zenio Test JIRA",
            "фвар"
        ],
        "url": null
    },
    {
        "id": 745,
        "name": "Jira Token 16",
        "apiToken": "alexey.yakovtsov@zenio.co:ZwapUqRrCnWXbzXZKJRQFEC6",
        "apiUrl": "https://zenio.atlassian.net/",
        "apiProvider": "JIRA",
        "valid": true,
        "projects": [
            
        ],
        "url": null
    },
    {
        "id": 747,
        "name": "Jira Token 17",
        "apiToken": "alexey.yakovtsov@zenio.co:ZwapUqRrCnWXbzXZKJRQFEC6",
        "apiUrl": "https://zenio.atlassian.net/",
        "apiProvider": "JIRA",
        "valid": true,
        "projects": [
            
        ],
        "url": null
    },
    {
        "id": 749,
        "name": "Jira Token 18",
        "apiToken": "alexey.yakovtsov@zenio.co:ZwapUqRrCnWXbzXZKJRQFEC6",
        "apiUrl": "https://zenio.atlassian.net/",
        "apiProvider": "JIRA",
        "valid": true,
        "projects": [
            
        ],
        "url": null
    },
    {
        "id": 751,
        "name": "Jira Token 19",
        "apiToken": "alexey.yakovtsov@zenio.co:ZwapUqRrCnWXbzXZKJRQFEC6",
        "apiUrl": "https://zenio.atlassian.net/",
        "apiProvider": "JIRA",
        "valid": true,
        "projects": [
            
        ],
        "url": null
    },
    {
        "id": 753,
        "name": "Jira Token 20",
        "apiToken": "alexey.yakovtsov@zenio.co:ZwapUqRrCnWXbzXZKJRQFEC6",
        "apiUrl": "https://zenio.atlassian.net/",
        "apiProvider": "JIRA",
        "valid": true,
        "projects": [
            
        ],
        "url": null
    },
    {
        "id": 755,
        "name": "Jira Token 21",
        "apiToken": "alexey.yakovtsov@zenio.co:ZwapUqRrCnWXbzXZKJRQFEC6",
        "apiUrl": "https://zenio.atlassian.net/",
        "apiProvider": "JIRA",
        "valid": true,
        "projects": [
            
        ],
        "url": null
    },
    {
        "id": 804,
        "name": "Jira Token 45",
        "apiToken": "alexey.yakovtsov@zenio.co:ZwapUqRrCnWXbzXZKJRQFEC6",
        "apiUrl": "https://zenio.atlassian.net/",
        "apiProvider": "JIRA",
        "valid": true,
        "projects": [
            
        ],
        "url": null
    },
    {
        "id": 806,
        "name": "Jira Token 46",
        "apiToken": "alexey.yakovtsov@zenio.co:ZwapUqRrCnWXbzXZKJRQFEC6",
        "apiUrl": "https://zenio.atlassian.net/",
        "apiProvider": "JIRA",
        "valid": true,
        "projects": [
            
        ],
        "url": null
    },
    {
        "id": 757,
        "name": "Jira Token 22",
        "apiToken": "alexey.yakovtsov@zenio.co:ZwapUqRrCnWXbzXZKJRQFEC6",
        "apiUrl": "https://zenio.atlassian.net/",
        "apiProvider": "JIRA",
        "valid": true,
        "projects": [
            
        ],
        "url": null
    },
    {
        "id": 809,
        "name": "Jira Token 48",
        "apiToken": "alexey.yakovtsov@zenio.co:ZwapUqRrCnWXbzXZKJRQFEC6",
        "apiUrl": "https://zenio.atlassian.net/",
        "apiProvider": "JIRA",
        "valid": true,
        "projects": [
            
        ],
        "url": null
    },
    {
        "id": 808,
        "name": "Jira Token 47",
        "apiToken": "alexey.yakovtsov@zenio.co:ZwapUqRrCnWXbzXZKJRQFEC6",
        "apiUrl": "https://zenio.atlassian.net/",
        "apiProvider": "JIRA",
        "valid": true,
        "projects": [
            
        ],
        "url": null
    },
    {
        "id": 759,
        "name": "Jira Token 23",
        "apiToken": "alexey.yakovtsov@zenio.co:ZwapUqRrCnWXbzXZKJRQFEC6",
        "apiUrl": "https://zenio.atlassian.net/",
        "apiProvider": "JIRA",
        "valid": true,
        "projects": [
            
        ],
        "url": null
    },
    {
        "id": 811,
        "name": "Jira Token 49",
        "apiToken": "alexey.yakovtsov@zenio.co:ZwapUqRrCnWXbzXZKJRQFEC6",
        "apiUrl": "https://zenio.atlassian.net/",
        "apiProvider": "JIRA",
        "valid": true,
        "projects": [
            
        ],
        "url": null
    },
    {
        "id": 761,
        "name": "Jira Token 24",
        "apiToken": "alexey.yakovtsov@zenio.co:ZwapUqRrCnWXbzXZKJRQFEC6",
        "apiUrl": "https://zenio.atlassian.net/",
        "apiProvider": "JIRA",
        "valid": true,
        "projects": [
            
        ],
        "url": null
    },
    {
        "id": 763,
        "name": "Jira Token 25",
        "apiToken": "alexey.yakovtsov@zenio.co:ZwapUqRrCnWXbzXZKJRQFEC6",
        "apiUrl": "https://zenio.atlassian.net/",
        "apiProvider": "JIRA",
        "valid": true,
        "projects": [
            
        ],
        "url": null
    },
    {
        "id": 813,
        "name": "Jira Token 50",
        "apiToken": "alexey.yakovtsov@zenio.co:ZwapUqRrCnWXbzXZKJRQFEC6",
        "apiUrl": "https://zenio.atlassian.net/",
        "apiProvider": "JIRA",
        "valid": true,
        "projects": [
            
        ],
        "url": null
    },
    {
        "id": 765,
        "name": "Jira Token 26",
        "apiToken": "alexey.yakovtsov@zenio.co:ZwapUqRrCnWXbzXZKJRQFEC6",
        "apiUrl": "https://zenio.atlassian.net/",
        "apiProvider": "JIRA",
        "valid": true,
        "projects": [
            
        ],
        "url": null
    },
    {
        "id": 815,
        "name": "Jira Token 51",
        "apiToken": "alexey.yakovtsov@zenio.co:ZwapUqRrCnWXbzXZKJRQFEC6",
        "apiUrl": "https://zenio.atlassian.net/",
        "apiProvider": "JIRA",
        "valid": true,
        "projects": [
            
        ],
        "url": null
    },
    {
        "id": 767,
        "name": "Jira Token 27",
        "apiToken": "alexey.yakovtsov@zenio.co:ZwapUqRrCnWXbzXZKJRQFEC6",
        "apiUrl": "https://zenio.atlassian.net/",
        "apiProvider": "JIRA",
        "valid": true,
        "projects": [
            
        ],
        "url": null
    },
    {
        "id": 818,
        "name": "Jira Token 52",
        "apiToken": "alexey.yakovtsov@zenio.co:ZwapUqRrCnWXbzXZKJRQFEC6",
        "apiUrl": "https://zenio.atlassian.net/",
        "apiProvider": "JIRA",
        "valid": true,
        "projects": [
            
        ],
        "url": null
    },
    {
        "id": 769,
        "name": "Jira Token 28",
        "apiToken": "alexey.yakovtsov@zenio.co:ZwapUqRrCnWXbzXZKJRQFEC6",
        "apiUrl": "https://zenio.atlassian.net/",
        "apiProvider": "JIRA",
        "valid": true,
        "projects": [
            
        ],
        "url": null
    },
    {
        "id": 771,
        "name": "Jira Token 29",
        "apiToken": "alexey.yakovtsov@zenio.co:ZwapUqRrCnWXbzXZKJRQFEC6",
        "apiUrl": "https://zenio.atlassian.net/",
        "apiProvider": "JIRA",
        "valid": true,
        "projects": [
            
        ],
        "url": null
    },
    {
        "id": 773,
        "name": "Jira Token 30",
        "apiToken": "alexey.yakovtsov@zenio.co:ZwapUqRrCnWXbzXZKJRQFEC6",
        "apiUrl": "https://zenio.atlassian.net/",
        "apiProvider": "JIRA",
        "valid": true,
        "projects": [
            
        ],
        "url": null
    },
    {
        "id": 775,
        "name": "Jira Token 31",
        "apiToken": "alexey.yakovtsov@zenio.co:ZwapUqRrCnWXbzXZKJRQFEC6",
        "apiUrl": "https://zenio.atlassian.net/",
        "apiProvider": "JIRA",
        "valid": true,
        "projects": [
            
        ],
        "url": null
    },
    {
        "id": 776,
        "name": "Jira Token 32",
        "apiToken": "alexey.yakovtsov@zenio.co:ZwapUqRrCnWXbzXZKJRQFEC6",
        "apiUrl": "https://zenio.atlassian.net/",
        "apiProvider": "JIRA",
        "valid": true,
        "projects": [
            
        ],
        "url": null
    },
    {
        "id": 778,
        "name": "Jira Token 33",
        "apiToken": "alexey.yakovtsov@zenio.co:ZwapUqRrCnWXbzXZKJRQFEC6",
        "apiUrl": "https://zenio.atlassian.net/",
        "apiProvider": "JIRA",
        "valid": true,
        "projects": [
            
        ],
        "url": null
    },
    {
        "id": 719,
        "name": "Jira Token 3",
        "apiToken": "alexey.yakovtsov@zenio.co:ZwapUqRrCnWXbzXZKJRQFEC6",
        "apiUrl": "https://zenio.atlassian.net/",
        "apiProvider": "JIRA",
        "valid": true,
        "projects": [
            
        ],
        "url": null
    },
    {
        "id": 721,
        "name": "Jira Token 4",
        "apiToken": "alexey.yakovtsov@zenio.co:ZwapUqRrCnWXbzXZKJRQFEC6",
        "apiUrl": "https://zenio.atlassian.net/",
        "apiProvider": "JIRA",
        "valid": true,
        "projects": [
            
        ],
        "url": null
    },
    {
        "id": 780,
        "name": "Jira Token 34",
        "apiToken": "alexey.yakovtsov@zenio.co:ZwapUqRrCnWXbzXZKJRQFEC6",
        "apiUrl": "https://zenio.atlassian.net/",
        "apiProvider": "JIRA",
        "valid": true,
        "projects": [
            
        ],
        "url": null
    },
    {
        "id": 723,
        "name": "Jira Token 5",
        "apiToken": "alexey.yakovtsov@zenio.co:ZwapUqRrCnWXbzXZKJRQFEC6",
        "apiUrl": "https://zenio.atlassian.net/",
        "apiProvider": "JIRA",
        "valid": true,
        "projects": [
            
        ],
        "url": null
    },
    {
        "id": 725,
        "name": "Jira Token 6",
        "apiToken": "alexey.yakovtsov@zenio.co:ZwapUqRrCnWXbzXZKJRQFEC6",
        "apiUrl": "https://zenio.atlassian.net/",
        "apiProvider": "JIRA",
        "valid": true,
        "projects": [
            
        ],
        "url": null
    },
    {
        "id": 782,
        "name": "Jira Token 35",
        "apiToken": "alexey.yakovtsov@zenio.co:ZwapUqRrCnWXbzXZKJRQFEC6",
        "apiUrl": "https://zenio.atlassian.net/",
        "apiProvider": "JIRA",
        "valid": true,
        "projects": [
            
        ],
        "url": null
    },
    {
        "id": 727,
        "name": "Jira Token 7",
        "apiToken": "alexey.yakovtsov@zenio.co:ZwapUqRrCnWXbzXZKJRQFEC6",
        "apiUrl": "https://zenio.atlassian.net/",
        "apiProvider": "JIRA",
        "valid": true,
        "projects": [
            
        ],
        "url": null
    },
    {
        "id": 784,
        "name": "Jira Token 36",
        "apiToken": "alexey.yakovtsov@zenio.co:ZwapUqRrCnWXbzXZKJRQFEC6",
        "apiUrl": "https://zenio.atlassian.net/",
        "apiProvider": "JIRA",
        "valid": true,
        "projects": [
            
        ],
        "url": null
    },
    {
        "id": 786,
        "name": "Jira Token 37",
        "apiToken": "alexey.yakovtsov@zenio.co:ZwapUqRrCnWXbzXZKJRQFEC6",
        "apiUrl": "https://zenio.atlassian.net/",
        "apiProvider": "JIRA",
        "valid": true,
        "projects": [
            
        ],
        "url": null
    },
    {
        "id": 729,
        "name": "Jira Token 8",
        "apiToken": "alexey.yakovtsov@zenio.co:ZwapUqRrCnWXbzXZKJRQFEC6",
        "apiUrl": "https://zenio.atlassian.net/",
        "apiProvider": "JIRA",
        "valid": true,
        "projects": [
            
        ],
        "url": null
    },
    {
        "id": 788,
        "name": "Jira Token 38",
        "apiToken": "alexey.yakovtsov@zenio.co:ZwapUqRrCnWXbzXZKJRQFEC6",
        "apiUrl": "https://zenio.atlassian.net/",
        "apiProvider": "JIRA",
        "valid": true,
        "projects": [
            
        ],
        "url": null
    },
    {
        "id": 790,
        "name": "Jira Token 39",
        "apiToken": "alexey.yakovtsov@zenio.co:ZwapUqRrCnWXbzXZKJRQFEC6",
        "apiUrl": "https://zenio.atlassian.net/",
        "apiProvider": "JIRA",
        "valid": true,
        "projects": [
            
        ],
        "url": null
    },
    {
        "id": 792,
        "name": "Jira Token 40",
        "apiToken": "alexey.yakovtsov@zenio.co:ZwapUqRrCnWXbzXZKJRQFEC6",
        "apiUrl": "https://zenio.atlassian.net/",
        "apiProvider": "JIRA",
        "valid": true,
        "projects": [
            
        ],
        "url": null
    },
    {
        "id": 794,
        "name": "Jira Token 41",
        "apiToken": "alexey.yakovtsov@zenio.co:ZwapUqRrCnWXbzXZKJRQFEC6",
        "apiUrl": "https://zenio.atlassian.net/",
        "apiProvider": "JIRA",
        "valid": true,
        "projects": [
            
        ],
        "url": null
    },
    {
        "id": 731,
        "name": "Jira Token 9",
        "apiToken": "alexey.yakovtsov@zenio.co:ZwapUqRrCnWXbzXZKJRQFEC6",
        "apiUrl": "https://zenio.atlassian.net/",
        "apiProvider": "JIRA",
        "valid": true,
        "projects": [
            
        ],
        "url": null
    },
    {
        "id": 733,
        "name": "Jira Token 10",
        "apiToken": "alexey.yakovtsov@zenio.co:ZwapUqRrCnWXbzXZKJRQFEC6",
        "apiUrl": "https://zenio.atlassian.net/",
        "apiProvider": "JIRA",
        "valid": true,
        "projects": [
            
        ],
        "url": null
    },
    {
        "id": 735,
        "name": "Jira Token 11",
        "apiToken": "alexey.yakovtsov@zenio.co:ZwapUqRrCnWXbzXZKJRQFEC6",
        "apiUrl": "https://zenio.atlassian.net/",
        "apiProvider": "JIRA",
        "valid": true,
        "projects": [
            
        ],
        "url": null
    },
    {
        "id": 796,
        "name": "Jira Token 42",
        "apiToken": "alexey.yakovtsov@zenio.co:ZwapUqRrCnWXbzXZKJRQFEC6",
        "apiUrl": "https://zenio.atlassian.net/",
        "apiProvider": "JIRA",
        "valid": true,
        "projects": [
            
        ],
        "url": null
    },
    {
        "id": 798,
        "name": "Jira Token 43",
        "apiToken": "alexey.yakovtsov@zenio.co:ZwapUqRrCnWXbzXZKJRQFEC6",
        "apiUrl": "https://zenio.atlassian.net/",
        "apiProvider": "JIRA",
        "valid": true,
        "projects": [
            
        ],
        "url": null
    },
    {
        "id": 639,
        "name": "Jira Token 2",
        "apiToken": "nikita@zenio.co:iZp8hQROQB1T8Gcn3YFZC262",
        "apiUrl": "https://test-project-1.atlassian.net",
        "apiProvider": "JIRA",
        "valid": true,
        "projects": [
            
        ],
        "url": null
    },
    {
        "id": 827,
        "name": "Jira Token 53",
        "apiToken": "alexey.yakovtsov@zenio.co:ZwapUqRrCnWXbzXZKJRQFEC6",
        "apiUrl": "https://zenio.atlassian.net/",
        "apiProvider": "JIRA",
        "valid": true,
        "projects": [
            
        ],
        "url": null
    },
    {
        "id": 829,
        "name": "Jira Token 54",
        "apiToken": "alexey.yakovtsov@zenio.co:ZwapUqRrCnWXbzXZKJRQFEC6",
        "apiUrl": "https://zenio.atlassian.net/",
        "apiProvider": "JIRA",
        "valid": true,
        "projects": [
            
        ],
        "url": null
    },
    {
        "id": 11,
        "name": "Jira Token 54",
        "apiToken": "alexey.yakovtsov@zenio.co:ZwapUqRrCnWXbzXZKJRQFEC6",
        "apiUrl": "https://zenio.atlassian.net/",
        "apiProvider": "JIRA",
        "valid": true,
        "projects": [
            
        ],
        "url": null
    }
]
Request method:	GET
Request URI:	https://dev.zenio.co/api/integrations
Proxy:			<none>
Request params:	<none>
Query params:	<none>
Form params:	<none>
Path params:	<none>
Headers:		Accept=application/json, application/javascript, text/javascript, text/json
				Content-Type=application/json; charset=UTF-8
Cookies:		<none>
Multiparts:		<none>
Body:			<none>
HTTP/1.1 401 
Date: Fri, 29 Nov 2019 12:36:24 GMT
Content-Length: 0
Connection: keep-alive
Set-Cookie: AWSALB=IDOELqJucqgq680Ugj0/aKrwXoAqfGWYtgEGGr6lIsUArR1Y6hAuR5IPWgYOCKfliQLLZ3gyNV3R39KmopgMl2Lvz9CaSqx0TJrwN6Ed3YdPgyaATrGNItBJtdBb; Expires=Fri, 06 Dec 2019 12:36:24 GMT; Path=/
X-Content-Type-Options: nosniff
X-XSS-Protection: 1; mode=block
Cache-Control: no-cache, no-store, max-age=0, must-revalidate
Pragma: no-cache
Expires: 0
Strict-Transport-Security: max-age=31536000 ; includeSubDomains
X-Frame-Options: SAMEORIGIN
Request method:	GET
Request URI:	https://dev.zenio.co/api/api/integrationss
Proxy:			<none>
Request params:	<none>
Query params:	<none>
Form params:	<none>
Path params:	<none>
Headers:		Accept=application/json, application/javascript, text/javascript, text/json
				Content-Type=application/json; charset=UTF-8
Cookies:		AWSALB=ToAUQ3Myv+BcZ+XqvKH1gGkSD1455HZ43RhyvIBnzpHlBnkNys1nZY0zvEqVwTMVxEWfcr/Pn8RdrID/n0d+MsJLNt1tk1S/FUknwm0ow8r/ch/uzOzP2Wwu0g2s;Path=/;Expires=12/6/19, 12:36 PM
				JSESSIONID=AFF20FD4CD6A381C1C49D2B792926265;Path=/;Secure;HttpOnly
Multiparts:		<none>
Body:			<none>
HTTP/1.1 404 
Date: Fri, 29 Nov 2019 12:36:25 GMT
Content-Type: text/html;charset=UTF-8
Transfer-Encoding: chunked
Connection: keep-alive
Set-Cookie: AWSALB=v0aPN1ghCUYJe9ksEFiND0Nc5fkaPB+PRMJBshkz8g9Ov92nRCKqa6wqnVrx1SheOBWEo8/xJoncOE+QbVIqupLkKsVOs9ZpyZjoRFTr24EvvINlGa9DBZtex5nC; Expires=Fri, 06 Dec 2019 12:36:25 GMT; Path=/
X-Content-Type-Options: nosniff
X-XSS-Protection: 1; mode=block
Cache-Control: no-cache, no-store, max-age=0, must-revalidate
Pragma: no-cache
Expires: 0
Strict-Transport-Security: max-age=31536000 ; includeSubDomains
X-Frame-Options: SAMEORIGIN
Content-Language: en-US

<html lang="en">
  <head>
    <meta charset="UTF-8"/>
    <title/>
    <link rel="shortcut icon" type="image/x-icon" href="data:image/png;base64,iVBORw0KGgoAAAANSUhEUgAAAEAAAABACAYAAACqaXHeAAAACXBIWXMAAAsTAAALEwEAmpwYAAAAAXNSR0IArs4c6QAAAARnQU1BAACxjwv8YQUAABHVSURBVHgBfVtbr11VFf7G2vvc6F2uBrSFVqwxSIMSCii0aHwwGoohaBC1McHwpjz74k+QBxGjIRhUYjSCGhONYgUUEAng5YEilKKS3sDSUtrTnrPXcF7Gba59YJd91tprzcu4fOMbY861oA9deRsjfcqf9KH0r56kIzOno1yANKu/yS8wyU+iLv3OV9K/MlAdjcs9sg7WtR0qzs/Sh5IIdfx0qr9rH2r6pCnL/XxCXfe31Oy5dOuRZx6/5z68w4cuqwbQwU3EPGPUEq4A+9zBOsVgYpDQMxnFhKYoN7uS2dDlWE5tQoTBESWpv9mdUYeQY5lfOlFu/0q6ctczT3znW3hbA9SxGK03uEvC99UDGCDBBCOXqgqoXqsaicNNWFWA7WbVuwge7CHGy2NBERAkU4TJL7jG1cwUgGbi7e977HzuyXv2Rw06MV3tLMpSgbUhQvTkoPbKH65jGHTdMNUc5Z5qIGgBa0uxEFfdZH5TXmVhZp4WQOYM9rEztvONXYc9V15z+7bWAKIct/FOOoi7kSQyRQhV2VUPLRSkfXFsoBMK5lBnURSbTOxAFmkcauarQe9TGTdAzSpGjgLmSTdNMP7Dtu13bHIDMCzkonKGLzf9tOvFf0E2WsE50oSDeKxn/nVsxOmb4SQcJF54OFMIJAwYl4vF+77gbsNoRA+6AeLc9bx6X0KW4BhpB9XWYrgoUkS/ecSkJNebpy01sIDGkLWtUI8ZIVhSwoDVG5WI2AGuTt52xTV3fLO0uewjtyrvsjO/8ZWmOFa2qnDUwAj0a9qS5AMhLm4UQSRO76Oz0pTmUD7Kac4mxRBrgWSVg6RvTY2GDzI6ojf62bmLO5dA7MMIkQwlFqoRxciZgZWHmYfZgYQPyAIf8jUXsqmncLYhIonUTCI9WGVwjZk5yimCl2E1WjW1Sz+mJqT69aPTJ3d0DfGwaE+YDjKzYm9hEQRp2prewnVAJDsLF+N+I3ZW8qypgFPQQrJTFKSiwZwDTxFu5BAKbE2qT7hyQTrvuhs7pUyKxGNEMhWjGrseksGZMCXIjMMuACsY4MI56EmIPeJbo4msQrIsAqzIyYFQPVhUL6UMqijhZMEdXSMEBiErrMth0tje6NxThvyxlKDe9+GbYRhaWEYnNxnIuS/KpbKyk4fIWFEqRtf0aSxpPJfbJiCs6xCtZ2r4vApWR5eLZYzJ2qsyECv1c4OXhqHjZxA/FiAeajq/jyhwIvc6GvYPVCNHLZY8m6VWGzqdkgyJEreWYTh6uEpFQoqalgW65PFaSmgMHKWSNlVda4ImQBreZLSKMrdDYEBaFK9WDKt+sbQZSzxAcz+5h3R14VQcwHzwxi/QyQs3ylw1frue0pczttBN0qIs2ytxZjpHZlua9FSPyO1qWy7WSuflSPl6Ocr11L/eS+R75vwFWtowlzIR0ejESYyf/D26f++1lYxHF4eVBTl6WMkBtv4as3XXmDQTUgNX0lq9tjx54Sa8tXmrj5g+RdEk9Ggi55M+ff16vZbuyznJeT2itOdJNQbKsS8GSHbF8cvXYbJmBqOl5LX05eXUZss2jB/9FXV/+qV7hz06NZs4JhgNX+e07r/QMBHD1inG3r2tl0NUABE1at8Q6xHUXq6IRFZhMw9GFXrpE0Zfv2o9Fs+eKYHESeJ+lI9Jnnx+7WfAF21V2qnCkg0R1ggubpWjWqZjuyhxwpq0LTtRyEpNLrfFbiwg4SixD8FSAofZhE8sQr3Ok6ib6XDk6nU4s35cLmWFWb59R3aOy64ezmbpmqhBcq0BJSXmq2MKeVikV6cEu7WkJRUIKb6MZhoWivJMpzixIoY/SeivnyG8dvVaTFaNMFoOilOuRuPvXNOdnTxZ4U6VhzUOqK3UVW4WSzOPJUlZIe07EtX3jhnR2Mix1aEpElrzDTm9UVjHj1bn2Q6Hr12D5aI8FyVJx+0qErIR8vVuhEEZBkJr5yEeRcoqTc0CXrdSbCLCsytpq60mIyAqwEN/xxVqb1TTDaaRNIo+K/+x1VhePSoEylnTFKgO/dSuCYXU6Z+PGwEyRc11BRjc5M4tFzoRraXGwblVdDAHl+VWuTgFAfeoiqEkpwQZIRm5cpKUP3DDapzeMKoKkitpv+Xbyz0c+g9Gf/8zpACb/jCairL6wn+P3UMB7KIBDQbVjZZiSC07MYhy0Y2Miswkxrx5QWVYlfb9XIdD15+F5bWjUiekJlVpdkPE72xKkxc/sw+Hf32XoK5nqcM4rGtJyheKOSYgAPTBK27p0SwupsLFyaUwaB2MF1ZjsrAginSurBw6sqLQC0UNNCsu69+50QKu27obq9a8q+GC0t4QosxbZZ8c+S9+u/e7ODNZDDFOvoFa2Q+NB8JWggb9GDTcWkYM4mp/Js2vBhE69Ra69FVgS/0tUjYBEXdLoIbs6nY5ZmcW8MlLb8OGpTXA/5ZMjhU/ItvRUwfwuxe+l5WfbqHIG3CU8VeRooNu245d1daDAqU4sQRG3PZHyx+a3YvB6hKbOh/ajCzTz47n6ROX3o51CxdouZr27VpnmNGEQ95YzMp/n5cmi2TPXox41a9W/sJqCkOv7z/khmNYdQfFp2lp5b9gWa3o6CJTW3mFYEEHbYpoU/k5M5qnjyfl189fYJww5YvWJ8XzD79wL5b6RbOwURhghZpyVRVaokL5QHeZiixdQUCTAQTD2qnJq2Yrg0ZcjIbAUnSQlKKkyaM2S8rjhku/gnXz56eSfwIvp9r4Q7ield/z4n1YmpxS8dQTLibHlNvWP04lVQctksaDuSjY3oVuPwN+p7hjG1u1aUlmHifld27ZTVn5PiufUxrcC4En7MIbiwex518/SMovspAp++LUMhO5CSvcRRN29nWjae2jaZCJG8YMlmMjORMsIEEKZylBwhw2mnmesud3vm831i6cV5UHTcE8f3o4Ux87dRCPvHh/9nx5zlhb1lCysjci0nBu5R1FB2CwIzVWL0alER4skGYibuosT/sknAt4J7DPJKlwZjyP67d8mbLyDCeIFdFP5SFGUv4wHn3p/kJ4UDMj0BrBGZLCPmJkcIeKr8bIg85DAO5V39R0gYoWUmTU/bS+lANxhehhRI01Z8ZzdN2WL2Lt/LnF8zZdbtYH5QMMsvKPvfhDXupPWw0COC1plkFTgJA7RAsiyxIcTn2isXWumLPG7YiSu8ifDzRmE0uzPZl2q82M5vDRzbcV5Tlry4253SnWjXDs5CE89tKPeHlyWvKJ51UdOucz3aGL1mcpAbhyQgpt2Qdlg2oQse4INY9STBuESCB5DEW6YKpik8BSqifxVFUsb1fOpArv2i23pphPni/Ke0GqMdNbaFYBs+cf3/cAqvJ1Gm6SUgW4XWgWFnIg8zbFFG3zBAeNNdHrErcyqPGCIU3XBQZAn1Jj0zJvvj6b8vw1mz+PNXPnpHietFHhOdwvpQvHi/I/MbavkLIXLDS5uapqNbkr7F9+mDCaJRHSl8IOdTlcFxyGffKBpbyVfA7PLLUoihEYcJhhT9sv+RxWz59TYQ8MVoddU3bnW28uHsET+35alK8KyB6+Am9Q29fI7FlrLtudyuOzvE4DbvO+WR9mnLHXtvZkxpClmja1ue4o5eEqgZFOUCyaYn775luwZuFsyfOEUAuLHuxbCul4fPE1/OXln+HM8mJLqvACR5Gm4+h5WP2BQkILdYTVCMF6ptPYQR9gBk9kspRmioKotYR3EkopvwuR8/z2zTfTmvkM+15k9zyXMd1zYIGi/BE8te/nnMvbuMggRQHZXCHWWZONlQZh/2+QVAX4wo5WO9SsFkphC3otoeGEJfwAQpSDPPRqbX/V5puxau7sUt6aFYNG5hQ5Ztg//fKDCfZnVAY2rwsEjXvjWD4e53XEoIzR5s22vlGcXKeuhCGPg7/dZAqbHGOSHoXYlQi5C3Q67mZx5SU34ay5DZ7qyPkGbYIR5V/D0/sfqqmuEbN6qOliy4kwlmcP26bjmL5E265mGiuG5NGWhgC1y2HjPt/FsNK5TqcrPWPm7PkPX7wL7zk3P6k4aErm+XqZl0Oqy+eLZ05g7+u/wXmrl9yzRTyjUkW+ZqDQSMOT7MLxUyM+sTiiUBFb65ozV+SVEjJjTN2BLeqsRACczMKaYe2qZdz52dP49FV3YmF0Asg2yOjPx7xpN5Hfuc9EELmczk9lverWbgnyDMc8fjrmc72uv/Uceuza30+/tIq+evd7zdDwdW8QncPbIlXBfBoNoDETX5qkYEltZEi59xvPYutFbwJLonTeGevl6BMZeLIRcFIg1npSwj7AHY0z3aXevGYVmDjeLEJGBm1QILky3+5YeT70b7INNOrDCi/93LXzALZuPiHewApHkbI85ZSU+aYEZptWVdJQegQlhxYwJ2N6JWkbFmwljbI/G6P60LllR0MOlduWapvUqzhg3HjDIVGUg+KqfCfKC1QT7PloD6mJzAnth+26elevB8c3xmq6ihvrFrgmdhmz11dqGHHhUUQcCtAak5u7ROTFmylMA0OgelyNspSmPbKMsN/QlO+efSwbVxnZQyR4WEDAjUVILEQqIg3eGrVCiKS4ZE0cRezpjxQ/Ghu6wlJw5QuvHpkFRqLwqBsYo0pTlD+wDB1sehpWwV1YxNALbdVGDe7Z7KLE7SHVdLbYa1eQggCrNG3AChkv/QNTSI3wi4cvEOWp9b48ysKZ1PCVJYN9XMM0MR6kpGmgB/JFG75t06Yt3HOBYLwXexvuPNA5ZFkdx+1uvSVB//Uf63H3Axtd6YIGrt+3ktb7lkIB3rzkBR+mDTVudYLWABoG7KJMc0D45bANq6fajhWOGgZjWFBDn5v74oIsXxVs9UaIdX/g2z/eSE8lQ3zpU6+mZW/y9unU4EhK/IcnkqPJc3dZ03ftdfmyKAnN+dYnn2od8Db9U7u9r85pbSNZkdwUyt7ZmJ28gd7pa7bp6ge27erDfogpL0sK24STnW3bagp+sAkZaBncsD6ISEEVRap3R1WslDdSPSx8KFLy8N0qHY/IuRO+K1JdSM3msI5ZTMphdEulZKI6TQuOVXkK+bRdMqNNIJp+2TcpLC3VpiHnCYsPSNM4gHUxH8zSRLiOA3n4xQO/MOQ1/iJ0fnB11LuxZFSIp63jgK/YKQMhvOuYPLBA0B2y0hnGsQlJiH+qAqH+sFCt43HAKangChnNKESDsTSdlw3TTGHHPJ2YkBBkeAIRPzGs2jJwRdOE8Aga2tadKMrGqrpY8fECmigueRSGzeaGcaUZF26E0rYPjOfJwQyaDfCIjRMDpFHL/qELBMmeT9jlwwAu1Wu9UChNFe6gmGR8xlDN2e5ZoKQ6mJMf+1iSXRoIkh6o1S4b4CHt0khWo4EkQkljqg+5NgiuPnBkiOL6n+3YhwomxobdcFKLWTT0Yh9bKqCwP2koglR/ZPsA0ep1onyjSwnkj+nu0dLIiuVgOlPWbC4CKKo8t1Joy2ZAFSJ4hjwta0pdQUgOacwnd0qI7/0GBABujFhlmN66uCgGGh08+PziOe/eupDuXC8hQMZogY6ETMIDQDiZqLnChoalTplU2wYIs/YhcoZQnDTLV7/IIWQQ0l6ICU2RmicdaTaVc7CvUFI98Gxqc7nEttQD3OzLuzydSWRHI1uY8Uhh6MRsmaVObnkmOM7bR8cFHW27Q+UMxRsbSMUBLd0Efi3v8NT3rHSGm9IYxwZzhv9V1UnSa8Ioor5K63AeNqJm15ccJUbSlv3gsT7lYApXSXeDPd9LX7Yo8PB0rrKaxgzw/HMP7U9G2ZEu7ydq+MAgzhxID+GOKeX3SNJStQ0PQWTu9jEZschhGyTuCZqdjFDAxh3kqnt2qEEtD0nAA47GNNa2btu1KR32pBsb2QA1TI9DyAZI+yf0Du806MRE1JTMdsemY3BAzbC8Brhd7NBwGP3/imwvkKh5n4BbxQaf92/b9fUEj6+l001RGcR4VMF4OJLzYpOeorRNpJMf3Ai1hG45KbQNE4ppowOy4rlm6Vn3A5s6kdrYeodPQsTu1GhHOr28fAeriWrVOiQ1msRWqM6QpTQo0kHgLs965t1gdUcOnADDCAgDKRpD0kF0hi2k/g96rc7pxgAzoAAAAABJRU5ErkJggg=="/>
    <script src="https://js.stripe.com/v3/"/>
  </head>
  <body>
    <div class="start-preloader">
      <style>
      html {
        font-size: 10px;
      }

      @keyframes pulse {
        from {
          opacity: 0.9;
          box-shadow: 0 0 48px #427DD6;
        }
        16% {
          opacity: 0.1;
          box-shadow: 0 0 48px #427DD6;
        }
        16.6% {
          box-shadow: 0 0 48px #6E55D9;
        }
        32.6% {
          opacity: 0.9;
          box-shadow: 0 0 48px #6E55D9;
        }
        48.6% {
          opacity: 0.1;
          box-shadow: 0 0 48px #6E55D9;
        }
        49.2% {
          box-shadow: 0 0 48px #F4B923;
        }

        65.2% {
          opacity: 0.9;
          box-shadow: 0 0 48px #F4B923;
        }
        81.2% {
          opacity: 0.1;
          box-shadow: 0 0 48px #F4B923;
        }
        81.8% {
          box-shadow: 0 0 48px #427DD6;
        }
        to {
          opacity: 0.9;
          box-shadow: 0 0 48px #427DD6;
        }
      }

      .start-preloader {
        position: fixed;
        left: 0;
        top: 0;
        width: 100%;
        height: 100vh;
        background: #FFFFFF;
        z-index: 1000000000000000000000000;
      }

      .logo {
        width: 23rem;
        height: 23rem;
        position: absolute;
        left: 50%;
        top: 50%;
        transform: translate(-50%, -50%) scale(0.5);
        border-radius: 0 4.5rem 0 4.5rem;
        background: linear-gradient(45deg, rgba(40, 47, 78, 1) 0%, rgba(51, 59, 106, 1) 100%);
      }

      .logo:before {
        content: '';
        position: absolute;
        left: 0;
        top: 0;
        width: 100%;
        height: 100%;
        border-radius: 0 4.5rem 0 4.5rem;
        animation: pulse infinite 5.8s linear;
      }

      .z {
        width: 12.8rem;
        height: 12.8rem;
        position: absolute;
        left: 50%;
        top: 50%;
        transform: translate(-50%, -50%);
      }

      .blue-rect {
        width: 12.8rem;
        height: 3.2rem;
        position: absolute;
        left: 0;
        top: 0;
        border-radius: 0 1.6rem 1.6rem 0;
        overflow: hidden;
        z-index: 2;
        background: linear-gradient(to right, rgba(0, 194, 255, 1) 0%, rgba(0, 194, 255, 1) 16%, rgba(60, 114, 225, 1) 78%, rgba(60, 114, 225, 1) 100%);
      }

      .blue-drop {
        width: 10rem;
        height: 3.2rem;
        position: absolute;
        right: -10px;
        top: 24px;
        transform: rotate(-45deg);
        border-radius: 0 1.6rem 1.6rem 0;
        background: linear-gradient(to right, rgba(3, 236, 255, 1) 0%, rgba(3, 236, 255, 1) 42%, rgba(3, 236, 255, 1) 54%, rgba(47, 172, 254, 1) 100%);
      }

      .violet-rect {
        width: 138px;
        height: 3.2rem;
        position: absolute;
        right: -5px;
        top: 48px;
        transform: rotate(-45deg);
        background: linear-gradient(45deg, rgba(96, 89, 173, 1) 0%, rgba(157, 112, 255, 1) 100%);
      }

      .orange-drop {
        width: 5.5rem;
        height: 3.2rem;
        position: absolute;
        left: -4px;
        bottom: 8px;
        transform: rotate(-45deg);
        border-radius: 1.6rem 0 0 1.6rem;
        background: linear-gradient(to right, rgba(255, 232, 23, 1) 0%, rgba(254, 175, 23, 1) 100%);
      }

      .orange-rect {
        width: 12.8rem;
        height: 3.2rem;
        position: absolute;
        right: 0;
        bottom: 0;
        border-radius: 1.6rem 0 0 1.6rem;
        overflow: hidden;
        z-index: 2;
        background: linear-gradient(to right, rgba(253, 197, 55, 1) 0%, rgba(255, 138, 0, 1) 100%);
      }
    </style>
      <div class="logo">
        <div class="z">
          <div class="blue-rect">
            <div class="blue-drop"/>
          </div>
          <div class="violet-rect"/>
          <div class="orange-rect">
            <div class="orange-drop"/>
          </div>
        </div>
      </div>
    </div>
    <div id="root"/>
    <div id="popup-root"/>
    <div id="split-text-container"/>
    <div id="dnd-container"/>
    <script type="text/javascript" src="/runtime.49eebb4d0e7b7c14b71c.bundle.js"/>
    <script type="text/javascript" src="/vendor.49eebb4d0e7b7c14b71c.bundle.js"/>
    <script type="text/javascript" src="/main.49eebb4d0e7b7c14b71c.bundle.js"/>
  </body>
</html>
]]></system-out>
  <system-err><![CDATA[]]></system-err>
</testsuite>
