<?xml version="1.0" encoding="UTF-8"?>
<testsuite name="user_controller.TestGetAllUsers" tests="3" skipped="0" failures="0" errors="0" timestamp="2019-10-17T11:48:20" hostname="zenio" time="3.395">
  <properties/>
  <testcase name="getAllUsers_status_200" classname="user_controller.TestGetAllUsers" time="1.568"/>
  <testcase name="getAllUsers_status_401" classname="user_controller.TestGetAllUsers" time="0.705"/>
  <testcase name="getAllUsers_status_404" classname="user_controller.TestGetAllUsers" time="1.119"/>
  <system-out><![CDATA[Request method:	GET
Request URI:	https://dev.zenio.co/api/users
Proxy:			<none>
Request params:	<none>
Query params:	<none>
Form params:	<none>
Path params:	<none>
Headers:		Accept=application/json, application/javascript, text/javascript, text/json
				Content-Type=application/json; charset=UTF-8
Cookies:		JSESSIONID=C4BB125B2D18ECA0FD5727519B08CD3D;Path=/;Secure;HttpOnly
Multiparts:		<none>
Body:			<none>
HTTP/1.1 200 
Server: nginx/1.17.4
Date: Thu, 17 Oct 2019 11:48:21 GMT
Content-Type: application/json;charset=UTF-8
Transfer-Encoding: chunked
Connection: keep-alive
X-Content-Type-Options: nosniff
X-XSS-Protection: 1; mode=block
Cache-Control: no-cache, no-store, max-age=0, must-revalidate
Pragma: no-cache
Expires: 0
Strict-Transport-Security: max-age=31536000 ; includeSubDomains
X-Frame-Options: SAMEORIGIN

[
    {
        "id": 4,
        "username": "mattwork",
        "email": "mattwork@gmail.com",
        "active": true,
        "enabled": true,
        "lastVisit": null,
        "roles": [
            "CLIENT"
        ]
    },
    {
        "id": 5,
        "username": "william",
        "email": "william@scissor.com",
        "active": true,
        "enabled": true,
        "lastVisit": null,
        "roles": [
            "CLIENT"
        ]
    },
    {
        "id": 6,
        "username": "hello",
        "email": "hello@davinapallone.com",
        "active": true,
        "enabled": true,
        "lastVisit": null,
        "roles": [
            "CLIENT"
        ]
    },
    {
        "id": 7,
        "username": "brian.doll",
        "email": "brian.doll@gmail.com",
        "active": true,
        "enabled": true,
        "lastVisit": null,
        "roles": [
            "CLIENT"
        ]
    },
    {
        "id": 8,
        "username": "daniel",
        "email": "daniel@fala.email",
        "active": true,
        "enabled": true,
        "lastVisit": null,
        "roles": [
            "CLIENT"
        ]
    },
    {
        "id": 9,
        "username": "nienhuis",
        "email": "nienhuis@gmail.com",
        "active": true,
        "enabled": true,
        "lastVisit": null,
        "roles": [
            "CLIENT"
        ]
    },
    {
        "id": 10,
        "username": "drewneilsen",
        "email": "drewneilsen@outlook.com",
        "active": true,
        "enabled": true,
        "lastVisit": null,
        "roles": [
            "CLIENT"
        ]
    },
    {
        "id": 11,
        "username": "amor",
        "email": "amor@davidamor.com",
        "active": true,
        "enabled": true,
        "lastVisit": null,
        "roles": [
            "CLIENT"
        ]
    },
    {
        "id": 12,
        "username": "felipe",
        "email": "felipe@hellooffice.com",
        "active": true,
        "enabled": true,
        "lastVisit": null,
        "roles": [
            "CLIENT"
        ]
    },
    {
        "id": 13,
        "username": "david",
        "email": "david@zensoft.io",
        "active": true,
        "enabled": true,
        "lastVisit": null,
        "roles": [
            "CLIENT"
        ]
    },
    {
        "id": 14,
        "username": "brooney6",
        "email": "brooney6@gmail.com",
        "active": true,
        "enabled": true,
        "lastVisit": null,
        "roles": [
            "CLIENT"
        ]
    },
    {
        "id": 15,
        "username": "james",
        "email": "james@cham.net",
        "active": true,
        "enabled": true,
        "lastVisit": null,
        "roles": [
            "CLIENT"
        ]
    },
    {
        "id": 16,
        "username": "james",
        "email": "james@heavybit.com",
        "active": true,
        "enabled": true,
        "lastVisit": null,
        "roles": [
            "CLIENT"
        ]
    },
    {
        "id": 17,
        "username": "josh.krammes",
        "email": "josh.krammes@stackpath.com",
        "active": true,
        "enabled": true,
        "lastVisit": null,
        "roles": [
            "CLIENT"
        ]
    },
    {
        "id": 21,
        "username": "ani",
        "email": "ani@zenio.co",
        "active": true,
        "enabled": true,
        "lastVisit": null,
        "roles": [
            "CLIENT"
        ]
    },
    {
        "id": 22,
        "username": "alix",
        "email": "alix@kmona.com",
        "active": true,
        "enabled": true,
        "lastVisit": null,
        "roles": [
            "CLIENT"
        ]
    },
    {
        "id": 23,
        "username": "kellymhook",
        "email": "kellymhook@gmail.com",
        "active": true,
        "enabled": true,
        "lastVisit": null,
        "roles": [
            "CLIENT"
        ]
    },
    {
        "id": 24,
        "username": "nathaniel.axios",
        "email": "nathaniel.axios@gmail.com",
        "active": true,
        "enabled": true,
        "lastVisit": null,
        "roles": [
            "CLIENT"
        ]
    },
    {
        "id": 25,
        "username": "jeff",
        "email": "jeff@comakewith.us",
        "active": true,
        "enabled": true,
        "lastVisit": null,
        "roles": [
            "CLIENT"
        ]
    },
    {
        "id": 26,
        "username": "chris",
        "email": "chris@skycatch.com",
        "active": true,
        "enabled": true,
        "lastVisit": null,
        "roles": [
            "CLIENT"
        ]
    },
    {
        "id": 28,
        "username": "",
        "email": "@gmail.com",
        "active": true,
        "enabled": true,
        "lastVisit": null,
        "roles": [
            "CLIENT"
        ]
    },
    {
        "id": 30,
        "username": "mandy",
        "email": "mandy@devreps.com",
        "active": true,
        "enabled": true,
        "lastVisit": null,
        "roles": [
            
        ]
    },
    {
        "id": 31,
        "username": "steve",
        "email": "steve@fresco.vc",
        "active": true,
        "enabled": true,
        "lastVisit": null,
        "roles": [
            
        ]
    },
    {
        "id": 32,
        "username": "gopaloracle",
        "email": "gopaloracle@yahoo.com",
        "active": true,
        "enabled": true,
        "lastVisit": null,
        "roles": [
            "CLIENT"
        ]
    },
    {
        "id": 18,
        "username": "manana",
        "email": "manana@zenio.co",
        "active": true,
        "enabled": true,
        "lastVisit": "2019-09-10T05:39:05.176",
        "roles": [
            "ADMIN"
        ]
    },
    {
        "id": 50,
        "username": "davina",
        "email": "davina@designwrench.com",
        "active": true,
        "enabled": true,
        "lastVisit": null,
        "roles": [
            "CLIENT"
        ]
    },
    {
        "id": 44,
        "username": "hannikohl93",
        "email": "hannikohl93@gmail.com",
        "active": true,
        "enabled": true,
        "lastVisit": null,
        "roles": [
            "CLIENT"
        ]
    },
    {
        "id": 33,
        "username": "zenio",
        "email": "alexey.petrovsky@zensoft.io",
        "active": true,
        "enabled": true,
        "lastVisit": "2019-09-04T08:15:00.096",
        "roles": [
            "CLIENT"
        ]
    },
    {
        "id": 52,
        "username": "andre",
        "email": "andre@cloudcity.io",
        "active": true,
        "enabled": true,
        "lastVisit": null,
        "roles": [
            "CLIENT"
        ]
    },
    {
        "id": 51,
        "username": "arsen.gevorgyan",
        "email": "arsen.gevorgyan@sflpro.com",
        "active": true,
        "enabled": true,
        "lastVisit": null,
        "roles": [
            "CLIENT"
        ]
    },
    {
        "id": 53,
        "username": "kenzi",
        "email": "kenzi@cloudcity.io",
        "active": true,
        "enabled": true,
        "lastVisit": null,
        "roles": [
            "CLIENT"
        ]
    },
    {
        "id": 54,
        "username": "missy.kelley",
        "email": "missy.kelley@gmail.com",
        "active": true,
        "enabled": true,
        "lastVisit": null,
        "roles": [
            "CLIENT"
        ]
    },
    {
        "id": 34,
        "username": "vyacheslav.burlakov",
        "email": "vyacheslav.burlakov@zensoft.io",
        "active": true,
        "enabled": true,
        "lastVisit": "2019-09-11T08:32:00.757",
        "roles": [
            "CLIENT"
        ]
    },
    {
        "id": 49,
        "username": "mkevinevans",
        "email": "mkevinevans@gmail.com",
        "active": true,
        "enabled": true,
        "lastVisit": null,
        "roles": [
            "CLIENT"
        ]
    },
    {
        "id": 56,
        "username": "jeff",
        "email": "jeff@comakewithus.com",
        "active": true,
        "enabled": true,
        "lastVisit": null,
        "roles": [
            
        ]
    },
    {
        "id": 66,
        "username": "steve",
        "email": "steve@mrmays.com",
        "active": true,
        "enabled": true,
        "lastVisit": null,
        "roles": [
            "CLIENT"
        ]
    },
    {
        "id": 65,
        "username": "kent.j.lindstrom",
        "email": "kent.j.lindstrom@gmail.com",
        "active": true,
        "enabled": true,
        "lastVisit": null,
        "roles": [
            "CLIENT"
        ]
    },
    {
        "id": 57,
        "username": "antoine",
        "email": "antoine@toulme.name",
        "active": true,
        "enabled": true,
        "lastVisit": null,
        "roles": [
            "CLIENT"
        ]
    },
    {
        "id": 59,
        "username": "kevin",
        "email": "kevin@kfitz.me",
        "active": true,
        "enabled": true,
        "lastVisit": null,
        "roles": [
            "CLIENT"
        ]
    },
    {
        "id": 3,
        "username": "jonathanpberger",
        "email": "jonathanpberger@gmail.com",
        "active": true,
        "enabled": true,
        "lastVisit": "2019-08-06T23:21:22.466",
        "roles": [
            "CLIENT"
        ]
    },
    {
        "id": 47,
        "username": "nikita.eliseenko",
        "email": "nikita.eliseenko@zensoft.io",
        "active": false,
        "enabled": true,
        "lastVisit": null,
        "roles": [
            "CLIENT"
        ]
    },
    {
        "id": 55,
        "username": "jeff",
        "email": "jeff@jpattonassociates.com",
        "active": true,
        "enabled": true,
        "lastVisit": "2019-07-11T14:54:34.713",
        "roles": [
            
        ]
    },
    {
        "id": 1,
        "username": "zenio",
        "email": "zenio@zensoft.io",
        "active": true,
        "enabled": true,
        "lastVisit": "2019-10-17T11:48:20.406",
        "roles": [
            "ADMIN"
        ]
    },
    {
        "id": 58,
        "username": "chris",
        "email": "chris@leishman.org",
        "active": true,
        "enabled": true,
        "lastVisit": null,
        "roles": [
            "CLIENT"
        ]
    },
    {
        "id": 43,
        "username": "dmitriy.stepurko",
        "email": "dmitriy.stepurko@zensoft.io",
        "active": true,
        "enabled": true,
        "lastVisit": "2019-08-23T12:21:17.355",
        "roles": [
            "CLIENT"
        ]
    },
    {
        "id": 20,
        "username": "mane",
        "email": "mane@zenio.co",
        "active": true,
        "enabled": true,
        "lastVisit": "2019-09-06T16:59:38.946",
        "roles": [
            "CLIENT"
        ]
    },
    {
        "id": 2,
        "username": "Ian McFarland",
        "email": "ian@zenio.co",
        "active": true,
        "enabled": true,
        "lastVisit": "2019-10-14T16:02:28.324",
        "roles": [
            "ADMIN"
        ]
    },
    {
        "id": 29,
        "username": "RTNAiunarebm",
        "email": "hannisolo@yandex.ru",
        "active": true,
        "enabled": true,
        "lastVisit": "2019-09-06T12:24:35.289",
        "roles": [
            "CLIENT"
        ]
    },
    {
        "id": 19,
        "username": "ariena",
        "email": "ariena@zenio.co",
        "active": true,
        "enabled": true,
        "lastVisit": "2019-09-13T02:43:08.216",
        "roles": [
            "ADMIN"
        ]
    },
    {
        "id": 60,
        "username": "anarchogeek",
        "email": "anarchogeek@gmail.com",
        "active": true,
        "enabled": true,
        "lastVisit": null,
        "roles": [
            "CLIENT"
        ]
    },
    {
        "id": 62,
        "username": "abrams",
        "email": "abrams@jabrams.com",
        "active": true,
        "enabled": true,
        "lastVisit": null,
        "roles": [
            "CLIENT"
        ]
    },
    {
        "id": 92,
        "username": "jumoven",
        "email": "jumoven@marketlink.info",
        "active": false,
        "enabled": true,
        "lastVisit": null,
        "roles": [
            "CLIENT"
        ]
    },
    {
        "id": 93,
        "username": "vusozir",
        "email": "vusozir@silvercoin.life",
        "active": false,
        "enabled": true,
        "lastVisit": null,
        "roles": [
            "CLIENT"
        ]
    },
    {
        "id": 94,
        "username": "yalin",
        "email": "yalin@daymail.life",
        "active": false,
        "enabled": true,
        "lastVisit": null,
        "roles": [
            "CLIENT"
        ]
    },
    {
        "id": 68,
        "username": "igor.pahomov",
        "email": "igor.pahomov@zensoft.io",
        "active": false,
        "enabled": true,
        "lastVisit": null,
        "roles": [
            "CLIENT"
        ]
    },
    {
        "id": 109,
        "username": "fyj94496",
        "email": "fyj94496@bcaoo.com",
        "active": false,
        "enabled": true,
        "lastVisit": null,
        "roles": [
            "CLIENT"
        ]
    },
    {
        "id": 67,
        "username": "george",
        "email": "gastonlagaf911@gmail.com",
        "active": true,
        "enabled": true,
        "lastVisit": null,
        "roles": [
            
        ]
    },
    {
        "id": 69,
        "username": "nikita1811e",
        "email": "nikita1811e@gmail.com",
        "active": true,
        "enabled": true,
        "lastVisit": null,
        "roles": [
            "CLIENT"
        ]
    },
    {
        "id": 95,
        "username": "tituwimemo",
        "email": "tituwimemo@daymailonline.com",
        "active": false,
        "enabled": true,
        "lastVisit": null,
        "roles": [
            "CLIENT"
        ]
    },
    {
        "id": 71,
        "username": "alexey.yakovtsov",
        "email": "alexey.yakovtsov@yahoo.com",
        "active": false,
        "enabled": true,
        "lastVisit": null,
        "roles": [
            "CLIENT"
        ]
    },
    {
        "id": 73,
        "username": "stepoorko.test",
        "email": "stepoorko.test@yandex.by",
        "active": true,
        "enabled": true,
        "lastVisit": null,
        "roles": [
            "CLIENT"
        ]
    },
    {
        "id": 74,
        "username": "ipahomov13",
        "email": "ipahomov13@gmail.com",
        "active": true,
        "enabled": true,
        "lastVisit": null,
        "roles": [
            "CLIENT"
        ]
    },
    {
        "id": 110,
        "username": "test1",
        "email": "test1@mail.com",
        "active": false,
        "enabled": true,
        "lastVisit": null,
        "roles": [
            "CLIENT"
        ]
    },
    {
        "id": 97,
        "username": "rezohidep",
        "email": "rezohidep@silvercoin.life",
        "active": false,
        "enabled": true,
        "lastVisit": null,
        "roles": [
            "CLIENT"
        ]
    },
    {
        "id": 111,
        "username": "test",
        "email": "test@mail.com",
        "active": false,
        "enabled": true,
        "lastVisit": null,
        "roles": [
            "CLIENT"
        ]
    },
    {
        "id": 76,
        "username": "gedoseb",
        "email": "gedoseb@daymail.life",
        "active": false,
        "enabled": true,
        "lastVisit": null,
        "roles": [
            "CLIENT"
        ]
    },
    {
        "id": 112,
        "username": "hjy39218",
        "email": "hjy39218@bcaoo.com",
        "active": false,
        "enabled": true,
        "lastVisit": null,
        "roles": [
            "CLIENT"
        ]
    },
    {
        "id": 77,
        "username": "Dmitriy Test Account",
        "email": "stepoorko@gmail.com",
        "active": true,
        "enabled": true,
        "lastVisit": "2019-06-18T16:33:04.427",
        "roles": [
            "CLIENT"
        ]
    },
    {
        "id": 78,
        "username": "vobovu",
        "email": "vobovu@silvercoin.life",
        "active": false,
        "enabled": true,
        "lastVisit": null,
        "roles": [
            "CLIENT"
        ]
    },
    {
        "id": 98,
        "username": "xiwufiwo",
        "email": "xiwufiwo@mailsoul.com",
        "active": false,
        "enabled": true,
        "lastVisit": null,
        "roles": [
            "CLIENT"
        ]
    },
    {
        "id": 75,
        "username": "itsgonnabetheday",
        "email": "itsgonnabetheday@gmail.com",
        "active": true,
        "enabled": true,
        "lastVisit": "2019-08-23T09:24:57.182",
        "roles": [
            "CLIENT"
        ]
    },
    {
        "id": 79,
        "username": "test",
        "email": "test@gmail.com",
        "active": false,
        "enabled": true,
        "lastVisit": null,
        "roles": [
            "CLIENT"
        ]
    },
    {
        "id": 99,
        "username": "xiwufiwo",
        "email": "xiwufiwo@mailsou.com",
        "active": false,
        "enabled": true,
        "lastVisit": null,
        "roles": [
            "CLIENT"
        ]
    },
    {
        "id": 80,
        "username": "zosiduhak",
        "email": "zosiduhak@marketlink.info",
        "active": false,
        "enabled": true,
        "lastVisit": null,
        "roles": [
            "CLIENT"
        ]
    },
    {
        "id": 81,
        "username": "1233333",
        "email": "1233333@atnextmail.com",
        "active": false,
        "enabled": true,
        "lastVisit": null,
        "roles": [
            "CLIENT"
        ]
    },
    {
        "id": 82,
        "username": "zefaxabe",
        "email": "zefaxabe@hostguru.top",
        "active": false,
        "enabled": true,
        "lastVisit": null,
        "roles": [
            "CLIENT"
        ]
    },
    {
        "id": 83,
        "username": "namelname95",
        "email": "namelname95@gmail.com",
        "active": false,
        "enabled": true,
        "lastVisit": null,
        "roles": [
            "CLIENT"
        ]
    },
    {
        "id": 84,
        "username": "namelname",
        "email": "namelname@gmail.com",
        "active": false,
        "enabled": true,
        "lastVisit": null,
        "roles": [
            "CLIENT"
        ]
    },
    {
        "id": 101,
        "username": "dore@email-24x7.com",
        "email": "dore@email-24x7.com",
        "active": true,
        "enabled": true,
        "lastVisit": null,
        "roles": [
            "CLIENT"
        ]
    },
    {
        "id": 85,
        "username": "ksdlsakdwadawi",
        "email": "ksdlsakdwadawi@testmail.com",
        "active": false,
        "enabled": true,
        "lastVisit": null,
        "roles": [
            "CLIENT"
        ]
    },
    {
        "id": 89,
        "username": "vyacheslavburlakov88",
        "email": "vyacheslavburlakov88@gmail.com",
        "active": false,
        "enabled": true,
        "lastVisit": null,
        "roles": [
            "CLIENT"
        ]
    },
    {
        "id": 102,
        "username": "senahir",
        "email": "senahir@emailtex.com",
        "active": false,
        "enabled": true,
        "lastVisit": null,
        "roles": [
            "CLIENT"
        ]
    },
    {
        "id": 103,
        "username": "",
        "email": "hazecuril@eyeemail.com",
        "active": true,
        "enabled": true,
        "lastVisit": null,
        "roles": [
            "CLIENT"
        ]
    },
    {
        "id": 113,
        "username": "lnamename95",
        "email": "lnamename95@gmail.com",
        "active": false,
        "enabled": true,
        "lastVisit": null,
        "roles": [
            "CLIENT"
        ]
    },
    {
        "id": 90,
        "username": "ruzixe",
        "email": "ruzixe@coinlink.club",
        "active": false,
        "enabled": true,
        "lastVisit": null,
        "roles": [
            "CLIENT"
        ]
    },
    {
        "id": 91,
        "username": "lasoh",
        "email": "lasoh@daymailonline.com",
        "active": false,
        "enabled": true,
        "lastVisit": null,
        "roles": [
            "CLIENT"
        ]
    },
    {
        "id": 114,
        "username": "sose",
        "email": "sose@daymailonline.com",
        "active": false,
        "enabled": true,
        "lastVisit": null,
        "roles": [
            "CLIENT"
        ]
    },
    {
        "id": 115,
        "username": "tejowune",
        "email": "tejowune@marketlink.info",
        "active": false,
        "enabled": true,
        "lastVisit": null,
        "roles": [
            "CLIENT"
        ]
    },
    {
        "id": 104,
        "username": "myemail",
        "email": "myemail@gmail.com",
        "active": false,
        "enabled": true,
        "lastVisit": null,
        "roles": [
            "CLIENT"
        ]
    },
    {
        "id": 105,
        "username": "iplayhunter16",
        "email": "iplayhunter16@gmail.com",
        "active": false,
        "enabled": true,
        "lastVisit": null,
        "roles": [
            "CLIENT"
        ]
    },
    {
        "id": 116,
        "username": "baho",
        "email": "baho@atnextmail.com",
        "active": false,
        "enabled": true,
        "lastVisit": null,
        "roles": [
            "CLIENT"
        ]
    },
    {
        "id": 117,
        "username": "6d291b9cc5",
        "email": "6d291b9cc5@himail.online",
        "active": false,
        "enabled": true,
        "lastVisit": null,
        "roles": [
            "CLIENT"
        ]
    },
    {
        "id": 106,
        "username": "suhizeje",
        "email": "suhizeje@eyeemail.com",
        "active": false,
        "enabled": true,
        "lastVisit": null,
        "roles": [
            "CLIENT"
        ]
    },
    {
        "id": 72,
        "username": "alexey.yakovtsov",
        "email": "alexey.yakovtsov@mail.ru",
        "active": true,
        "enabled": true,
        "lastVisit": "2019-09-04T08:20:18.48",
        "roles": [
            "CLIENT"
        ]
    },
    {
        "id": 107,
        "username": "cawow",
        "email": "cawow@daymail.life",
        "active": false,
        "enabled": true,
        "lastVisit": null,
        "roles": [
            "CLIENT"
        ]
    },
    {
        "id": 108,
        "username": "duhe",
        "email": "duhe@coinlink.club",
        "active": false,
        "enabled": true,
        "lastVisit": null,
        "roles": [
            "CLIENT"
        ]
    },
    {
        "id": 119,
        "username": "beye",
        "email": "beye@voemail.com",
        "active": false,
        "enabled": true,
        "lastVisit": null,
        "roles": [
            "CLIENT"
        ]
    },
    {
        "id": 120,
        "username": "liboj",
        "email": "liboj@eyeemail.com",
        "active": false,
        "enabled": true,
        "lastVisit": null,
        "roles": [
            "CLIENT"
        ]
    },
    {
        "id": 121,
        "username": "kamuniv",
        "email": "kamuniv@emailay.com",
        "active": false,
        "enabled": true,
        "lastVisit": null,
        "roles": [
            "CLIENT"
        ]
    },
    {
        "id": 122,
        "username": "f978af21d3",
        "email": "f978af21d3@himail.online",
        "active": false,
        "enabled": true,
        "lastVisit": null,
        "roles": [
            "CLIENT"
        ]
    },
    {
        "id": 123,
        "username": "vacit",
        "email": "vacit@voemail.com",
        "active": false,
        "enabled": true,
        "lastVisit": null,
        "roles": [
            "CLIENT"
        ]
    },
    {
        "id": 124,
        "username": "gufikoye",
        "email": "gufikoye@mailmetal.com",
        "active": false,
        "enabled": true,
        "lastVisit": null,
        "roles": [
            "CLIENT"
        ]
    },
    {
        "id": 125,
        "username": "zace",
        "email": "zace@emailtex.com",
        "active": false,
        "enabled": true,
        "lastVisit": null,
        "roles": [
            "CLIENT"
        ]
    },
    {
        "id": 126,
        "username": "mevijek",
        "email": "mevijek@mailsoul.com",
        "active": false,
        "enabled": true,
        "lastVisit": null,
        "roles": [
            "CLIENT"
        ]
    },
    {
        "id": 127,
        "username": "deboy",
        "email": "deboy@2emailock.com",
        "active": false,
        "enabled": true,
        "lastVisit": null,
        "roles": [
            "CLIENT"
        ]
    },
    {
        "id": 128,
        "username": "josaso",
        "email": "josaso@emailate.com",
        "active": false,
        "enabled": true,
        "lastVisit": null,
        "roles": [
            "CLIENT"
        ]
    },
    {
        "id": 129,
        "username": "puwarisel",
        "email": "puwarisel@voemail.com",
        "active": false,
        "enabled": true,
        "lastVisit": null,
        "roles": [
            "CLIENT"
        ]
    },
    {
        "id": 130,
        "username": "wokapo",
        "email": "wokapo@emailay.com",
        "active": false,
        "enabled": true,
        "lastVisit": null,
        "roles": [
            "CLIENT"
        ]
    },
    {
        "id": 131,
        "username": "belacewa",
        "email": "belacewa@mailmetal.com",
        "active": false,
        "enabled": true,
        "lastVisit": null,
        "roles": [
            "CLIENT"
        ]
    },
    {
        "id": 132,
        "username": "muhopasivo",
        "email": "muhopasivo@eyeemail.com",
        "active": false,
        "enabled": true,
        "lastVisit": null,
        "roles": [
            "CLIENT"
        ]
    },
    {
        "id": 133,
        "username": "wucalonane",
        "email": "wucalonane@mailmetal.com",
        "active": false,
        "enabled": true,
        "lastVisit": null,
        "roles": [
            "CLIENT"
        ]
    },
    {
        "id": 134,
        "username": "pugir",
        "email": "pugir@eyeemail.com",
        "active": false,
        "enabled": true,
        "lastVisit": null,
        "roles": [
            "CLIENT"
        ]
    },
    {
        "id": 135,
        "username": "misinoro",
        "email": "misinoro@emailate.com",
        "active": false,
        "enabled": true,
        "lastVisit": null,
        "roles": [
            "CLIENT"
        ]
    },
    {
        "id": 136,
        "username": "yajoyaxa",
        "email": "yajoyaxa@eyeemail.com",
        "active": false,
        "enabled": true,
        "lastVisit": null,
        "roles": [
            "CLIENT"
        ]
    },
    {
        "id": 137,
        "username": "rawamaw",
        "email": "rawamaw@voemail.com",
        "active": false,
        "enabled": true,
        "lastVisit": null,
        "roles": [
            "CLIENT"
        ]
    },
    {
        "id": 138,
        "username": "zamerizo",
        "email": "zamerizo@mailmetal.com",
        "active": false,
        "enabled": true,
        "lastVisit": null,
        "roles": [
            "CLIENT"
        ]
    },
    {
        "id": 139,
        "username": "yopifov",
        "email": "yopifov@emailay.com",
        "active": false,
        "enabled": true,
        "lastVisit": null,
        "roles": [
            "CLIENT"
        ]
    },
    {
        "id": 140,
        "username": "fufixosore",
        "email": "fufixosore@emailate.com",
        "active": false,
        "enabled": true,
        "lastVisit": null,
        "roles": [
            "CLIENT"
        ]
    },
    {
        "id": 141,
        "username": "cewa",
        "email": "cewa@email-24x7.com",
        "active": false,
        "enabled": true,
        "lastVisit": null,
        "roles": [
            "CLIENT"
        ]
    },
    {
        "id": 142,
        "username": "hufidi",
        "email": "hufidi@mailsoul.com",
        "active": false,
        "enabled": true,
        "lastVisit": null,
        "roles": [
            "CLIENT"
        ]
    },
    {
        "id": 143,
        "username": "hozi",
        "email": "hozi@mailmetal.com",
        "active": false,
        "enabled": true,
        "lastVisit": null,
        "roles": [
            "CLIENT"
        ]
    },
    {
        "id": 144,
        "username": "gixacuxum",
        "email": "gixacuxum@emailtex.com",
        "active": false,
        "enabled": true,
        "lastVisit": null,
        "roles": [
            "CLIENT"
        ]
    },
    {
        "id": 145,
        "username": "nizuc",
        "email": "nizuc@emailate.com",
        "active": false,
        "enabled": true,
        "lastVisit": null,
        "roles": [
            "CLIENT"
        ]
    },
    {
        "id": 146,
        "username": "kuporaxipe",
        "email": "kuporaxipe@email-24x7.com",
        "active": false,
        "enabled": true,
        "lastVisit": null,
        "roles": [
            "CLIENT"
        ]
    },
    {
        "id": 147,
        "username": "vobi",
        "email": "vobi@kikoxltd.com",
        "active": false,
        "enabled": true,
        "lastVisit": null,
        "roles": [
            "CLIENT"
        ]
    },
    {
        "id": 155,
        "username": "Alexey",
        "email": "hannisolo93@gmail.com",
        "active": true,
        "enabled": true,
        "lastVisit": "2019-09-05T12:24:39.941",
        "roles": [
            "CLIENT"
        ]
    },
    {
        "id": 156,
        "username": "tixiroxaw",
        "email": "tixiroxaw@mail-group.net",
        "active": false,
        "enabled": true,
        "lastVisit": null,
        "roles": [
            "CLIENT"
        ]
    },
    {
        "id": 158,
        "username": "string1",
        "email": "string1@string.com",
        "active": false,
        "enabled": true,
        "lastVisit": null,
        "roles": [
            "CLIENT"
        ]
    },
    {
        "id": 159,
        "username": "string3",
        "email": "string3@string.com",
        "active": false,
        "enabled": true,
        "lastVisit": null,
        "roles": [
            "CLIENT"
        ]
    },
    {
        "id": 160,
        "username": "string4",
        "email": "string4@string.com",
        "active": false,
        "enabled": true,
        "lastVisit": null,
        "roles": [
            "CLIENT"
        ]
    },
    {
        "id": 161,
        "username": "12345678",
        "email": "12345678@gmail.com",
        "active": false,
        "enabled": true,
        "lastVisit": null,
        "roles": [
            "CLIENT"
        ]
    },
    {
        "id": 162,
        "username": "string8",
        "email": "string8@string.com",
        "active": false,
        "enabled": true,
        "lastVisit": null,
        "roles": [
            "CLIENT"
        ]
    },
    {
        "id": 163,
        "username": "string9",
        "email": "string9@string.com",
        "active": false,
        "enabled": true,
        "lastVisit": null,
        "roles": [
            "CLIENT"
        ]
    },
    {
        "id": 164,
        "username": "string",
        "email": "string@string.com",
        "active": false,
        "enabled": true,
        "lastVisit": null,
        "roles": [
            "CLIENT"
        ]
    },
    {
        "id": 148,
        "username": "rozir",
        "email": "rozir@kikoxltd.com",
        "active": false,
        "enabled": true,
        "lastVisit": null,
        "roles": [
            "CLIENT"
        ]
    },
    {
        "id": 149,
        "username": "pozet",
        "email": "pozet@emailtex.com",
        "active": false,
        "enabled": true,
        "lastVisit": null,
        "roles": [
            "CLIENT"
        ]
    },
    {
        "id": 172,
        "username": "tehowawi",
        "email": "tehowawi@rmailgroup.in",
        "active": false,
        "enabled": true,
        "lastVisit": null,
        "roles": [
            "CLIENT"
        ]
    },
    {
        "id": 165,
        "username": "Ariena Private",
        "email": "arienakaneshima@gmail.com",
        "active": true,
        "enabled": true,
        "lastVisit": "2019-07-24T14:28:39.984",
        "roles": [
            "CLIENT"
        ]
    },
    {
        "id": 173,
        "username": "nutujasori",
        "email": "nutujasori@mail-card.com",
        "active": false,
        "enabled": true,
        "lastVisit": null,
        "roles": [
            "CLIENT"
        ]
    },
    {
        "id": 174,
        "username": "345ghfghmgc",
        "email": "345ghfghmgc@mail.com",
        "active": false,
        "enabled": true,
        "lastVisit": null,
        "roles": [
            "CLIENT"
        ]
    },
    {
        "id": 166,
        "username": "arinki ",
        "email": "arinki@gmail.com",
        "active": true,
        "enabled": true,
        "lastVisit": "2019-07-24T14:35:22.622",
        "roles": [
            "CLIENT"
        ]
    },
    {
        "id": 150,
        "username": "Dude",
        "email": "nuguvoye@emailapps.in",
        "active": true,
        "enabled": true,
        "lastVisit": null,
        "roles": [
            "CLIENT"
        ]
    },
    {
        "id": 151,
        "username": "kezag",
        "email": "kezag@tempmailapp.com",
        "active": false,
        "enabled": true,
        "lastVisit": null,
        "roles": [
            "CLIENT"
        ]
    },
    {
        "id": 167,
        "username": "yaxerin",
        "email": "yaxerin@tempcloud.in",
        "active": false,
        "enabled": true,
        "lastVisit": null,
        "roles": [
            "CLIENT"
        ]
    },
    {
        "id": 175,
        "username": "pice",
        "email": "pice@app-expert.com",
        "active": false,
        "enabled": true,
        "lastVisit": null,
        "roles": [
            "CLIENT"
        ]
    },
    {
        "id": 168,
        "username": "momawiseca",
        "email": "momawiseca@best-mail.net",
        "active": false,
        "enabled": true,
        "lastVisit": null,
        "roles": [
            "CLIENT"
        ]
    },
    {
        "id": 176,
        "username": "jadapu",
        "email": "jadapu@mail-card.com",
        "active": false,
        "enabled": true,
        "lastVisit": null,
        "roles": [
            "CLIENT"
        ]
    },
    {
        "id": 152,
        "username": "11111111",
        "email": "yexuyomiz@mail-space.net",
        "active": true,
        "enabled": true,
        "lastVisit": null,
        "roles": [
            "CLIENT"
        ]
    },
    {
        "id": 153,
        "username": "jejiwob",
        "email": "jejiwob@silvercoin.life",
        "active": false,
        "enabled": true,
        "lastVisit": null,
        "roles": [
            "CLIENT"
        ]
    },
    {
        "id": 154,
        "username": "zoguwoyi",
        "email": "zoguwoyi@mail-group.net",
        "active": false,
        "enabled": true,
        "lastVisit": null,
        "roles": [
            "CLIENT"
        ]
    },
    {
        "id": 177,
        "username": "example12345677890",
        "email": "example12345677890@gmail.com",
        "active": false,
        "enabled": true,
        "lastVisit": null,
        "roles": [
            "CLIENT"
        ]
    },
    {
        "id": 169,
        "username": "zocufu",
        "email": "zocufu@freetmail.in",
        "active": false,
        "enabled": true,
        "lastVisit": null,
        "roles": [
            "CLIENT"
        ]
    },
    {
        "id": 170,
        "username": "limixol",
        "email": "limixol@mini-mail.net",
        "active": false,
        "enabled": true,
        "lastVisit": null,
        "roles": [
            "CLIENT"
        ]
    },
    {
        "id": 171,
        "username": "mojabugu",
        "email": "mojabugu@best-mail.net",
        "active": false,
        "enabled": true,
        "lastVisit": null,
        "roles": [
            "CLIENT"
        ]
    },
    {
        "id": 178,
        "username": "gexoh",
        "email": "gexoh@euroweb.email",
        "active": false,
        "enabled": true,
        "lastVisit": null,
        "roles": [
            "CLIENT"
        ]
    },
    {
        "id": 179,
        "username": "example123787845677890",
        "email": "example123787845677890@gmail.com",
        "active": false,
        "enabled": true,
        "lastVisit": null,
        "roles": [
            "CLIENT"
        ]
    },
    {
        "id": 157,
        "username": "annshunko",
        "email": "annshunko@gmail.com",
        "active": false,
        "enabled": true,
        "lastVisit": null,
        "roles": [
            "CLIENT"
        ]
    },
    {
        "id": 180,
        "username": "cijexeje",
        "email": "cijexeje@mail-fix.com",
        "active": false,
        "enabled": true,
        "lastVisit": null,
        "roles": [
            "CLIENT"
        ]
    },
    {
        "id": 181,
        "username": "345ghfghmgc",
        "email": "345ghfghmgc@mail.comtyuki",
        "active": false,
        "enabled": true,
        "lastVisit": null,
        "roles": [
            "CLIENT"
        ]
    },
    {
        "id": 183,
        "username": "example123787i845677890",
        "email": "example123787i845677890@gmail.com",
        "active": false,
        "enabled": true,
        "lastVisit": null,
        "roles": [
            "CLIENT"
        ]
    },
    {
        "id": 182,
        "username": "citop",
        "email": "citop@4alphapro.com",
        "active": false,
        "enabled": true,
        "lastVisit": null,
        "roles": [
            "CLIENT"
        ]
    },
    {
        "id": 184,
        "username": "kicexacebe",
        "email": "kicexacebe@mail-card.com",
        "active": false,
        "enabled": true,
        "lastVisit": null,
        "roles": [
            "CLIENT"
        ]
    },
    {
        "id": 185,
        "username": "example123787iwe845677890",
        "email": "example123787iwe845677890@gmail.com",
        "active": false,
        "enabled": true,
        "lastVisit": null,
        "roles": [
            "CLIENT"
        ]
    },
    {
        "id": 186,
        "username": "noso",
        "email": "noso@euroweb.email",
        "active": false,
        "enabled": true,
        "lastVisit": null,
        "roles": [
            "CLIENT"
        ]
    },
    {
        "id": 187,
        "username": "cuyijahu",
        "email": "cuyijahu@mail-card.com",
        "active": false,
        "enabled": true,
        "lastVisit": null,
        "roles": [
            "CLIENT"
        ]
    },
    {
        "id": 188,
        "username": "hoviwufim",
        "email": "hoviwufim@mail-fix.com",
        "active": false,
        "enabled": true,
        "lastVisit": null,
        "roles": [
            "CLIENT"
        ]
    },
    {
        "id": 189,
        "username": "goze",
        "email": "goze@rmailgroup.in",
        "active": false,
        "enabled": true,
        "lastVisit": null,
        "roles": [
            "CLIENT"
        ]
    },
    {
        "id": 190,
        "username": "garolemile",
        "email": "garolemile@rmailcloud.com",
        "active": false,
        "enabled": true,
        "lastVisit": null,
        "roles": [
            "CLIENT"
        ]
    },
    {
        "id": 191,
        "username": "goni",
        "email": "goni@4alphapro.com",
        "active": false,
        "enabled": true,
        "lastVisit": null,
        "roles": [
            "CLIENT"
        ]
    },
    {
        "id": 192,
        "username": "kameg",
        "email": "kameg@mail-card.com",
        "active": false,
        "enabled": true,
        "lastVisit": null,
        "roles": [
            "CLIENT"
        ]
    },
    {
        "id": 193,
        "username": "pudem",
        "email": "pudem@rmailcloud.com",
        "active": false,
        "enabled": true,
        "lastVisit": null,
        "roles": [
            "CLIENT"
        ]
    },
    {
        "id": 194,
        "username": "debutukeze",
        "email": "debutukeze@4alphapro.com",
        "active": false,
        "enabled": true,
        "lastVisit": null,
        "roles": [
            "CLIENT"
        ]
    },
    {
        "id": 223,
        "username": "xufo",
        "email": "xufo@getvmail.net",
        "active": false,
        "enabled": true,
        "lastVisit": null,
        "roles": [
            "CLIENT"
        ]
    },
    {
        "id": 224,
        "username": "varazi",
        "email": "varazi@vmailcloud.com",
        "active": false,
        "enabled": true,
        "lastVisit": null,
        "roles": [
            "CLIENT"
        ]
    },
    {
        "id": 225,
        "username": "vifi",
        "email": "vifi@fastmailnow.com",
        "active": false,
        "enabled": true,
        "lastVisit": null,
        "roles": [
            "CLIENT"
        ]
    },
    {
        "id": 226,
        "username": "gaxiku",
        "email": "gaxiku@freemailnow.net",
        "active": false,
        "enabled": true,
        "lastVisit": null,
        "roles": [
            "CLIENT"
        ]
    },
    {
        "id": 227,
        "username": "yatagabomi",
        "email": "yatagabomi@tmailservices.com",
        "active": false,
        "enabled": true,
        "lastVisit": null,
        "roles": [
            "CLIENT"
        ]
    },
    {
        "id": 195,
        "username": "555",
        "email": "mixep@rmailgroup.in",
        "active": true,
        "enabled": true,
        "lastVisit": "2019-08-07T12:56:55.868",
        "roles": [
            "CLIENT"
        ]
    },
    {
        "id": 196,
        "username": "rthbrwthrth",
        "email": "rthbrwthrth@gmail.com",
        "active": false,
        "enabled": true,
        "lastVisit": null,
        "roles": [
            "CLIENT"
        ]
    },
    {
        "id": 197,
        "username": "werterwre",
        "email": "werterwre@gmail.com",
        "active": false,
        "enabled": true,
        "lastVisit": null,
        "roles": [
            "CLIENT"
        ]
    },
    {
        "id": 228,
        "username": "rufitula",
        "email": "rufitula@vmailpro.net",
        "active": false,
        "enabled": true,
        "lastVisit": null,
        "roles": [
            "CLIENT"
        ]
    },
    {
        "id": 198,
        "username": "example",
        "email": "example@gmail.com",
        "active": false,
        "enabled": true,
        "lastVisit": null,
        "roles": [
            "CLIENT"
        ]
    },
    {
        "id": 199,
        "username": "example",
        "email": "example@gmail1.com",
        "active": false,
        "enabled": true,
        "lastVisit": null,
        "roles": [
            "CLIENT"
        ]
    },
    {
        "id": 200,
        "username": "example",
        "email": "example@gmail2.com",
        "active": false,
        "enabled": true,
        "lastVisit": null,
        "roles": [
            "CLIENT"
        ]
    },
    {
        "id": 201,
        "username": "George",
        "email": "george.bisiarin@zensoft.io",
        "active": true,
        "enabled": true,
        "lastVisit": null,
        "roles": [
            "CLIENT"
        ]
    },
    {
        "id": 229,
        "username": "wote",
        "email": "wote@vmailcloud.com",
        "active": false,
        "enabled": true,
        "lastVisit": null,
        "roles": [
            "CLIENT"
        ]
    },
    {
        "id": 230,
        "username": "sunok",
        "email": "sunok@mailnowapp.com",
        "active": false,
        "enabled": true,
        "lastVisit": null,
        "roles": [
            "CLIENT"
        ]
    },
    {
        "id": 231,
        "username": "luzotuh",
        "email": "luzotuh@fastmailnow.com",
        "active": false,
        "enabled": true,
        "lastVisit": null,
        "roles": [
            "CLIENT"
        ]
    },
    {
        "id": 232,
        "username": "zexix",
        "email": "zexix@vmailcloud.com",
        "active": false,
        "enabled": true,
        "lastVisit": null,
        "roles": [
            "CLIENT"
        ]
    },
    {
        "id": 233,
        "username": "zasob",
        "email": "zasob@fastmailnow.com",
        "active": false,
        "enabled": true,
        "lastVisit": null,
        "roles": [
            "CLIENT"
        ]
    },
    {
        "id": 234,
        "username": "peyuduyaci",
        "email": "peyuduyaci@direct-mail.top",
        "active": false,
        "enabled": true,
        "lastVisit": null,
        "roles": [
            "CLIENT"
        ]
    },
    {
        "id": 202,
        "username": "example",
        "email": "example@gmail3.com",
        "active": false,
        "enabled": true,
        "lastVisit": null,
        "roles": [
            "CLIENT"
        ]
    },
    {
        "id": 203,
        "username": "devem",
        "email": "devem@provmail.net",
        "active": false,
        "enabled": true,
        "lastVisit": null,
        "roles": [
            "CLIENT"
        ]
    },
    {
        "id": 204,
        "username": "cekob",
        "email": "cekob@fastmailnow.com",
        "active": false,
        "enabled": true,
        "lastVisit": null,
        "roles": [
            "CLIENT"
        ]
    },
    {
        "id": 205,
        "username": "xiri",
        "email": "xiri@freemailnow.net",
        "active": false,
        "enabled": true,
        "lastVisit": null,
        "roles": [
            "CLIENT"
        ]
    },
    {
        "id": 206,
        "username": "banu",
        "email": "banu@direct-mail.top",
        "active": false,
        "enabled": true,
        "lastVisit": null,
        "roles": [
            "CLIENT"
        ]
    },
    {
        "id": 207,
        "username": "huha",
        "email": "huha@provmail.net",
        "active": false,
        "enabled": true,
        "lastVisit": null,
        "roles": [
            "CLIENT"
        ]
    },
    {
        "id": 208,
        "username": "yicate",
        "email": "yicate@direct-mail.top",
        "active": false,
        "enabled": true,
        "lastVisit": null,
        "roles": [
            "CLIENT"
        ]
    },
    {
        "id": 209,
        "username": "lasomamif",
        "email": "lasomamif@mailhost.top",
        "active": false,
        "enabled": true,
        "lastVisit": null,
        "roles": [
            "CLIENT"
        ]
    },
    {
        "id": 210,
        "username": "josih",
        "email": "josih@getvmail.net",
        "active": false,
        "enabled": true,
        "lastVisit": null,
        "roles": [
            "CLIENT"
        ]
    },
    {
        "id": 211,
        "username": "puxupucoy",
        "email": "puxupucoy@freemailnow.net",
        "active": false,
        "enabled": true,
        "lastVisit": null,
        "roles": [
            "CLIENT"
        ]
    },
    {
        "id": 212,
        "username": "cegiyococo",
        "email": "cegiyococo@mailnowapp.com",
        "active": false,
        "enabled": true,
        "lastVisit": null,
        "roles": [
            "CLIENT"
        ]
    },
    {
        "id": 213,
        "username": "juyetesifu",
        "email": "juyetesifu@direct-mail.top",
        "active": false,
        "enabled": true,
        "lastVisit": null,
        "roles": [
            "CLIENT"
        ]
    },
    {
        "id": 214,
        "username": "kasuraro",
        "email": "kasuraro@direct-mail.top",
        "active": false,
        "enabled": true,
        "lastVisit": null,
        "roles": [
            "CLIENT"
        ]
    },
    {
        "id": 215,
        "username": "sexi",
        "email": "sexi@vmailpro.net",
        "active": false,
        "enabled": true,
        "lastVisit": null,
        "roles": [
            "CLIENT"
        ]
    },
    {
        "id": 216,
        "username": "zeca",
        "email": "zeca@mailhost.top",
        "active": false,
        "enabled": true,
        "lastVisit": null,
        "roles": [
            "CLIENT"
        ]
    },
    {
        "id": 217,
        "username": "woxuzubeye",
        "email": "woxuzubeye@tmailservices.com",
        "active": false,
        "enabled": true,
        "lastVisit": null,
        "roles": [
            "CLIENT"
        ]
    },
    {
        "id": 218,
        "username": "juhog",
        "email": "juhog@mailnowapp.com",
        "active": false,
        "enabled": true,
        "lastVisit": null,
        "roles": [
            "CLIENT"
        ]
    },
    {
        "id": 219,
        "username": "rowazuye",
        "email": "rowazuye@direct-mail.top",
        "active": false,
        "enabled": true,
        "lastVisit": null,
        "roles": [
            "CLIENT"
        ]
    },
    {
        "id": 220,
        "username": "cenokofoy",
        "email": "cenokofoy@vmailpro.net",
        "active": false,
        "enabled": true,
        "lastVisit": null,
        "roles": [
            "CLIENT"
        ]
    },
    {
        "id": 221,
        "username": "hicayo",
        "email": "hicayo@tmailservices.com",
        "active": false,
        "enabled": true,
        "lastVisit": null,
        "roles": [
            "CLIENT"
        ]
    },
    {
        "id": 222,
        "username": "pipitu",
        "email": "pipitu@getvmail.net",
        "active": false,
        "enabled": true,
        "lastVisit": null,
        "roles": [
            "CLIENT"
        ]
    },
    {
        "id": 239,
        "username": "pefeyetit",
        "email": "pefeyetit@vmailcloud.com",
        "active": false,
        "enabled": true,
        "lastVisit": null,
        "roles": [
            "CLIENT"
        ]
    },
    {
        "id": 240,
        "username": "wosuweka",
        "email": "wosuweka@fastmailnow.com",
        "active": false,
        "enabled": true,
        "lastVisit": null,
        "roles": [
            "CLIENT"
        ]
    },
    {
        "id": 235,
        "username": "layunet",
        "email": "layunet@vmailpro.net",
        "active": false,
        "enabled": true,
        "lastVisit": null,
        "roles": [
            "CLIENT"
        ]
    },
    {
        "id": 241,
        "username": "ugAVTNYWimAU",
        "email": "ugAVTNYWimAU@gmail.com",
        "active": false,
        "enabled": true,
        "lastVisit": null,
        "roles": [
            "CLIENT"
        ]
    },
    {
        "id": 236,
        "username": "neyedeyobu",
        "email": "neyedeyobu@mailnowapp.com",
        "active": false,
        "enabled": true,
        "lastVisit": null,
        "roles": [
            "CLIENT"
        ]
    },
    {
        "id": 237,
        "username": "reyer",
        "email": "reyer@mailhost.top",
        "active": false,
        "enabled": true,
        "lastVisit": null,
        "roles": [
            "CLIENT"
        ]
    },
    {
        "id": 238,
        "username": "fabu",
        "email": "fabu@direct-mail.top",
        "active": false,
        "enabled": true,
        "lastVisit": null,
        "roles": [
            "CLIENT"
        ]
    },
    {
        "id": 307,
        "username": "xetu",
        "email": "xetu@hd-mail.com",
        "active": false,
        "enabled": true,
        "lastVisit": null,
        "roles": [
            "CLIENT"
        ]
    },
    {
        "id": 242,
        "username": "uhEaxtLBItAs",
        "email": "uhEaxtLBItAs@gmail.com",
        "active": false,
        "enabled": true,
        "lastVisit": null,
        "roles": [
            "CLIENT"
        ]
    },
    {
        "id": 243,
        "username": "jakohev",
        "email": "jakohev@tmailservices.com",
        "active": false,
        "enabled": true,
        "lastVisit": null,
        "roles": [
            "CLIENT"
        ]
    },
    {
        "id": 244,
        "username": "butekobu",
        "email": "butekobu@direct-mail.top",
        "active": false,
        "enabled": true,
        "lastVisit": null,
        "roles": [
            "CLIENT"
        ]
    },
    {
        "id": 245,
        "username": "nenuripad",
        "email": "nenuripad@direct-mail.top",
        "active": false,
        "enabled": true,
        "lastVisit": null,
        "roles": [
            "CLIENT"
        ]
    },
    {
        "id": 246,
        "username": "xame",
        "email": "xame@getvmail.net",
        "active": false,
        "enabled": true,
        "lastVisit": null,
        "roles": [
            "CLIENT"
        ]
    },
    {
        "id": 247,
        "username": "mitud",
        "email": "mitud@mailhost.top",
        "active": false,
        "enabled": true,
        "lastVisit": null,
        "roles": [
            "CLIENT"
        ]
    },
    {
        "id": 248,
        "username": "bajaloraj",
        "email": "bajaloraj@mailhost.top",
        "active": false,
        "enabled": true,
        "lastVisit": null,
        "roles": [
            "CLIENT"
        ]
    },
    {
        "id": 249,
        "username": "vuwuledan",
        "email": "vuwuledan@fastmailnow.com",
        "active": false,
        "enabled": true,
        "lastVisit": null,
        "roles": [
            "CLIENT"
        ]
    },
    {
        "id": 250,
        "username": "jaxowazop",
        "email": "jaxowazop@getvmail.net",
        "active": false,
        "enabled": true,
        "lastVisit": null,
        "roles": [
            "CLIENT"
        ]
    },
    {
        "id": 251,
        "username": "vabutekavi",
        "email": "vabutekavi@direct-mail.top",
        "active": false,
        "enabled": true,
        "lastVisit": null,
        "roles": [
            "CLIENT"
        ]
    },
    {
        "id": 252,
        "username": "xvReUNDsZnGR",
        "email": "xvReUNDsZnGR@gmail.com",
        "active": false,
        "enabled": true,
        "lastVisit": null,
        "roles": [
            "CLIENT"
        ]
    },
    {
        "id": 253,
        "username": "xobuziv",
        "email": "xobuziv@vmailpro.net",
        "active": false,
        "enabled": true,
        "lastVisit": null,
        "roles": [
            "CLIENT"
        ]
    },
    {
        "id": 254,
        "username": "cusegiy",
        "email": "cusegiy@vmailcloud.com",
        "active": false,
        "enabled": true,
        "lastVisit": null,
        "roles": [
            "CLIENT"
        ]
    },
    {
        "id": 255,
        "username": "wigevaj",
        "email": "wigevaj@fastmailnow.com",
        "active": false,
        "enabled": true,
        "lastVisit": null,
        "roles": [
            "CLIENT"
        ]
    },
    {
        "id": 256,
        "username": "hocu",
        "email": "hocu@provmail.net",
        "active": false,
        "enabled": true,
        "lastVisit": null,
        "roles": [
            "CLIENT"
        ]
    },
    {
        "id": 257,
        "username": "hoheyofogo",
        "email": "hoheyofogo@getvmail.net",
        "active": false,
        "enabled": true,
        "lastVisit": null,
        "roles": [
            "CLIENT"
        ]
    },
    {
        "id": 258,
        "username": "diwap",
        "email": "diwap@fastmailnow.com",
        "active": false,
        "enabled": true,
        "lastVisit": null,
        "roles": [
            "CLIENT"
        ]
    },
    {
        "id": 259,
        "username": "wisas",
        "email": "wisas@provmail.net",
        "active": false,
        "enabled": true,
        "lastVisit": null,
        "roles": [
            "CLIENT"
        ]
    },
    {
        "id": 260,
        "username": "fubuduju",
        "email": "fubuduju@vmailcloud.com",
        "active": false,
        "enabled": true,
        "lastVisit": null,
        "roles": [
            "CLIENT"
        ]
    },
    {
        "id": 262,
        "username": "vohasupawo",
        "email": "vohasupawo@vmailcloud.com",
        "active": false,
        "enabled": true,
        "lastVisit": null,
        "roles": [
            "CLIENT"
        ]
    },
    {
        "id": 263,
        "username": "nacodi",
        "email": "nacodi@freemailnow.net",
        "active": false,
        "enabled": true,
        "lastVisit": null,
        "roles": [
            "CLIENT"
        ]
    },
    {
        "id": 264,
        "username": "wuxefa",
        "email": "wuxefa@tmailservices.com",
        "active": false,
        "enabled": true,
        "lastVisit": null,
        "roles": [
            "CLIENT"
        ]
    },
    {
        "id": 261,
        "username": "chip",
        "email": "heva@mailnowapp.com",
        "active": true,
        "enabled": true,
        "lastVisit": null,
        "roles": [
            "CLIENT"
        ]
    },
    {
        "id": 278,
        "username": "asdf",
        "email": "zigihodo@ionemail.net",
        "active": true,
        "enabled": true,
        "lastVisit": "2019-08-19T09:36:25.906",
        "roles": [
            "CLIENT"
        ]
    },
    {
        "id": 297,
        "username": "sihocop",
        "email": "sihocop@five-plus.net",
        "active": false,
        "enabled": true,
        "lastVisit": null,
        "roles": [
            "CLIENT"
        ]
    },
    {
        "id": 298,
        "username": "hexi",
        "email": "hexi@ionemail.net",
        "active": false,
        "enabled": true,
        "lastVisit": null,
        "roles": [
            "CLIENT"
        ]
    },
    {
        "id": 299,
        "username": "gociw",
        "email": "gociw@ionemail.net",
        "active": false,
        "enabled": true,
        "lastVisit": null,
        "roles": [
            "CLIENT"
        ]
    },
    {
        "id": 265,
        "username": "VQUuVviiUYsx",
        "email": "VQUuVviiUYsx@gmail.com",
        "active": false,
        "enabled": true,
        "lastVisit": null,
        "roles": [
            "CLIENT"
        ]
    },
    {
        "id": 284,
        "username": "ludunopu",
        "email": "ludunopu@vimail24.com",
        "active": false,
        "enabled": true,
        "lastVisit": null,
        "roles": [
            "CLIENT"
        ]
    },
    {
        "id": 266,
        "username": "MxMGaXoWgYpt",
        "email": "MxMGaXoWgYpt@gmail.com",
        "active": false,
        "enabled": true,
        "lastVisit": null,
        "roles": [
            "CLIENT"
        ]
    },
    {
        "id": 267,
        "username": "AZmUyoekJPgL",
        "email": "AZmUyoekJPgL@gmail.com",
        "active": false,
        "enabled": true,
        "lastVisit": null,
        "roles": [
            "CLIENT"
        ]
    },
    {
        "id": 268,
        "username": "ztcpwpFpqVtP",
        "email": "ztcpwpFpqVtP@gmail.com",
        "active": false,
        "enabled": true,
        "lastVisit": null,
        "roles": [
            "CLIENT"
        ]
    },
    {
        "id": 285,
        "username": "tageci",
        "email": "tageci@onemail1.com",
        "active": false,
        "enabled": true,
        "lastVisit": null,
        "roles": [
            "CLIENT"
        ]
    },
    {
        "id": 286,
        "username": "rexiwocuf",
        "email": "rexiwocuf@omegafive.net",
        "active": false,
        "enabled": true,
        "lastVisit": null,
        "roles": [
            "CLIENT"
        ]
    },
    {
        "id": 287,
        "username": "voboticuw",
        "email": "voboticuw@ionemail.net",
        "active": false,
        "enabled": true,
        "lastVisit": null,
        "roles": [
            "CLIENT"
        ]
    },
    {
        "id": 269,
        "username": "iCzzvImnJhnR",
        "email": "iCzzvImnJhnR@gmail.com",
        "active": false,
        "enabled": true,
        "lastVisit": null,
        "roles": [
            "CLIENT"
        ]
    },
    {
        "id": 270,
        "username": "dFEZaAeTQACP",
        "email": "dFEZaAeTQACP@gmail.com",
        "active": false,
        "enabled": true,
        "lastVisit": null,
        "roles": [
            "CLIENT"
        ]
    },
    {
        "id": 271,
        "username": "jywTdAQWzESY",
        "email": "jywTdAQWzESY@gmail.com",
        "active": false,
        "enabled": true,
        "lastVisit": null,
        "roles": [
            "CLIENT"
        ]
    },
    {
        "id": 272,
        "username": "IeplvSyMfvaR",
        "email": "IeplvSyMfvaR@gmail.com",
        "active": false,
        "enabled": true,
        "lastVisit": null,
        "roles": [
            "CLIENT"
        ]
    },
    {
        "id": 273,
        "username": "waSHBFaQcmQh",
        "email": "waSHBFaQcmQh@gmail.com",
        "active": false,
        "enabled": true,
        "lastVisit": null,
        "roles": [
            "CLIENT"
        ]
    },
    {
        "id": 274,
        "username": "lbmzlIAmvIvp",
        "email": "lbmzlIAmvIvp@gmail.com",
        "active": false,
        "enabled": true,
        "lastVisit": null,
        "roles": [
            "CLIENT"
        ]
    },
    {
        "id": 288,
        "username": "huxasowope",
        "email": "huxasowope@ionemail.net",
        "active": false,
        "enabled": true,
        "lastVisit": null,
        "roles": [
            "CLIENT"
        ]
    },
    {
        "id": 289,
        "username": "cenohizo",
        "email": "cenohizo@five-plus.net",
        "active": false,
        "enabled": true,
        "lastVisit": null,
        "roles": [
            "CLIENT"
        ]
    },
    {
        "id": 279,
        "username": "sdgadfhadfh",
        "email": "xuris@onemail1.com",
        "active": true,
        "enabled": true,
        "lastVisit": "2019-08-27T13:24:55.521",
        "roles": [
            "CLIENT"
        ]
    },
    {
        "id": 276,
        "username": "65435465",
        "email": "dozusibu@five-plus.net",
        "active": true,
        "enabled": true,
        "lastVisit": "2019-08-27T13:15:42.084",
        "roles": [
            "CLIENT"
        ]
    },
    {
        "id": 302,
        "username": "retuvihex",
        "email": "retuvihex@onemail1.com",
        "active": false,
        "enabled": true,
        "lastVisit": null,
        "roles": [
            "CLIENT"
        ]
    },
    {
        "id": 290,
        "username": "nezofugedi",
        "email": "nezofugedi@five-club.com",
        "active": false,
        "enabled": true,
        "lastVisit": null,
        "roles": [
            "CLIENT"
        ]
    },
    {
        "id": 291,
        "username": "difukejege",
        "email": "difukejege@ionemail.net",
        "active": false,
        "enabled": true,
        "lastVisit": null,
        "roles": [
            "CLIENT"
        ]
    },
    {
        "id": 292,
        "username": "fubuja",
        "email": "fubuja@hd-mail.com",
        "active": false,
        "enabled": true,
        "lastVisit": null,
        "roles": [
            "CLIENT"
        ]
    },
    {
        "id": 293,
        "username": "lozika",
        "email": "lozika@five-club.com",
        "active": false,
        "enabled": true,
        "lastVisit": null,
        "roles": [
            "CLIENT"
        ]
    },
    {
        "id": 294,
        "username": "gereyiyore",
        "email": "gereyiyore@alltopmail.com",
        "active": false,
        "enabled": true,
        "lastVisit": null,
        "roles": [
            "CLIENT"
        ]
    },
    {
        "id": 300,
        "username": "gikowuda",
        "email": "gikowuda@top-mails.net",
        "active": false,
        "enabled": true,
        "lastVisit": null,
        "roles": [
            "CLIENT"
        ]
    },
    {
        "id": 275,
        "username": "Anna Shunko",
        "email": "anna.shunko@zensoft.io",
        "active": true,
        "enabled": true,
        "lastVisit": "2019-10-10T06:50:16.829",
        "roles": [
            "CLIENT"
        ]
    },
    {
        "id": 280,
        "username": "fisuy",
        "email": "fisuy@ionemail.net",
        "active": false,
        "enabled": true,
        "lastVisit": null,
        "roles": [
            "CLIENT"
        ]
    },
    {
        "id": 281,
        "username": "kijolazova",
        "email": "kijolazova@vimail24.com",
        "active": false,
        "enabled": true,
        "lastVisit": null,
        "roles": [
            "CLIENT"
        ]
    },
    {
        "id": 282,
        "username": "tacupaxi",
        "email": "tacupaxi@alltopmail.com",
        "active": false,
        "enabled": true,
        "lastVisit": null,
        "roles": [
            "CLIENT"
        ]
    },
    {
        "id": 283,
        "username": "fizaridodi",
        "email": "fizaridodi@hd-mail.com",
        "active": false,
        "enabled": true,
        "lastVisit": null,
        "roles": [
            "CLIENT"
        ]
    },
    {
        "id": 295,
        "username": "xuvawiwi",
        "email": "xuvawiwi@hd-mail.com",
        "active": false,
        "enabled": true,
        "lastVisit": null,
        "roles": [
            "CLIENT"
        ]
    },
    {
        "id": 296,
        "username": "jogocif",
        "email": "jogocif@vimail24.com",
        "active": false,
        "enabled": true,
        "lastVisit": null,
        "roles": [
            "CLIENT"
        ]
    },
    {
        "id": 301,
        "username": "ruhecokuc",
        "email": "ruhecokuc@hd-mail.com",
        "active": false,
        "enabled": true,
        "lastVisit": null,
        "roles": [
            "CLIENT"
        ]
    },
    {
        "id": 277,
        "username": "666666666",
        "email": "ruti@omegafive.net",
        "active": true,
        "enabled": true,
        "lastVisit": "2019-08-27T13:47:57.502",
        "roles": [
            "CLIENT"
        ]
    },
    {
        "id": 303,
        "username": "kado",
        "email": "kado@top-mails.net",
        "active": false,
        "enabled": true,
        "lastVisit": null,
        "roles": [
            "CLIENT"
        ]
    },
    {
        "id": 304,
        "username": "mekojocule",
        "email": "mekojocule@five-club.com",
        "active": false,
        "enabled": true,
        "lastVisit": null,
        "roles": [
            "CLIENT"
        ]
    },
    {
        "id": 305,
        "username": "sufokucec",
        "email": "sufokucec@omegafive.net",
        "active": false,
        "enabled": true,
        "lastVisit": null,
        "roles": [
            "CLIENT"
        ]
    },
    {
        "id": 306,
        "username": "beya",
        "email": "beya@five-plus.net",
        "active": false,
        "enabled": true,
        "lastVisit": null,
        "roles": [
            "CLIENT"
        ]
    },
    {
        "id": 308,
        "username": "cVpwobgPTmIC",
        "email": "cVpwobgPTmIC@gmail.com",
        "active": false,
        "enabled": true,
        "lastVisit": null,
        "roles": [
            "CLIENT"
        ]
    },
    {
        "id": 309,
        "username": "lSLqfpPcISaA",
        "email": "lSLqfpPcISaA@gmail.com",
        "active": false,
        "enabled": true,
        "lastVisit": null,
        "roles": [
            "CLIENT"
        ]
    },
    {
        "id": 310,
        "username": "TRQzFcuhQHXW",
        "email": "TRQzFcuhQHXW@gmail.com",
        "active": false,
        "enabled": true,
        "lastVisit": null,
        "roles": [
            "CLIENT"
        ]
    },
    {
        "id": 311,
        "username": "OmWYadOKpCcT",
        "email": "OmWYadOKpCcT@gmail.com",
        "active": false,
        "enabled": true,
        "lastVisit": null,
        "roles": [
            "CLIENT"
        ]
    },
    {
        "id": 312,
        "username": "PfaHVwyHFwJu",
        "email": "PfaHVwyHFwJu@gmail.com",
        "active": false,
        "enabled": true,
        "lastVisit": null,
        "roles": [
            "CLIENT"
        ]
    },
    {
        "id": 313,
        "username": "TVcvigQyYJhU",
        "email": "TVcvigQyYJhU@gmail.com",
        "active": false,
        "enabled": true,
        "lastVisit": null,
        "roles": [
            "CLIENT"
        ]
    },
    {
        "id": 314,
        "username": "tuADYNfFPqSp",
        "email": "tuADYNfFPqSp@gmail.com",
        "active": false,
        "enabled": true,
        "lastVisit": null,
        "roles": [
            "CLIENT"
        ]
    },
    {
        "id": 315,
        "username": "EFlxMkrwdMpq",
        "email": "EFlxMkrwdMpq@gmail.com",
        "active": false,
        "enabled": true,
        "lastVisit": null,
        "roles": [
            "CLIENT"
        ]
    },
    {
        "id": 316,
        "username": "UuPRSFBUolBe",
        "email": "UuPRSFBUolBe@gmail.com",
        "active": false,
        "enabled": true,
        "lastVisit": null,
        "roles": [
            "CLIENT"
        ]
    },
    {
        "id": 317,
        "username": "iLOOowdjpFGR",
        "email": "iLOOowdjpFGR@gmail.com",
        "active": false,
        "enabled": true,
        "lastVisit": null,
        "roles": [
            "CLIENT"
        ]
    },
    {
        "id": 318,
        "username": "eorLUdwZCdQO",
        "email": "eorLUdwZCdQO@gmail.com",
        "active": false,
        "enabled": true,
        "lastVisit": null,
        "roles": [
            "CLIENT"
        ]
    },
    {
        "id": 319,
        "username": "WodNKxtQrxOL",
        "email": "WodNKxtQrxOL@gmail.com",
        "active": false,
        "enabled": true,
        "lastVisit": null,
        "roles": [
            "CLIENT"
        ]
    },
    {
        "id": 320,
        "username": "SyJhOTyNdVcE",
        "email": "SyJhOTyNdVcE@gmail.com",
        "active": false,
        "enabled": true,
        "lastVisit": null,
        "roles": [
            "CLIENT"
        ]
    },
    {
        "id": 321,
        "username": "FAlPCgsiUicj",
        "email": "FAlPCgsiUicj@gmail.com",
        "active": false,
        "enabled": true,
        "lastVisit": null,
        "roles": [
            "CLIENT"
        ]
    },
    {
        "id": 322,
        "username": "znIehJKQyCcD",
        "email": "znIehJKQyCcD@gmail.com",
        "active": false,
        "enabled": true,
        "lastVisit": null,
        "roles": [
            "CLIENT"
        ]
    },
    {
        "id": 323,
        "username": "MagygKtGJDLu",
        "email": "MagygKtGJDLu@gmail.com",
        "active": false,
        "enabled": true,
        "lastVisit": null,
        "roles": [
            "CLIENT"
        ]
    },
    {
        "id": 324,
        "username": "xwwUBFIufhUr",
        "email": "xwwUBFIufhUr@gmail.com",
        "active": false,
        "enabled": true,
        "lastVisit": null,
        "roles": [
            "CLIENT"
        ]
    },
    {
        "id": 325,
        "username": "PmwFMZtINQCu",
        "email": "PmwFMZtINQCu@gmail.com",
        "active": false,
        "enabled": true,
        "lastVisit": null,
        "roles": [
            "CLIENT"
        ]
    },
    {
        "id": 326,
        "username": "eKXezaUfLsQl",
        "email": "eKXezaUfLsQl@gmail.com",
        "active": false,
        "enabled": true,
        "lastVisit": null,
        "roles": [
            "CLIENT"
        ]
    },
    {
        "id": 327,
        "username": "ftJsEMmgVsOU",
        "email": "ftJsEMmgVsOU@gmail.com",
        "active": false,
        "enabled": true,
        "lastVisit": null,
        "roles": [
            "CLIENT"
        ]
    },
    {
        "id": 328,
        "username": "IkJZVltinjWg",
        "email": "IkJZVltinjWg@gmail.com",
        "active": false,
        "enabled": true,
        "lastVisit": null,
        "roles": [
            "CLIENT"
        ]
    },
    {
        "id": 329,
        "username": "asMfQZruGmnW",
        "email": "asMfQZruGmnW@gmail.com",
        "active": false,
        "enabled": true,
        "lastVisit": null,
        "roles": [
            "CLIENT"
        ]
    },
    {
        "id": 330,
        "username": "ZZKogBdXPGqA",
        "email": "ZZKogBdXPGqA@gmail.com",
        "active": false,
        "enabled": true,
        "lastVisit": null,
        "roles": [
            "CLIENT"
        ]
    },
    {
        "id": 331,
        "username": "KqaDJXNtzscS",
        "email": "KqaDJXNtzscS@gmail.com",
        "active": false,
        "enabled": true,
        "lastVisit": null,
        "roles": [
            "CLIENT"
        ]
    },
    {
        "id": 332,
        "username": "VoDHpPMUjrFU",
        "email": "VoDHpPMUjrFU@gmail.com",
        "active": false,
        "enabled": true,
        "lastVisit": null,
        "roles": [
            "CLIENT"
        ]
    },
    {
        "id": 333,
        "username": "KhOQrjVRQeWB",
        "email": "KhOQrjVRQeWB@gmail.com",
        "active": false,
        "enabled": true,
        "lastVisit": null,
        "roles": [
            "CLIENT"
        ]
    },
    {
        "id": 334,
        "username": "zqdWWRKSZpfg",
        "email": "zqdWWRKSZpfg@gmail.com",
        "active": false,
        "enabled": true,
        "lastVisit": null,
        "roles": [
            "CLIENT"
        ]
    },
    {
        "id": 335,
        "username": "jOYWBckoxkpV",
        "email": "jOYWBckoxkpV@gmail.com",
        "active": false,
        "enabled": true,
        "lastVisit": null,
        "roles": [
            "CLIENT"
        ]
    },
    {
        "id": 336,
        "username": "vZbspennGVog",
        "email": "vZbspennGVog@gmail.com",
        "active": false,
        "enabled": true,
        "lastVisit": null,
        "roles": [
            "CLIENT"
        ]
    },
    {
        "id": 337,
        "username": "klXQkanSCLLn",
        "email": "klXQkanSCLLn@gmail.com",
        "active": false,
        "enabled": true,
        "lastVisit": null,
        "roles": [
            "CLIENT"
        ]
    },
    {
        "id": 338,
        "username": "hEafBtdseyYl",
        "email": "hEafBtdseyYl@gmail.com",
        "active": false,
        "enabled": true,
        "lastVisit": null,
        "roles": [
            "CLIENT"
        ]
    },
    {
        "id": 339,
        "username": "SstCuRHNGcMI",
        "email": "SstCuRHNGcMI@gmail.com",
        "active": false,
        "enabled": true,
        "lastVisit": null,
        "roles": [
            "CLIENT"
        ]
    },
    {
        "id": 340,
        "username": "HGqYZqnmhlLt",
        "email": "HGqYZqnmhlLt@gmail.com",
        "active": false,
        "enabled": true,
        "lastVisit": null,
        "roles": [
            "CLIENT"
        ]
    },
    {
        "id": 341,
        "username": "aVVavMBmwUPi",
        "email": "aVVavMBmwUPi@gmail.com",
        "active": false,
        "enabled": true,
        "lastVisit": null,
        "roles": [
            "CLIENT"
        ]
    },
    {
        "id": 342,
        "username": "uyPvreYzxWIN",
        "email": "uyPvreYzxWIN@gmail.com",
        "active": false,
        "enabled": true,
        "lastVisit": null,
        "roles": [
            "CLIENT"
        ]
    },
    {
        "id": 343,
        "username": "oNzQSQxSDlGT",
        "email": "oNzQSQxSDlGT@gmail.com",
        "active": false,
        "enabled": true,
        "lastVisit": null,
        "roles": [
            "CLIENT"
        ]
    },
    {
        "id": 344,
        "username": "mCqTeSkoBUqY",
        "email": "mCqTeSkoBUqY@gmail.com",
        "active": false,
        "enabled": true,
        "lastVisit": null,
        "roles": [
            "CLIENT"
        ]
    },
    {
        "id": 345,
        "username": "EzVwzUvEZpSg",
        "email": "EzVwzUvEZpSg@gmail.com",
        "active": false,
        "enabled": true,
        "lastVisit": null,
        "roles": [
            "CLIENT"
        ]
    },
    {
        "id": 346,
        "username": "sslxnrWdWcOB",
        "email": "sslxnrWdWcOB@gmail.com",
        "active": false,
        "enabled": true,
        "lastVisit": null,
        "roles": [
            "CLIENT"
        ]
    },
    {
        "id": 347,
        "username": "JEoPKgvcJcdz",
        "email": "JEoPKgvcJcdz@gmail.com",
        "active": false,
        "enabled": true,
        "lastVisit": null,
        "roles": [
            "CLIENT"
        ]
    },
    {
        "id": 348,
        "username": "dPjvQXVnJEHr",
        "email": "dPjvQXVnJEHr@gmail.com",
        "active": false,
        "enabled": true,
        "lastVisit": null,
        "roles": [
            "CLIENT"
        ]
    },
    {
        "id": 349,
        "username": "mqxqITtojmzn",
        "email": "mqxqITtojmzn@gmail.com",
        "active": false,
        "enabled": true,
        "lastVisit": null,
        "roles": [
            "CLIENT"
        ]
    },
    {
        "id": 350,
        "username": "oDReGmorWlIM",
        "email": "oDReGmorWlIM@gmail.com",
        "active": false,
        "enabled": true,
        "lastVisit": null,
        "roles": [
            "CLIENT"
        ]
    },
    {
        "id": 351,
        "username": "BsDKNTDAcYcp",
        "email": "BsDKNTDAcYcp@gmail.com",
        "active": false,
        "enabled": true,
        "lastVisit": null,
        "roles": [
            "CLIENT"
        ]
    },
    {
        "id": 352,
        "username": "gEBbkZotBWOJ",
        "email": "gEBbkZotBWOJ@gmail.com",
        "active": false,
        "enabled": true,
        "lastVisit": null,
        "roles": [
            "CLIENT"
        ]
    },
    {
        "id": 353,
        "username": "uXWbLPvJrPYb",
        "email": "uXWbLPvJrPYb@gmail.com",
        "active": false,
        "enabled": true,
        "lastVisit": null,
        "roles": [
            "CLIENT"
        ]
    },
    {
        "id": 354,
        "username": "MrhcuhYIDrER",
        "email": "MrhcuhYIDrER@gmail.com",
        "active": false,
        "enabled": true,
        "lastVisit": null,
        "roles": [
            "CLIENT"
        ]
    },
    {
        "id": 355,
        "username": "QDfNVTpIazIc",
        "email": "QDfNVTpIazIc@gmail.com",
        "active": false,
        "enabled": true,
        "lastVisit": null,
        "roles": [
            "CLIENT"
        ]
    },
    {
        "id": 356,
        "username": "QKoImAenecRT",
        "email": "QKoImAenecRT@gmail.com",
        "active": false,
        "enabled": true,
        "lastVisit": null,
        "roles": [
            "CLIENT"
        ]
    },
    {
        "id": 357,
        "username": "daCKqbKEMdYy",
        "email": "daCKqbKEMdYy@gmail.com",
        "active": false,
        "enabled": true,
        "lastVisit": null,
        "roles": [
            "CLIENT"
        ]
    },
    {
        "id": 358,
        "username": "mIaZyuWfkreF",
        "email": "mIaZyuWfkreF@gmail.com",
        "active": false,
        "enabled": true,
        "lastVisit": null,
        "roles": [
            "CLIENT"
        ]
    },
    {
        "id": 359,
        "username": "qoajQzpFBajy",
        "email": "qoajQzpFBajy@gmail.com",
        "active": false,
        "enabled": true,
        "lastVisit": null,
        "roles": [
            "CLIENT"
        ]
    },
    {
        "id": 360,
        "username": "wEDEucnJcfPl",
        "email": "wEDEucnJcfPl@gmail.com",
        "active": false,
        "enabled": true,
        "lastVisit": null,
        "roles": [
            "CLIENT"
        ]
    },
    {
        "id": 361,
        "username": "HhzNuYXFeMTX",
        "email": "HhzNuYXFeMTX@gmail.com",
        "active": false,
        "enabled": true,
        "lastVisit": null,
        "roles": [
            "CLIENT"
        ]
    },
    {
        "id": 362,
        "username": "hCLpkbSSugRe",
        "email": "hCLpkbSSugRe@gmail.com",
        "active": false,
        "enabled": true,
        "lastVisit": null,
        "roles": [
            "CLIENT"
        ]
    },
    {
        "id": 363,
        "username": "nHPtSGeLYiHb",
        "email": "nHPtSGeLYiHb@gmail.com",
        "active": false,
        "enabled": true,
        "lastVisit": null,
        "roles": [
            "CLIENT"
        ]
    },
    {
        "id": 364,
        "username": "SuTaGbPgBGYV",
        "email": "SuTaGbPgBGYV@gmail.com",
        "active": false,
        "enabled": true,
        "lastVisit": null,
        "roles": [
            "CLIENT"
        ]
    },
    {
        "id": 365,
        "username": "ntbLCftiNSRN",
        "email": "ntbLCftiNSRN@gmail.com",
        "active": false,
        "enabled": true,
        "lastVisit": null,
        "roles": [
            "CLIENT"
        ]
    },
    {
        "id": 366,
        "username": "geyLGgjdCfPQ",
        "email": "geyLGgjdCfPQ@gmail.com",
        "active": false,
        "enabled": true,
        "lastVisit": null,
        "roles": [
            "CLIENT"
        ]
    },
    {
        "id": 367,
        "username": "uFCiqFWpCPvM",
        "email": "uFCiqFWpCPvM@gmail.com",
        "active": false,
        "enabled": true,
        "lastVisit": null,
        "roles": [
            "CLIENT"
        ]
    },
    {
        "id": 368,
        "username": "RwhtDQKhPkmQ",
        "email": "RwhtDQKhPkmQ@gmail.com",
        "active": false,
        "enabled": true,
        "lastVisit": null,
        "roles": [
            "CLIENT"
        ]
    },
    {
        "id": 369,
        "username": "nwAsdtgrwfUU",
        "email": "nwAsdtgrwfUU@gmail.com",
        "active": false,
        "enabled": true,
        "lastVisit": null,
        "roles": [
            "CLIENT"
        ]
    },
    {
        "id": 370,
        "username": "dtRegbvwejUl",
        "email": "dtRegbvwejUl@gmail.com",
        "active": false,
        "enabled": true,
        "lastVisit": null,
        "roles": [
            "CLIENT"
        ]
    },
    {
        "id": 371,
        "username": "tcHdITFBfJHK",
        "email": "tcHdITFBfJHK@gmail.com",
        "active": false,
        "enabled": true,
        "lastVisit": null,
        "roles": [
            "CLIENT"
        ]
    },
    {
        "id": 372,
        "username": "UzPkaTmEonUg",
        "email": "UzPkaTmEonUg@gmail.com",
        "active": false,
        "enabled": true,
        "lastVisit": null,
        "roles": [
            "CLIENT"
        ]
    },
    {
        "id": 373,
        "username": "IjyOwLHzYUMH",
        "email": "IjyOwLHzYUMH@gmail.com",
        "active": false,
        "enabled": true,
        "lastVisit": null,
        "roles": [
            "CLIENT"
        ]
    },
    {
        "id": 374,
        "username": "XezWxqbXLdwd",
        "email": "XezWxqbXLdwd@gmail.com",
        "active": false,
        "enabled": true,
        "lastVisit": null,
        "roles": [
            "CLIENT"
        ]
    },
    {
        "id": 375,
        "username": "ObNbEXSkJnrB",
        "email": "ObNbEXSkJnrB@gmail.com",
        "active": false,
        "enabled": true,
        "lastVisit": null,
        "roles": [
            "CLIENT"
        ]
    },
    {
        "id": 376,
        "username": "NoRtOAReyrxA",
        "email": "NoRtOAReyrxA@gmail.com",
        "active": false,
        "enabled": true,
        "lastVisit": null,
        "roles": [
            "CLIENT"
        ]
    },
    {
        "id": 377,
        "username": "TrNALkVpHXmv",
        "email": "TrNALkVpHXmv@gmail.com",
        "active": false,
        "enabled": true,
        "lastVisit": null,
        "roles": [
            "CLIENT"
        ]
    },
    {
        "id": 378,
        "username": "cuTUaOpqUkUc",
        "email": "cuTUaOpqUkUc@gmail.com",
        "active": false,
        "enabled": true,
        "lastVisit": null,
        "roles": [
            "CLIENT"
        ]
    },
    {
        "id": 379,
        "username": "xEvhsROdkyxL",
        "email": "xEvhsROdkyxL@gmail.com",
        "active": false,
        "enabled": true,
        "lastVisit": null,
        "roles": [
            "CLIENT"
        ]
    },
    {
        "id": 380,
        "username": "mMgVIIfBpYJr",
        "email": "mMgVIIfBpYJr@gmail.com",
        "active": false,
        "enabled": true,
        "lastVisit": null,
        "roles": [
            "CLIENT"
        ]
    },
    {
        "id": 381,
        "username": "YuJQEYcmzoYK",
        "email": "YuJQEYcmzoYK@gmail.com",
        "active": false,
        "enabled": true,
        "lastVisit": null,
        "roles": [
            "CLIENT"
        ]
    },
    {
        "id": 382,
        "username": "RRVxRLpCqwun",
        "email": "RRVxRLpCqwun@gmail.com",
        "active": false,
        "enabled": true,
        "lastVisit": null,
        "roles": [
            "CLIENT"
        ]
    },
    {
        "id": 383,
        "username": "wkOFAKRFPtEd",
        "email": "wkOFAKRFPtEd@gmail.com",
        "active": false,
        "enabled": true,
        "lastVisit": null,
        "roles": [
            "CLIENT"
        ]
    },
    {
        "id": 384,
        "username": "vTLXTRkBKwOZ",
        "email": "vTLXTRkBKwOZ@gmail.com",
        "active": false,
        "enabled": true,
        "lastVisit": null,
        "roles": [
            "CLIENT"
        ]
    },
    {
        "id": 385,
        "username": "zbBxpENZSWEJ",
        "email": "zbBxpENZSWEJ@gmail.com",
        "active": false,
        "enabled": true,
        "lastVisit": null,
        "roles": [
            "CLIENT"
        ]
    },
    {
        "id": 386,
        "username": "UvNRfwpMATJm",
        "email": "UvNRfwpMATJm@gmail.com",
        "active": false,
        "enabled": true,
        "lastVisit": null,
        "roles": [
            "CLIENT"
        ]
    },
    {
        "id": 387,
        "username": "AQuiMHrUzaWa",
        "email": "AQuiMHrUzaWa@gmail.com",
        "active": false,
        "enabled": true,
        "lastVisit": null,
        "roles": [
            "CLIENT"
        ]
    },
    {
        "id": 388,
        "username": "FCqPHDWVTjPS",
        "email": "FCqPHDWVTjPS@gmail.com",
        "active": false,
        "enabled": true,
        "lastVisit": null,
        "roles": [
            "CLIENT"
        ]
    },
    {
        "id": 389,
        "username": "vyJTyuWSbisD",
        "email": "vyJTyuWSbisD@gmail.com",
        "active": false,
        "enabled": true,
        "lastVisit": null,
        "roles": [
            "CLIENT"
        ]
    },
    {
        "id": 390,
        "username": "PvRoxGsDfazY",
        "email": "PvRoxGsDfazY@gmail.com",
        "active": false,
        "enabled": true,
        "lastVisit": null,
        "roles": [
            "CLIENT"
        ]
    },
    {
        "id": 391,
        "username": "KbmTkMGdaJEp",
        "email": "KbmTkMGdaJEp@gmail.com",
        "active": false,
        "enabled": true,
        "lastVisit": null,
        "roles": [
            "CLIENT"
        ]
    },
    {
        "id": 392,
        "username": "aGtRDycUeLAO",
        "email": "aGtRDycUeLAO@gmail.com",
        "active": false,
        "enabled": true,
        "lastVisit": null,
        "roles": [
            "CLIENT"
        ]
    },
    {
        "id": 393,
        "username": "zjVVbRtUGeox",
        "email": "zjVVbRtUGeox@gmail.com",
        "active": false,
        "enabled": true,
        "lastVisit": null,
        "roles": [
            "CLIENT"
        ]
    },
    {
        "id": 394,
        "username": "cBCJiEzWBlUU",
        "email": "cBCJiEzWBlUU@gmail.com",
        "active": false,
        "enabled": true,
        "lastVisit": null,
        "roles": [
            "CLIENT"
        ]
    },
    {
        "id": 395,
        "username": "LykmOPouDJhe",
        "email": "LykmOPouDJhe@gmail.com",
        "active": false,
        "enabled": true,
        "lastVisit": null,
        "roles": [
            "CLIENT"
        ]
    },
    {
        "id": 396,
        "username": "UckxkGEqBYsH",
        "email": "UckxkGEqBYsH@gmail.com",
        "active": false,
        "enabled": true,
        "lastVisit": null,
        "roles": [
            "CLIENT"
        ]
    },
    {
        "id": 397,
        "username": "lEJMzbtAcCah",
        "email": "lEJMzbtAcCah@gmail.com",
        "active": false,
        "enabled": true,
        "lastVisit": null,
        "roles": [
            "CLIENT"
        ]
    },
    {
        "id": 398,
        "username": "leVpjsJiFxFt",
        "email": "leVpjsJiFxFt@gmail.com",
        "active": false,
        "enabled": true,
        "lastVisit": null,
        "roles": [
            "CLIENT"
        ]
    },
    {
        "id": 399,
        "username": "JZtpDBFjrDkh",
        "email": "JZtpDBFjrDkh@gmail.com",
        "active": false,
        "enabled": true,
        "lastVisit": null,
        "roles": [
            "CLIENT"
        ]
    },
    {
        "id": 400,
        "username": "PHszPzyBSTiv",
        "email": "PHszPzyBSTiv@gmail.com",
        "active": false,
        "enabled": true,
        "lastVisit": null,
        "roles": [
            "CLIENT"
        ]
    },
    {
        "id": 401,
        "username": "HkBYAoARGSPs",
        "email": "HkBYAoARGSPs@gmail.com",
        "active": false,
        "enabled": true,
        "lastVisit": null,
        "roles": [
            "CLIENT"
        ]
    },
    {
        "id": 402,
        "username": "YNRBhnmfiyyf",
        "email": "YNRBhnmfiyyf@gmail.com",
        "active": false,
        "enabled": true,
        "lastVisit": null,
        "roles": [
            "CLIENT"
        ]
    },
    {
        "id": 403,
        "username": "ncHJduNTvgcu",
        "email": "ncHJduNTvgcu@gmail.com",
        "active": false,
        "enabled": true,
        "lastVisit": null,
        "roles": [
            "CLIENT"
        ]
    },
    {
        "id": 404,
        "username": "AuTSpkrZyZwG",
        "email": "AuTSpkrZyZwG@gmail.com",
        "active": false,
        "enabled": true,
        "lastVisit": null,
        "roles": [
            "CLIENT"
        ]
    },
    {
        "id": 405,
        "username": "lJtDdjdCaWmC",
        "email": "lJtDdjdCaWmC@gmail.com",
        "active": false,
        "enabled": true,
        "lastVisit": null,
        "roles": [
            "CLIENT"
        ]
    },
    {
        "id": 406,
        "username": "ZdGxgXAubETu",
        "email": "ZdGxgXAubETu@gmail.com",
        "active": false,
        "enabled": true,
        "lastVisit": null,
        "roles": [
            "CLIENT"
        ]
    },
    {
        "id": 407,
        "username": "iMLdpBEIWMlZ",
        "email": "iMLdpBEIWMlZ@gmail.com",
        "active": false,
        "enabled": true,
        "lastVisit": null,
        "roles": [
            "CLIENT"
        ]
    },
    {
        "id": 408,
        "username": "dGDsUWMDTRAm",
        "email": "dGDsUWMDTRAm@gmail.com",
        "active": false,
        "enabled": true,
        "lastVisit": null,
        "roles": [
            "CLIENT"
        ]
    },
    {
        "id": 409,
        "username": "OKeswFreIxEt",
        "email": "OKeswFreIxEt@gmail.com",
        "active": false,
        "enabled": true,
        "lastVisit": null,
        "roles": [
            "CLIENT"
        ]
    },
    {
        "id": 410,
        "username": "WMBXOaacOfso",
        "email": "WMBXOaacOfso@gmail.com",
        "active": false,
        "enabled": true,
        "lastVisit": null,
        "roles": [
            "CLIENT"
        ]
    },
    {
        "id": 411,
        "username": "TGbkVqSRHSZi",
        "email": "TGbkVqSRHSZi@gmail.com",
        "active": false,
        "enabled": true,
        "lastVisit": null,
        "roles": [
            "CLIENT"
        ]
    },
    {
        "id": 412,
        "username": "mciNTPPFtpuy",
        "email": "mciNTPPFtpuy@gmail.com",
        "active": false,
        "enabled": true,
        "lastVisit": null,
        "roles": [
            "CLIENT"
        ]
    },
    {
        "id": 413,
        "username": "RnvWfFhFJDDI",
        "email": "RnvWfFhFJDDI@gmail.com",
        "active": false,
        "enabled": true,
        "lastVisit": null,
        "roles": [
            "CLIENT"
        ]
    },
    {
        "id": 414,
        "username": "CywgvELEZcLk",
        "email": "CywgvELEZcLk@gmail.com",
        "active": false,
        "enabled": true,
        "lastVisit": null,
        "roles": [
            "CLIENT"
        ]
    },
    {
        "id": 415,
        "username": "aQvNKIhPyZgb",
        "email": "aQvNKIhPyZgb@gmail.com",
        "active": false,
        "enabled": true,
        "lastVisit": null,
        "roles": [
            "CLIENT"
        ]
    },
    {
        "id": 416,
        "username": "zYCcaTEOfkJe",
        "email": "zYCcaTEOfkJe@gmail.com",
        "active": false,
        "enabled": true,
        "lastVisit": null,
        "roles": [
            "CLIENT"
        ]
    },
    {
        "id": 417,
        "username": "QtPbtJgXITkU",
        "email": "QtPbtJgXITkU@gmail.com",
        "active": false,
        "enabled": true,
        "lastVisit": null,
        "roles": [
            "CLIENT"
        ]
    },
    {
        "id": 418,
        "username": "oYgcjxeYREkZ",
        "email": "oYgcjxeYREkZ@gmail.com",
        "active": false,
        "enabled": true,
        "lastVisit": null,
        "roles": [
            "CLIENT"
        ]
    },
    {
        "id": 419,
        "username": "QyFPvXgGvewh",
        "email": "QyFPvXgGvewh@gmail.com",
        "active": false,
        "enabled": true,
        "lastVisit": null,
        "roles": [
            "CLIENT"
        ]
    },
    {
        "id": 420,
        "username": "DwCZgdgxKggK",
        "email": "DwCZgdgxKggK@gmail.com",
        "active": false,
        "enabled": true,
        "lastVisit": null,
        "roles": [
            "CLIENT"
        ]
    },
    {
        "id": 421,
        "username": "RpTzOEHZostA",
        "email": "RpTzOEHZostA@gmail.com",
        "active": false,
        "enabled": true,
        "lastVisit": null,
        "roles": [
            "CLIENT"
        ]
    },
    {
        "id": 422,
        "username": "EkzjffACfiMT",
        "email": "EkzjffACfiMT@gmail.com",
        "active": false,
        "enabled": true,
        "lastVisit": null,
        "roles": [
            "CLIENT"
        ]
    },
    {
        "id": 423,
        "username": "FicdRksnfmlq",
        "email": "FicdRksnfmlq@gmail.com",
        "active": false,
        "enabled": true,
        "lastVisit": null,
        "roles": [
            "CLIENT"
        ]
    },
    {
        "id": 424,
        "username": "pVVfLgpKxMRZ",
        "email": "pVVfLgpKxMRZ@gmail.com",
        "active": false,
        "enabled": true,
        "lastVisit": null,
        "roles": [
            "CLIENT"
        ]
    },
    {
        "id": 425,
        "username": "VdaZOiLNDRgv",
        "email": "VdaZOiLNDRgv@gmail.com",
        "active": false,
        "enabled": true,
        "lastVisit": null,
        "roles": [
            "CLIENT"
        ]
    },
    {
        "id": 426,
        "username": "TpsyBkIManFX",
        "email": "TpsyBkIManFX@gmail.com",
        "active": false,
        "enabled": true,
        "lastVisit": null,
        "roles": [
            "CLIENT"
        ]
    },
    {
        "id": 427,
        "username": "VAimjYXEHXRq",
        "email": "VAimjYXEHXRq@gmail.com",
        "active": false,
        "enabled": true,
        "lastVisit": null,
        "roles": [
            "CLIENT"
        ]
    },
    {
        "id": 429,
        "username": "JXOGdwvvnahz",
        "email": "JXOGdwvvnahz@gmail.com",
        "active": false,
        "enabled": true,
        "lastVisit": null,
        "roles": [
            "CLIENT"
        ]
    },
    {
        "id": 430,
        "username": "udDDoaeXDqJI",
        "email": "udDDoaeXDqJI@gmail.com",
        "active": false,
        "enabled": true,
        "lastVisit": null,
        "roles": [
            "CLIENT"
        ]
    },
    {
        "id": 431,
        "username": "ZQnxnfiDbAtC",
        "email": "ZQnxnfiDbAtC@gmail.com",
        "active": false,
        "enabled": true,
        "lastVisit": null,
        "roles": [
            "CLIENT"
        ]
    },
    {
        "id": 433,
        "username": "idKqxcbZozMe",
        "email": "idKqxcbZozMe@gmail.com",
        "active": false,
        "enabled": true,
        "lastVisit": null,
        "roles": [
            "CLIENT"
        ]
    },
    {
        "id": 428,
        "username": "PxImxcRJtEyF",
        "email": "PxImxcRJtEyF@gmail.com",
        "active": false,
        "enabled": true,
        "lastVisit": null,
        "roles": [
            "CLIENT"
        ]
    },
    {
        "id": 432,
        "username": "YolUaCCfWYeH",
        "email": "YolUaCCfWYeH@gmail.com",
        "active": false,
        "enabled": true,
        "lastVisit": null,
        "roles": [
            "CLIENT"
        ]
    },
    {
        "id": 434,
        "username": "IpMEorvUvqHe",
        "email": "IpMEorvUvqHe@gmail.com",
        "active": false,
        "enabled": true,
        "lastVisit": null,
        "roles": [
            "CLIENT"
        ]
    },
    {
        "id": 435,
        "username": "eRaLshZoHGEk",
        "email": "eRaLshZoHGEk@gmail.com",
        "active": false,
        "enabled": true,
        "lastVisit": null,
        "roles": [
            "CLIENT"
        ]
    },
    {
        "id": 436,
        "username": "IiPUqPsESmYv",
        "email": "IiPUqPsESmYv@gmail.com",
        "active": false,
        "enabled": true,
        "lastVisit": null,
        "roles": [
            "CLIENT"
        ]
    },
    {
        "id": 437,
        "username": "DIZxaQedMKRi",
        "email": "DIZxaQedMKRi@gmail.com",
        "active": false,
        "enabled": true,
        "lastVisit": null,
        "roles": [
            "CLIENT"
        ]
    },
    {
        "id": 438,
        "username": "oKbWlGaOqDVm",
        "email": "oKbWlGaOqDVm@gmail.com",
        "active": false,
        "enabled": true,
        "lastVisit": null,
        "roles": [
            "CLIENT"
        ]
    },
    {
        "id": 439,
        "username": "mKwxfNDAcokx",
        "email": "mKwxfNDAcokx@gmail.com",
        "active": false,
        "enabled": true,
        "lastVisit": null,
        "roles": [
            "CLIENT"
        ]
    },
    {
        "id": 440,
        "username": "RruZZSHyPQml",
        "email": "RruZZSHyPQml@gmail.com",
        "active": false,
        "enabled": true,
        "lastVisit": null,
        "roles": [
            "CLIENT"
        ]
    },
    {
        "id": 441,
        "username": "ypcVxlomfstp",
        "email": "ypcVxlomfstp@gmail.com",
        "active": false,
        "enabled": true,
        "lastVisit": null,
        "roles": [
            "CLIENT"
        ]
    },
    {
        "id": 442,
        "username": "MrAozKXZHlwq",
        "email": "MrAozKXZHlwq@gmail.com",
        "active": false,
        "enabled": true,
        "lastVisit": null,
        "roles": [
            "CLIENT"
        ]
    },
    {
        "id": 443,
        "username": "mQbARUHZDzKl",
        "email": "mQbARUHZDzKl@gmail.com",
        "active": false,
        "enabled": true,
        "lastVisit": null,
        "roles": [
            "CLIENT"
        ]
    },
    {
        "id": 444,
        "username": "fUGXbPLyGdPA",
        "email": "fUGXbPLyGdPA@gmail.com",
        "active": false,
        "enabled": true,
        "lastVisit": null,
        "roles": [
            "CLIENT"
        ]
    },
    {
        "id": 445,
        "username": "IpkXjiOAznLF",
        "email": "IpkXjiOAznLF@gmail.com",
        "active": false,
        "enabled": true,
        "lastVisit": null,
        "roles": [
            "CLIENT"
        ]
    },
    {
        "id": 446,
        "username": "gbrOhWLKbcnf",
        "email": "gbrOhWLKbcnf@gmail.com",
        "active": false,
        "enabled": true,
        "lastVisit": null,
        "roles": [
            "CLIENT"
        ]
    },
    {
        "id": 447,
        "username": "xtkLVxjArCjP",
        "email": "xtkLVxjArCjP@gmail.com",
        "active": false,
        "enabled": true,
        "lastVisit": null,
        "roles": [
            "CLIENT"
        ]
    },
    {
        "id": 448,
        "username": "lDZXXtExRMuu",
        "email": "lDZXXtExRMuu@gmail.com",
        "active": false,
        "enabled": true,
        "lastVisit": null,
        "roles": [
            "CLIENT"
        ]
    },
    {
        "id": 449,
        "username": "aOCBFydYoKSq",
        "email": "aOCBFydYoKSq@gmail.com",
        "active": false,
        "enabled": true,
        "lastVisit": null,
        "roles": [
            "CLIENT"
        ]
    },
    {
        "id": 450,
        "username": "lHMAABxpANor",
        "email": "lHMAABxpANor@gmail.com",
        "active": false,
        "enabled": true,
        "lastVisit": null,
        "roles": [
            "CLIENT"
        ]
    },
    {
        "id": 451,
        "username": "oDGAzGRSYbeH",
        "email": "oDGAzGRSYbeH@gmail.com",
        "active": false,
        "enabled": true,
        "lastVisit": null,
        "roles": [
            "CLIENT"
        ]
    },
    {
        "id": 452,
        "username": "JtVecFOIiWTN",
        "email": "JtVecFOIiWTN@gmail.com",
        "active": false,
        "enabled": true,
        "lastVisit": null,
        "roles": [
            "CLIENT"
        ]
    },
    {
        "id": 453,
        "username": "nmgrIkZdiViU",
        "email": "nmgrIkZdiViU@gmail.com",
        "active": false,
        "enabled": true,
        "lastVisit": null,
        "roles": [
            "CLIENT"
        ]
    },
    {
        "id": 454,
        "username": "eopXpWPcBLqL",
        "email": "eopXpWPcBLqL@gmail.com",
        "active": false,
        "enabled": true,
        "lastVisit": null,
        "roles": [
            "CLIENT"
        ]
    },
    {
        "id": 455,
        "username": "RRDJslRGPEgd",
        "email": "RRDJslRGPEgd@gmail.com",
        "active": false,
        "enabled": true,
        "lastVisit": null,
        "roles": [
            "CLIENT"
        ]
    },
    {
        "id": 456,
        "username": "GSgCKZUZGhbl",
        "email": "GSgCKZUZGhbl@gmail.com",
        "active": false,
        "enabled": true,
        "lastVisit": null,
        "roles": [
            "CLIENT"
        ]
    },
    {
        "id": 457,
        "username": "TrFnEenPLKKi",
        "email": "TrFnEenPLKKi@gmail.com",
        "active": false,
        "enabled": true,
        "lastVisit": null,
        "roles": [
            "CLIENT"
        ]
    },
    {
        "id": 458,
        "username": "gItSiCipJSSD",
        "email": "gItSiCipJSSD@gmail.com",
        "active": false,
        "enabled": true,
        "lastVisit": null,
        "roles": [
            "CLIENT"
        ]
    },
    {
        "id": 459,
        "username": "ZzEGQKTVtPOm",
        "email": "ZzEGQKTVtPOm@gmail.com",
        "active": false,
        "enabled": true,
        "lastVisit": null,
        "roles": [
            "CLIENT"
        ]
    },
    {
        "id": 460,
        "username": "GamzkjdOKWcB",
        "email": "GamzkjdOKWcB@gmail.com",
        "active": false,
        "enabled": true,
        "lastVisit": null,
        "roles": [
            "CLIENT"
        ]
    },
    {
        "id": 461,
        "username": "tgoPBVdKNMIG",
        "email": "tgoPBVdKNMIG@gmail.com",
        "active": false,
        "enabled": true,
        "lastVisit": null,
        "roles": [
            "CLIENT"
        ]
    },
    {
        "id": 462,
        "username": "adCkpEOJweDg",
        "email": "adCkpEOJweDg@gmail.com",
        "active": false,
        "enabled": true,
        "lastVisit": null,
        "roles": [
            "CLIENT"
        ]
    },
    {
        "id": 463,
        "username": "NfBeNLSDcrjO",
        "email": "NfBeNLSDcrjO@gmail.com",
        "active": false,
        "enabled": true,
        "lastVisit": null,
        "roles": [
            "CLIENT"
        ]
    },
    {
        "id": 464,
        "username": "HGjnFotUgEYt",
        "email": "HGjnFotUgEYt@gmail.com",
        "active": false,
        "enabled": true,
        "lastVisit": null,
        "roles": [
            "CLIENT"
        ]
    },
    {
        "id": 465,
        "username": "mlVijeZXIOfT",
        "email": "mlVijeZXIOfT@gmail.com",
        "active": false,
        "enabled": true,
        "lastVisit": null,
        "roles": [
            "CLIENT"
        ]
    },
    {
        "id": 466,
        "username": "wpHXWlKEVkpn",
        "email": "wpHXWlKEVkpn@gmail.com",
        "active": false,
        "enabled": true,
        "lastVisit": null,
        "roles": [
            "CLIENT"
        ]
    },
    {
        "id": 467,
        "username": "vHVppBXMEOoH",
        "email": "vHVppBXMEOoH@gmail.com",
        "active": false,
        "enabled": true,
        "lastVisit": null,
        "roles": [
            "CLIENT"
        ]
    },
    {
        "id": 468,
        "username": "vONNdrbFAGEh",
        "email": "vONNdrbFAGEh@gmail.com",
        "active": false,
        "enabled": true,
        "lastVisit": null,
        "roles": [
            "CLIENT"
        ]
    },
    {
        "id": 469,
        "username": "JVpzaMcNWCmT",
        "email": "JVpzaMcNWCmT@gmail.com",
        "active": false,
        "enabled": true,
        "lastVisit": null,
        "roles": [
            "CLIENT"
        ]
    },
    {
        "id": 482,
        "username": "pQhesecWrZHR",
        "email": "pQhesecWrZHR@gmail.com",
        "active": false,
        "enabled": true,
        "lastVisit": null,
        "roles": [
            "CLIENT"
        ]
    },
    {
        "id": 470,
        "username": "XjkmMlwzgKia",
        "email": "XjkmMlwzgKia@gmail.com",
        "active": false,
        "enabled": true,
        "lastVisit": null,
        "roles": [
            "CLIENT"
        ]
    },
    {
        "id": 471,
        "username": "gGqZUMRfoZmJ",
        "email": "gGqZUMRfoZmJ@gmail.com",
        "active": false,
        "enabled": true,
        "lastVisit": null,
        "roles": [
            "CLIENT"
        ]
    },
    {
        "id": 472,
        "username": "JQFYUzBmWteK",
        "email": "JQFYUzBmWteK@gmail.com",
        "active": false,
        "enabled": true,
        "lastVisit": null,
        "roles": [
            "CLIENT"
        ]
    },
    {
        "id": 473,
        "username": "CuDKkFzVVsRu",
        "email": "CuDKkFzVVsRu@gmail.com",
        "active": false,
        "enabled": true,
        "lastVisit": null,
        "roles": [
            "CLIENT"
        ]
    },
    {
        "id": 474,
        "username": "ZAFDTPbzRzTx",
        "email": "ZAFDTPbzRzTx@gmail.com",
        "active": false,
        "enabled": true,
        "lastVisit": null,
        "roles": [
            "CLIENT"
        ]
    },
    {
        "id": 475,
        "username": "WVmLkdAZFxBy",
        "email": "WVmLkdAZFxBy@gmail.com",
        "active": false,
        "enabled": true,
        "lastVisit": null,
        "roles": [
            "CLIENT"
        ]
    },
    {
        "id": 476,
        "username": "Ruslan.Molchanov",
        "email": "Ruslan.Molchanov@zensoft.io",
        "active": false,
        "enabled": true,
        "lastVisit": null,
        "roles": [
            "CLIENT"
        ]
    },
    {
        "id": 477,
        "username": "gpnmiEUdRLgg",
        "email": "gpnmiEUdRLgg@gmail.com",
        "active": false,
        "enabled": true,
        "lastVisit": null,
        "roles": [
            "CLIENT"
        ]
    },
    {
        "id": 478,
        "username": "QnWvPhKGoPHj",
        "email": "QnWvPhKGoPHj@gmail.com",
        "active": false,
        "enabled": true,
        "lastVisit": null,
        "roles": [
            "CLIENT"
        ]
    },
    {
        "id": 479,
        "username": "YNeRbDCsWCuD",
        "email": "YNeRbDCsWCuD@gmail.com",
        "active": false,
        "enabled": true,
        "lastVisit": null,
        "roles": [
            "CLIENT"
        ]
    },
    {
        "id": 483,
        "username": "JLcWuDZymyHs",
        "email": "JLcWuDZymyHs@gmail.com",
        "active": false,
        "enabled": true,
        "lastVisit": null,
        "roles": [
            "CLIENT"
        ]
    },
    {
        "id": 480,
        "username": "BBAcocAuGfYN",
        "email": "BBAcocAuGfYN@gmail.com",
        "active": false,
        "enabled": true,
        "lastVisit": null,
        "roles": [
            "CLIENT"
        ]
    },
    {
        "id": 481,
        "username": "QulWqOQGPWhT",
        "email": "QulWqOQGPWhT@gmail.com",
        "active": false,
        "enabled": true,
        "lastVisit": null,
        "roles": [
            "CLIENT"
        ]
    },
    {
        "id": 484,
        "username": "gkqzgstsxByC",
        "email": "gkqzgstsxByC@gmail.com",
        "active": false,
        "enabled": true,
        "lastVisit": null,
        "roles": [
            "CLIENT"
        ]
    },
    {
        "id": 485,
        "username": "LarCMpKRKPGn",
        "email": "LarCMpKRKPGn@gmail.com",
        "active": false,
        "enabled": true,
        "lastVisit": null,
        "roles": [
            "CLIENT"
        ]
    },
    {
        "id": 486,
        "username": "knYyoLyXHmUp",
        "email": "knYyoLyXHmUp@gmail.com",
        "active": false,
        "enabled": true,
        "lastVisit": null,
        "roles": [
            "CLIENT"
        ]
    },
    {
        "id": 487,
        "username": "mAQvkLbIMWib",
        "email": "mAQvkLbIMWib@gmail.com",
        "active": false,
        "enabled": true,
        "lastVisit": null,
        "roles": [
            "CLIENT"
        ]
    },
    {
        "id": 488,
        "username": "sDYqmaZZwuQm",
        "email": "sDYqmaZZwuQm@gmail.com",
        "active": false,
        "enabled": true,
        "lastVisit": null,
        "roles": [
            "CLIENT"
        ]
    },
    {
        "id": 489,
        "username": "CCNbGPPgfBpE",
        "email": "CCNbGPPgfBpE@gmail.com",
        "active": false,
        "enabled": true,
        "lastVisit": null,
        "roles": [
            "CLIENT"
        ]
    },
    {
        "id": 490,
        "username": "fPJmBoezCiTO",
        "email": "fPJmBoezCiTO@gmail.com",
        "active": false,
        "enabled": true,
        "lastVisit": null,
        "roles": [
            "CLIENT"
        ]
    },
    {
        "id": 529,
        "username": "yDHbHmIeyyjG",
        "email": "yDHbHmIeyyjG@gmail.com",
        "active": false,
        "enabled": true,
        "lastVisit": null,
        "roles": [
            "CLIENT"
        ]
    },
    {
        "id": 491,
        "username": "PBqxdtQwBuAe",
        "email": "PBqxdtQwBuAe@gmail.com",
        "active": false,
        "enabled": true,
        "lastVisit": null,
        "roles": [
            "CLIENT"
        ]
    },
    {
        "id": 492,
        "username": "vUUwJWOwBGEH",
        "email": "vUUwJWOwBGEH@gmail.com",
        "active": false,
        "enabled": true,
        "lastVisit": null,
        "roles": [
            "CLIENT"
        ]
    },
    {
        "id": 493,
        "username": "NnxYWrbMbRxH",
        "email": "NnxYWrbMbRxH@gmail.com",
        "active": false,
        "enabled": true,
        "lastVisit": null,
        "roles": [
            "CLIENT"
        ]
    },
    {
        "id": 494,
        "username": "VwnjnXyirKdN",
        "email": "VwnjnXyirKdN@gmail.com",
        "active": false,
        "enabled": true,
        "lastVisit": null,
        "roles": [
            "CLIENT"
        ]
    },
    {
        "id": 495,
        "username": "KWAquMfnFVlw",
        "email": "KWAquMfnFVlw@gmail.com",
        "active": false,
        "enabled": true,
        "lastVisit": null,
        "roles": [
            "CLIENT"
        ]
    },
    {
        "id": 496,
        "username": "IjlXZMDxCMqX",
        "email": "IjlXZMDxCMqX@gmail.com",
        "active": false,
        "enabled": true,
        "lastVisit": null,
        "roles": [
            "CLIENT"
        ]
    },
    {
        "id": 497,
        "username": "aGAWJEwACwRn",
        "email": "aGAWJEwACwRn@gmail.com",
        "active": false,
        "enabled": true,
        "lastVisit": null,
        "roles": [
            "CLIENT"
        ]
    },
    {
        "id": 498,
        "username": "hLsZEQylbvNt",
        "email": "hLsZEQylbvNt@gmail.com",
        "active": false,
        "enabled": true,
        "lastVisit": null,
        "roles": [
            "CLIENT"
        ]
    },
    {
        "id": 499,
        "username": "NGndLrofQPWm",
        "email": "NGndLrofQPWm@gmail.com",
        "active": false,
        "enabled": true,
        "lastVisit": null,
        "roles": [
            "CLIENT"
        ]
    },
    {
        "id": 500,
        "username": "nUveVTgaaCbZ",
        "email": "nUveVTgaaCbZ@gmail.com",
        "active": false,
        "enabled": true,
        "lastVisit": null,
        "roles": [
            "CLIENT"
        ]
    },
    {
        "id": 501,
        "username": "sQYQnUBpFuEU",
        "email": "sQYQnUBpFuEU@gmail.com",
        "active": false,
        "enabled": true,
        "lastVisit": null,
        "roles": [
            "CLIENT"
        ]
    },
    {
        "id": 502,
        "username": "TiyPTRbsQYYv",
        "email": "TiyPTRbsQYYv@gmail.com",
        "active": false,
        "enabled": true,
        "lastVisit": null,
        "roles": [
            "CLIENT"
        ]
    },
    {
        "id": 503,
        "username": "rgEGWzEeMwvu",
        "email": "rgEGWzEeMwvu@gmail.com",
        "active": false,
        "enabled": true,
        "lastVisit": null,
        "roles": [
            "CLIENT"
        ]
    },
    {
        "id": 504,
        "username": "OjcdsdVtYWvW",
        "email": "OjcdsdVtYWvW@gmail.com",
        "active": false,
        "enabled": true,
        "lastVisit": null,
        "roles": [
            "CLIENT"
        ]
    },
    {
        "id": 505,
        "username": "YLMnwvJwTqWn",
        "email": "YLMnwvJwTqWn@gmail.com",
        "active": false,
        "enabled": true,
        "lastVisit": null,
        "roles": [
            "CLIENT"
        ]
    },
    {
        "id": 506,
        "username": "sVtvSNMeaUlD",
        "email": "sVtvSNMeaUlD@gmail.com",
        "active": false,
        "enabled": true,
        "lastVisit": null,
        "roles": [
            "CLIENT"
        ]
    },
    {
        "id": 507,
        "username": "gwpXnvcoPPQI",
        "email": "gwpXnvcoPPQI@gmail.com",
        "active": false,
        "enabled": true,
        "lastVisit": null,
        "roles": [
            "CLIENT"
        ]
    },
    {
        "id": 508,
        "username": "AvXPEpEdkIPX",
        "email": "AvXPEpEdkIPX@gmail.com",
        "active": false,
        "enabled": true,
        "lastVisit": null,
        "roles": [
            "CLIENT"
        ]
    },
    {
        "id": 530,
        "username": "yDniXePgGDho",
        "email": "yDniXePgGDho@gmail.com",
        "active": false,
        "enabled": true,
        "lastVisit": null,
        "roles": [
            "CLIENT"
        ]
    },
    {
        "id": 531,
        "username": "DHKyGJEgSFiV",
        "email": "DHKyGJEgSFiV@gmail.com",
        "active": false,
        "enabled": true,
        "lastVisit": null,
        "roles": [
            "CLIENT"
        ]
    },
    {
        "id": 509,
        "username": "UChpAIEKkjEr",
        "email": "UChpAIEKkjEr@gmail.com",
        "active": false,
        "enabled": true,
        "lastVisit": null,
        "roles": [
            "CLIENT"
        ]
    },
    {
        "id": 510,
        "username": "cHNTpndVZTpj",
        "email": "cHNTpndVZTpj@gmail.com",
        "active": false,
        "enabled": true,
        "lastVisit": null,
        "roles": [
            "CLIENT"
        ]
    },
    {
        "id": 532,
        "username": "UPjxaJbEXvCi",
        "email": "UPjxaJbEXvCi@gmail.com",
        "active": false,
        "enabled": true,
        "lastVisit": null,
        "roles": [
            "CLIENT"
        ]
    },
    {
        "id": 511,
        "username": "EwtGAYMBYeNr",
        "email": "EwtGAYMBYeNr@gmail.com",
        "active": false,
        "enabled": true,
        "lastVisit": null,
        "roles": [
            "CLIENT"
        ]
    },
    {
        "id": 512,
        "username": "xEhupfLIcsEC",
        "email": "xEhupfLIcsEC@gmail.com",
        "active": false,
        "enabled": true,
        "lastVisit": null,
        "roles": [
            "CLIENT"
        ]
    },
    {
        "id": 513,
        "username": "iEFnHAEpuNWa",
        "email": "iEFnHAEpuNWa@gmail.com",
        "active": false,
        "enabled": true,
        "lastVisit": null,
        "roles": [
            "CLIENT"
        ]
    },
    {
        "id": 514,
        "username": "ByDLubBfTQsc",
        "email": "ByDLubBfTQsc@gmail.com",
        "active": false,
        "enabled": true,
        "lastVisit": null,
        "roles": [
            "CLIENT"
        ]
    },
    {
        "id": 515,
        "username": "aOSdoggDPgcx",
        "email": "aOSdoggDPgcx@gmail.com",
        "active": false,
        "enabled": true,
        "lastVisit": null,
        "roles": [
            "CLIENT"
        ]
    },
    {
        "id": 533,
        "username": "MWmEBqKKlrcY",
        "email": "MWmEBqKKlrcY@gmail.com",
        "active": false,
        "enabled": true,
        "lastVisit": null,
        "roles": [
            "CLIENT"
        ]
    },
    {
        "id": 516,
        "username": "RTNTioHICvHJ",
        "email": "RTNTioHICvHJ@gmail.com",
        "active": false,
        "enabled": true,
        "lastVisit": null,
        "roles": [
            "CLIENT"
        ]
    },
    {
        "id": 517,
        "username": "wemhoWulCHOn",
        "email": "wemhoWulCHOn@gmail.com",
        "active": false,
        "enabled": true,
        "lastVisit": null,
        "roles": [
            "CLIENT"
        ]
    },
    {
        "id": 518,
        "username": "naonRWLqRXuZ",
        "email": "naonRWLqRXuZ@gmail.com",
        "active": false,
        "enabled": true,
        "lastVisit": null,
        "roles": [
            "CLIENT"
        ]
    },
    {
        "id": 519,
        "username": "zdjEbLzTtURe",
        "email": "zdjEbLzTtURe@gmail.com",
        "active": false,
        "enabled": true,
        "lastVisit": null,
        "roles": [
            "CLIENT"
        ]
    },
    {
        "id": 520,
        "username": "nJNRilkDKcDL",
        "email": "nJNRilkDKcDL@gmail.com",
        "active": false,
        "enabled": true,
        "lastVisit": null,
        "roles": [
            "CLIENT"
        ]
    },
    {
        "id": 521,
        "username": "ESAJrfnRMFOm",
        "email": "ESAJrfnRMFOm@gmail.com",
        "active": false,
        "enabled": true,
        "lastVisit": null,
        "roles": [
            "CLIENT"
        ]
    },
    {
        "id": 534,
        "username": "OpTDUnAhZSUW",
        "email": "OpTDUnAhZSUW@gmail.com",
        "active": false,
        "enabled": true,
        "lastVisit": null,
        "roles": [
            "CLIENT"
        ]
    },
    {
        "id": 535,
        "username": "GvODuBPkrYrq",
        "email": "GvODuBPkrYrq@gmail.com",
        "active": false,
        "enabled": true,
        "lastVisit": null,
        "roles": [
            "CLIENT"
        ]
    },
    {
        "id": 536,
        "username": "bYyLhBVEZaWi",
        "email": "bYyLhBVEZaWi@gmail.com",
        "active": false,
        "enabled": true,
        "lastVisit": null,
        "roles": [
            "CLIENT"
        ]
    },
    {
        "id": 537,
        "username": "jTVJRPDcywpo",
        "email": "jTVJRPDcywpo@gmail.com",
        "active": false,
        "enabled": true,
        "lastVisit": null,
        "roles": [
            "CLIENT"
        ]
    },
    {
        "id": 522,
        "username": "zroAoXOnnSSs",
        "email": "zroAoXOnnSSs@gmail.com",
        "active": false,
        "enabled": true,
        "lastVisit": null,
        "roles": [
            "CLIENT"
        ]
    },
    {
        "id": 523,
        "username": "WhKSpHRwQVDF",
        "email": "WhKSpHRwQVDF@gmail.com",
        "active": false,
        "enabled": true,
        "lastVisit": null,
        "roles": [
            "CLIENT"
        ]
    },
    {
        "id": 524,
        "username": "MGDZgOjCMChI",
        "email": "MGDZgOjCMChI@gmail.com",
        "active": false,
        "enabled": true,
        "lastVisit": null,
        "roles": [
            "CLIENT"
        ]
    },
    {
        "id": 525,
        "username": "qMsUmkABEsRV",
        "email": "qMsUmkABEsRV@gmail.com",
        "active": false,
        "enabled": true,
        "lastVisit": null,
        "roles": [
            "CLIENT"
        ]
    },
    {
        "id": 526,
        "username": "gZrwZbJzkyZG",
        "email": "gZrwZbJzkyZG@gmail.com",
        "active": false,
        "enabled": true,
        "lastVisit": null,
        "roles": [
            "CLIENT"
        ]
    },
    {
        "id": 527,
        "username": "fvHIBuqRAdnR",
        "email": "fvHIBuqRAdnR@gmail.com",
        "active": false,
        "enabled": true,
        "lastVisit": null,
        "roles": [
            "CLIENT"
        ]
    },
    {
        "id": 538,
        "username": "sdgasdg",
        "email": "yaya@fast-coin.com",
        "active": true,
        "enabled": true,
        "lastVisit": "2019-08-28T13:34:03.613",
        "roles": [
            "CLIENT"
        ]
    },
    {
        "id": 528,
        "username": "vOCWBNOeyntL",
        "email": "vOCWBNOeyntL@gmail.com",
        "active": false,
        "enabled": true,
        "lastVisit": null,
        "roles": [
            "CLIENT"
        ]
    },
    {
        "id": 539,
        "username": "ipDYaaGaLkpd",
        "email": "ipDYaaGaLkpd@gmail.com",
        "active": false,
        "enabled": true,
        "lastVisit": null,
        "roles": [
            "CLIENT"
        ]
    },
    {
        "id": 540,
        "username": "PmiufwKtGogU",
        "email": "PmiufwKtGogU@gmail.com",
        "active": false,
        "enabled": true,
        "lastVisit": null,
        "roles": [
            "CLIENT"
        ]
    },
    {
        "id": 541,
        "username": "eWaBIHZFjRQS",
        "email": "eWaBIHZFjRQS@gmail.com",
        "active": false,
        "enabled": true,
        "lastVisit": null,
        "roles": [
            "CLIENT"
        ]
    },
    {
        "id": 542,
        "username": "AXSXCFrCDfes",
        "email": "AXSXCFrCDfes@gmail.com",
        "active": false,
        "enabled": true,
        "lastVisit": null,
        "roles": [
            "CLIENT"
        ]
    },
    {
        "id": 543,
        "username": "oKdIvlZBDuVu",
        "email": "oKdIvlZBDuVu@gmail.com",
        "active": false,
        "enabled": true,
        "lastVisit": null,
        "roles": [
            "CLIENT"
        ]
    },
    {
        "id": 544,
        "username": "aHrsWYFOalRZ",
        "email": "aHrsWYFOalRZ@gmail.com",
        "active": false,
        "enabled": true,
        "lastVisit": null,
        "roles": [
            "CLIENT"
        ]
    },
    {
        "id": 545,
        "username": "qfHPTQZLEBsQ",
        "email": "qfHPTQZLEBsQ@gmail.com",
        "active": false,
        "enabled": true,
        "lastVisit": null,
        "roles": [
            "CLIENT"
        ]
    },
    {
        "id": 546,
        "username": "QNPwUYLBEfCT",
        "email": "QNPwUYLBEfCT@gmail.com",
        "active": false,
        "enabled": true,
        "lastVisit": null,
        "roles": [
            "CLIENT"
        ]
    },
    {
        "id": 547,
        "username": "wRZwvmOFpOaZ",
        "email": "wRZwvmOFpOaZ@gmail.com",
        "active": false,
        "enabled": true,
        "lastVisit": null,
        "roles": [
            "CLIENT"
        ]
    },
    {
        "id": 548,
        "username": "IrSZnXKHvLIS",
        "email": "IrSZnXKHvLIS@gmail.com",
        "active": false,
        "enabled": true,
        "lastVisit": null,
        "roles": [
            "CLIENT"
        ]
    },
    {
        "id": 549,
        "username": "cmCQPcdhBYJQ",
        "email": "cmCQPcdhBYJQ@gmail.com",
        "active": false,
        "enabled": true,
        "lastVisit": null,
        "roles": [
            "CLIENT"
        ]
    },
    {
        "id": 550,
        "username": "mWfhGdOoPTAm",
        "email": "mWfhGdOoPTAm@gmail.com",
        "active": false,
        "enabled": true,
        "lastVisit": null,
        "roles": [
            "CLIENT"
        ]
    },
    {
        "id": 587,
        "username": "duCZjdIyxUCj",
        "email": "duCZjdIyxUCj@gmail.com",
        "active": false,
        "enabled": true,
        "lastVisit": null,
        "roles": [
            "CLIENT"
        ]
    },
    {
        "id": 551,
        "username": "tgfjdghj",
        "email": "kicohil@doc-mail.net",
        "active": true,
        "enabled": true,
        "lastVisit": "2019-08-28T13:43:19.651",
        "roles": [
            "CLIENT"
        ]
    },
    {
        "id": 588,
        "username": "JOOBylMyITwB",
        "email": "JOOBylMyITwB@gmail.com",
        "active": false,
        "enabled": true,
        "lastVisit": null,
        "roles": [
            "CLIENT"
        ]
    },
    {
        "id": 589,
        "username": "LnIyfYNxZTVI",
        "email": "LnIyfYNxZTVI@gmail.com",
        "active": false,
        "enabled": true,
        "lastVisit": null,
        "roles": [
            "CLIENT"
        ]
    },
    {
        "id": 552,
        "username": "1111",
        "email": "yomamiw@netmail3.net",
        "active": true,
        "enabled": true,
        "lastVisit": "2019-08-28T14:26:07.705",
        "roles": [
            "CLIENT"
        ]
    },
    {
        "id": 594,
        "username": "mowi",
        "email": "mowi@dot-coin.com",
        "active": false,
        "enabled": true,
        "lastVisit": null,
        "roles": [
            "CLIENT"
        ]
    },
    {
        "id": 553,
        "username": "lbNsHOlXkvPA",
        "email": "lbNsHOlXkvPA@gmail.com",
        "active": false,
        "enabled": true,
        "lastVisit": null,
        "roles": [
            "CLIENT"
        ]
    },
    {
        "id": 554,
        "username": "xnRhLfIzhpDq",
        "email": "xnRhLfIzhpDq@gmail.com",
        "active": false,
        "enabled": true,
        "lastVisit": null,
        "roles": [
            "CLIENT"
        ]
    },
    {
        "id": 595,
        "username": "OjePMlUPnHiG",
        "email": "OjePMlUPnHiG@gmail.com",
        "active": false,
        "enabled": true,
        "lastVisit": null,
        "roles": [
            "CLIENT"
        ]
    },
    {
        "id": 555,
        "username": "WHqEzElOBDPa",
        "email": "WHqEzElOBDPa@gmail.com",
        "active": false,
        "enabled": true,
        "lastVisit": null,
        "roles": [
            "CLIENT"
        ]
    },
    {
        "id": 556,
        "username": "harNHRkvKcrh",
        "email": "harNHRkvKcrh@gmail.com",
        "active": false,
        "enabled": true,
        "lastVisit": null,
        "roles": [
            "CLIENT"
        ]
    },
    {
        "id": 557,
        "username": "kbuRqeSvLXDA",
        "email": "kbuRqeSvLXDA@gmail.com",
        "active": false,
        "enabled": true,
        "lastVisit": null,
        "roles": [
            "CLIENT"
        ]
    },
    {
        "id": 558,
        "username": "OrAhCLUswVfo",
        "email": "OrAhCLUswVfo@gmail.com",
        "active": false,
        "enabled": true,
        "lastVisit": null,
        "roles": [
            "CLIENT"
        ]
    },
    {
        "id": 559,
        "username": "NVOtDQTLTfTT",
        "email": "NVOtDQTLTfTT@gmail.com",
        "active": false,
        "enabled": true,
        "lastVisit": null,
        "roles": [
            "CLIENT"
        ]
    },
    {
        "id": 560,
        "username": "lxlcHyNbLEqA",
        "email": "lxlcHyNbLEqA@gmail.com",
        "active": false,
        "enabled": true,
        "lastVisit": null,
        "roles": [
            "CLIENT"
        ]
    },
    {
        "id": 561,
        "username": "CUYKWJwiAnHz",
        "email": "CUYKWJwiAnHz@gmail.com",
        "active": false,
        "enabled": true,
        "lastVisit": null,
        "roles": [
            "CLIENT"
        ]
    },
    {
        "id": 562,
        "username": "GuvLoaJjLmFR",
        "email": "GuvLoaJjLmFR@gmail.com",
        "active": false,
        "enabled": true,
        "lastVisit": null,
        "roles": [
            "CLIENT"
        ]
    },
    {
        "id": 563,
        "username": "jVrxcmpmTTPo",
        "email": "jVrxcmpmTTPo@gmail.com",
        "active": false,
        "enabled": true,
        "lastVisit": null,
        "roles": [
            "CLIENT"
        ]
    },
    {
        "id": 564,
        "username": "YQbBXUASmonT",
        "email": "YQbBXUASmonT@gmail.com",
        "active": false,
        "enabled": true,
        "lastVisit": null,
        "roles": [
            "CLIENT"
        ]
    },
    {
        "id": 565,
        "username": "jJleIAUcOqtM",
        "email": "jJleIAUcOqtM@gmail.com",
        "active": false,
        "enabled": true,
        "lastVisit": null,
        "roles": [
            "CLIENT"
        ]
    },
    {
        "id": 566,
        "username": "mpmWUuMsEdZa",
        "email": "mpmWUuMsEdZa@gmail.com",
        "active": false,
        "enabled": true,
        "lastVisit": null,
        "roles": [
            "CLIENT"
        ]
    },
    {
        "id": 567,
        "username": "OxNNdLsncTFP",
        "email": "OxNNdLsncTFP@gmail.com",
        "active": false,
        "enabled": true,
        "lastVisit": null,
        "roles": [
            "CLIENT"
        ]
    },
    {
        "id": 568,
        "username": "KYQUKAlPamfU",
        "email": "KYQUKAlPamfU@gmail.com",
        "active": false,
        "enabled": true,
        "lastVisit": null,
        "roles": [
            "CLIENT"
        ]
    },
    {
        "id": 569,
        "username": "dtXQnLYITiAh",
        "email": "dtXQnLYITiAh@gmail.com",
        "active": false,
        "enabled": true,
        "lastVisit": null,
        "roles": [
            "CLIENT"
        ]
    },
    {
        "id": 570,
        "username": "oevFhsmmgdIH",
        "email": "oevFhsmmgdIH@gmail.com",
        "active": false,
        "enabled": true,
        "lastVisit": null,
        "roles": [
            "CLIENT"
        ]
    },
    {
        "id": 571,
        "username": "NNLraaRsFTEF",
        "email": "NNLraaRsFTEF@gmail.com",
        "active": false,
        "enabled": true,
        "lastVisit": null,
        "roles": [
            "CLIENT"
        ]
    },
    {
        "id": 572,
        "username": "BEYveYcSeqoM",
        "email": "BEYveYcSeqoM@gmail.com",
        "active": false,
        "enabled": true,
        "lastVisit": null,
        "roles": [
            "CLIENT"
        ]
    },
    {
        "id": 573,
        "username": "YgVDOhzznbce",
        "email": "YgVDOhzznbce@gmail.com",
        "active": false,
        "enabled": true,
        "lastVisit": null,
        "roles": [
            "CLIENT"
        ]
    },
    {
        "id": 574,
        "username": "ktFLHxhLwHgJ",
        "email": "ktFLHxhLwHgJ@gmail.com",
        "active": false,
        "enabled": true,
        "lastVisit": null,
        "roles": [
            "CLIENT"
        ]
    },
    {
        "id": 575,
        "username": "YdLGSjnMklKO",
        "email": "YdLGSjnMklKO@gmail.com",
        "active": false,
        "enabled": true,
        "lastVisit": null,
        "roles": [
            "CLIENT"
        ]
    },
    {
        "id": 576,
        "username": "qAQBVeeeUnNT",
        "email": "qAQBVeeeUnNT@gmail.com",
        "active": false,
        "enabled": true,
        "lastVisit": null,
        "roles": [
            "CLIENT"
        ]
    },
    {
        "id": 577,
        "username": "JzTQNdKzpuvp",
        "email": "JzTQNdKzpuvp@gmail.com",
        "active": false,
        "enabled": true,
        "lastVisit": null,
        "roles": [
            "CLIENT"
        ]
    },
    {
        "id": 578,
        "username": "CNOdhJoYImbE",
        "email": "CNOdhJoYImbE@gmail.com",
        "active": false,
        "enabled": true,
        "lastVisit": null,
        "roles": [
            "CLIENT"
        ]
    },
    {
        "id": 579,
        "username": "ViunMmTshBKm",
        "email": "ViunMmTshBKm@gmail.com",
        "active": false,
        "enabled": true,
        "lastVisit": null,
        "roles": [
            "CLIENT"
        ]
    },
    {
        "id": 580,
        "username": "uZJAHqJgbvFS",
        "email": "uZJAHqJgbvFS@gmail.com",
        "active": false,
        "enabled": true,
        "lastVisit": null,
        "roles": [
            "CLIENT"
        ]
    },
    {
        "id": 581,
        "username": "SJNLavWmVnnz",
        "email": "SJNLavWmVnnz@gmail.com",
        "active": false,
        "enabled": true,
        "lastVisit": null,
        "roles": [
            "CLIENT"
        ]
    },
    {
        "id": 582,
        "username": "XLAhWlHebbSo",
        "email": "XLAhWlHebbSo@gmail.com",
        "active": false,
        "enabled": true,
        "lastVisit": null,
        "roles": [
            "CLIENT"
        ]
    },
    {
        "id": 590,
        "username": "nobody",
        "email": "nobody@example.com",
        "active": false,
        "enabled": true,
        "lastVisit": null,
        "roles": [
            "CLIENT"
        ]
    },
    {
        "id": 591,
        "username": "someone",
        "email": "someone@example.com",
        "active": false,
        "enabled": true,
        "lastVisit": null,
        "roles": [
            "CLIENT"
        ]
    },
    {
        "id": 584,
        "username": "IsrGljNnruIA",
        "email": "IsrGljNnruIA@gmail.com",
        "active": false,
        "enabled": true,
        "lastVisit": null,
        "roles": [
            "CLIENT"
        ]
    },
    {
        "id": 585,
        "username": "QCxyZFonWOsm",
        "email": "QCxyZFonWOsm@gmail.com",
        "active": false,
        "enabled": true,
        "lastVisit": null,
        "roles": [
            "CLIENT"
        ]
    },
    {
        "id": 583,
        "username": "qa",
        "email": "cirih@click-mail.top",
        "active": true,
        "enabled": true,
        "lastVisit": "2019-08-29T16:05:55.21",
        "roles": [
            "CLIENT"
        ]
    },
    {
        "id": 586,
        "username": "HSsZHWXprhwE",
        "email": "HSsZHWXprhwE@gmail.com",
        "active": false,
        "enabled": true,
        "lastVisit": null,
        "roles": [
            "CLIENT"
        ]
    },
    {
        "id": 592,
        "username": "Anohter",
        "email": "Anohter@example.com",
        "active": false,
        "enabled": true,
        "lastVisit": null,
        "roles": [
            "CLIENT"
        ]
    },
    {
        "id": 593,
        "username": "mas",
        "email": "mas@example.com",
        "active": false,
        "enabled": true,
        "lastVisit": null,
        "roles": [
            "CLIENT"
        ]
    },
    {
        "id": 596,
        "username": "TmbNPMSpSVMs",
        "email": "TmbNPMSpSVMs@gmail.com",
        "active": false,
        "enabled": true,
        "lastVisit": null,
        "roles": [
            "CLIENT"
        ]
    },
    {
        "id": 597,
        "username": "FnYGVRyVQhPD",
        "email": "FnYGVRyVQhPD@gmail.com",
        "active": false,
        "enabled": true,
        "lastVisit": null,
        "roles": [
            "CLIENT"
        ]
    },
    {
        "id": 598,
        "username": "FYBppekeVCZk",
        "email": "FYBppekeVCZk@gmail.com",
        "active": false,
        "enabled": true,
        "lastVisit": null,
        "roles": [
            "CLIENT"
        ]
    },
    {
        "id": 599,
        "username": "HKVxIZdHSBWF",
        "email": "HKVxIZdHSBWF@gmail.com",
        "active": false,
        "enabled": true,
        "lastVisit": null,
        "roles": [
            "CLIENT"
        ]
    },
    {
        "id": 600,
        "username": "yKOOuIAZaCam",
        "email": "yKOOuIAZaCam@gmail.com",
        "active": false,
        "enabled": true,
        "lastVisit": null,
        "roles": [
            "CLIENT"
        ]
    },
    {
        "id": 601,
        "username": "uyAIQKQesnrM",
        "email": "uyAIQKQesnrM@gmail.com",
        "active": false,
        "enabled": true,
        "lastVisit": null,
        "roles": [
            "CLIENT"
        ]
    },
    {
        "id": 602,
        "username": "BQevTGXrCWuo",
        "email": "BQevTGXrCWuo@gmail.com",
        "active": false,
        "enabled": true,
        "lastVisit": null,
        "roles": [
            "CLIENT"
        ]
    },
    {
        "id": 603,
        "username": "vVvYLvpEnAew",
        "email": "vVvYLvpEnAew@gmail.com",
        "active": false,
        "enabled": true,
        "lastVisit": null,
        "roles": [
            "CLIENT"
        ]
    },
    {
        "id": 604,
        "username": "klOrSIZfuUrU",
        "email": "klOrSIZfuUrU@gmail.com",
        "active": false,
        "enabled": true,
        "lastVisit": null,
        "roles": [
            "CLIENT"
        ]
    },
    {
        "id": 605,
        "username": "ZNlmWBKAnXMC",
        "email": "ZNlmWBKAnXMC@gmail.com",
        "active": false,
        "enabled": true,
        "lastVisit": null,
        "roles": [
            "CLIENT"
        ]
    },
    {
        "id": 606,
        "username": "NCoiySVWscum",
        "email": "NCoiySVWscum@gmail.com",
        "active": false,
        "enabled": true,
        "lastVisit": null,
        "roles": [
            "CLIENT"
        ]
    },
    {
        "id": 607,
        "username": "wJcQKBvCwFBG",
        "email": "wJcQKBvCwFBG@gmail.com",
        "active": false,
        "enabled": true,
        "lastVisit": null,
        "roles": [
            "CLIENT"
        ]
    },
    {
        "id": 608,
        "username": "sFpDsfJgcUWE",
        "email": "sFpDsfJgcUWE@gmail.com",
        "active": false,
        "enabled": true,
        "lastVisit": null,
        "roles": [
            "CLIENT"
        ]
    },
    {
        "id": 609,
        "username": "VmhGdBUIqVmf",
        "email": "VmhGdBUIqVmf@gmail.com",
        "active": false,
        "enabled": true,
        "lastVisit": null,
        "roles": [
            "CLIENT"
        ]
    },
    {
        "id": 610,
        "username": "JAWtimnHrAZH",
        "email": "JAWtimnHrAZH@gmail.com",
        "active": false,
        "enabled": true,
        "lastVisit": null,
        "roles": [
            "CLIENT"
        ]
    },
    {
        "id": 611,
        "username": "iCrCvrhFmtuz",
        "email": "iCrCvrhFmtuz@gmail.com",
        "active": false,
        "enabled": true,
        "lastVisit": null,
        "roles": [
            "CLIENT"
        ]
    },
    {
        "id": 612,
        "username": "ChFBWHqcLjhS",
        "email": "ChFBWHqcLjhS@gmail.com",
        "active": false,
        "enabled": true,
        "lastVisit": null,
        "roles": [
            "CLIENT"
        ]
    },
    {
        "id": 613,
        "username": "nXCGxFBCkOWh",
        "email": "nXCGxFBCkOWh@gmail.com",
        "active": false,
        "enabled": true,
        "lastVisit": null,
        "roles": [
            "CLIENT"
        ]
    },
    {
        "id": 614,
        "username": "gBrHTIGeyPEH",
        "email": "gBrHTIGeyPEH@gmail.com",
        "active": false,
        "enabled": true,
        "lastVisit": null,
        "roles": [
            "CLIENT"
        ]
    },
    {
        "id": 615,
        "username": "yZDYnvAOmDUL",
        "email": "yZDYnvAOmDUL@gmail.com",
        "active": false,
        "enabled": true,
        "lastVisit": null,
        "roles": [
            "CLIENT"
        ]
    },
    {
        "id": 651,
        "username": "Anna",
        "email": "anna@zenio.co",
        "active": true,
        "enabled": true,
        "lastVisit": "2019-10-17T11:47:54.393",
        "roles": [
            "CLIENT"
        ]
    },
    {
        "id": 70,
        "username": "Dzmitry Malinouski",
        "email": "dmitry.malinovskiy@zensoft.io",
        "active": true,
        "enabled": true,
        "lastVisit": "2019-09-11T07:49:25.397",
        "roles": [
            "CLIENT"
        ]
    },
    {
        "id": 616,
        "username": "wmIPkqpMvTky",
        "email": "wmIPkqpMvTky@gmail.com",
        "active": false,
        "enabled": true,
        "lastVisit": null,
        "roles": [
            "CLIENT"
        ]
    },
    {
        "id": 617,
        "username": "oNUgZOJbVgvg",
        "email": "oNUgZOJbVgvg@gmail.com",
        "active": false,
        "enabled": true,
        "lastVisit": null,
        "roles": [
            "CLIENT"
        ]
    },
    {
        "id": 618,
        "username": "tenqOzbKkVgD",
        "email": "tenqOzbKkVgD@gmail.com",
        "active": false,
        "enabled": true,
        "lastVisit": null,
        "roles": [
            "CLIENT"
        ]
    },
    {
        "id": 619,
        "username": "enaxLsyvrHKG",
        "email": "enaxLsyvrHKG@gmail.com",
        "active": false,
        "enabled": true,
        "lastVisit": null,
        "roles": [
            "CLIENT"
        ]
    },
    {
        "id": 620,
        "username": "YPgbVXHyHLsa",
        "email": "YPgbVXHyHLsa@gmail.com",
        "active": false,
        "enabled": true,
        "lastVisit": null,
        "roles": [
            "CLIENT"
        ]
    },
    {
        "id": 621,
        "username": "BJwUlVcDlxPy",
        "email": "BJwUlVcDlxPy@gmail.com",
        "active": false,
        "enabled": true,
        "lastVisit": null,
        "roles": [
            "CLIENT"
        ]
    },
    {
        "id": 622,
        "username": "wWuUpeAbcpIP",
        "email": "wWuUpeAbcpIP@gmail.com",
        "active": false,
        "enabled": true,
        "lastVisit": null,
        "roles": [
            "CLIENT"
        ]
    },
    {
        "id": 623,
        "username": "pIQgCfUterqv",
        "email": "pIQgCfUterqv@gmail.com",
        "active": false,
        "enabled": true,
        "lastVisit": null,
        "roles": [
            "CLIENT"
        ]
    },
    {
        "id": 624,
        "username": "BOLHcgYKFsoQ",
        "email": "BOLHcgYKFsoQ@gmail.com",
        "active": false,
        "enabled": true,
        "lastVisit": null,
        "roles": [
            "CLIENT"
        ]
    },
    {
        "id": 625,
        "username": "EdNRlbNZHUEF",
        "email": "EdNRlbNZHUEF@gmail.com",
        "active": false,
        "enabled": true,
        "lastVisit": null,
        "roles": [
            "CLIENT"
        ]
    },
    {
        "id": 626,
        "username": "PnSQXUNLGiLN",
        "email": "PnSQXUNLGiLN@gmail.com",
        "active": false,
        "enabled": true,
        "lastVisit": null,
        "roles": [
            "CLIENT"
        ]
    },
    {
        "id": 627,
        "username": "jXncxBSxEgHO",
        "email": "jXncxBSxEgHO@gmail.com",
        "active": false,
        "enabled": true,
        "lastVisit": null,
        "roles": [
            "CLIENT"
        ]
    },
    {
        "id": 628,
        "username": "wfGHXcwmemns",
        "email": "wfGHXcwmemns@gmail.com",
        "active": false,
        "enabled": true,
        "lastVisit": null,
        "roles": [
            "CLIENT"
        ]
    },
    {
        "id": 629,
        "username": "QbrbeklfFbKT",
        "email": "QbrbeklfFbKT@gmail.com",
        "active": false,
        "enabled": true,
        "lastVisit": null,
        "roles": [
            "CLIENT"
        ]
    },
    {
        "id": 630,
        "username": "iFdOkznAKJqk",
        "email": "iFdOkznAKJqk@gmail.com",
        "active": false,
        "enabled": true,
        "lastVisit": null,
        "roles": [
            "CLIENT"
        ]
    },
    {
        "id": 631,
        "username": "bfnsomsXYKbZ",
        "email": "bfnsomsXYKbZ@gmail.com",
        "active": false,
        "enabled": true,
        "lastVisit": null,
        "roles": [
            "CLIENT"
        ]
    },
    {
        "id": 632,
        "username": "wYRYQsMCbqyh",
        "email": "wYRYQsMCbqyh@gmail.com",
        "active": false,
        "enabled": true,
        "lastVisit": null,
        "roles": [
            "CLIENT"
        ]
    },
    {
        "id": 633,
        "username": "mSINruqAhvzZ",
        "email": "mSINruqAhvzZ@gmail.com",
        "active": false,
        "enabled": true,
        "lastVisit": null,
        "roles": [
            "CLIENT"
        ]
    },
    {
        "id": 634,
        "username": "azSvmXPJioQd",
        "email": "azSvmXPJioQd@gmail.com",
        "active": false,
        "enabled": true,
        "lastVisit": null,
        "roles": [
            "CLIENT"
        ]
    },
    {
        "id": 635,
        "username": "EHdhPUZUcTze",
        "email": "EHdhPUZUcTze@gmail.com",
        "active": false,
        "enabled": true,
        "lastVisit": null,
        "roles": [
            "CLIENT"
        ]
    },
    {
        "id": 636,
        "username": "gBsNEFJyiMFX",
        "email": "gBsNEFJyiMFX@gmail.com",
        "active": false,
        "enabled": true,
        "lastVisit": null,
        "roles": [
            "CLIENT"
        ]
    },
    {
        "id": 637,
        "username": "PSDNmtmmJxld",
        "email": "PSDNmtmmJxld@gmail.com",
        "active": false,
        "enabled": true,
        "lastVisit": null,
        "roles": [
            "CLIENT"
        ]
    },
    {
        "id": 638,
        "username": "jLsMPrxVTWKc",
        "email": "jLsMPrxVTWKc@gmail.com",
        "active": false,
        "enabled": true,
        "lastVisit": null,
        "roles": [
            "CLIENT"
        ]
    },
    {
        "id": 639,
        "username": "XaUmVJMCAEml",
        "email": "XaUmVJMCAEml@gmail.com",
        "active": false,
        "enabled": true,
        "lastVisit": null,
        "roles": [
            "CLIENT"
        ]
    },
    {
        "id": 640,
        "username": "rSMRjzfgmmNF",
        "email": "rSMRjzfgmmNF@gmail.com",
        "active": false,
        "enabled": true,
        "lastVisit": null,
        "roles": [
            "CLIENT"
        ]
    },
    {
        "id": 641,
        "username": "YjPOwcQKPptq",
        "email": "YjPOwcQKPptq@gmail.com",
        "active": false,
        "enabled": true,
        "lastVisit": null,
        "roles": [
            "CLIENT"
        ]
    },
    {
        "id": 642,
        "username": "JWFxHsmKrOVd",
        "email": "JWFxHsmKrOVd@gmail.com",
        "active": false,
        "enabled": true,
        "lastVisit": null,
        "roles": [
            "CLIENT"
        ]
    },
    {
        "id": 643,
        "username": "CUdTBsozYkKw",
        "email": "CUdTBsozYkKw@gmail.com",
        "active": false,
        "enabled": true,
        "lastVisit": null,
        "roles": [
            "CLIENT"
        ]
    },
    {
        "id": 644,
        "username": "efyHelsPaIiC",
        "email": "efyHelsPaIiC@gmail.com",
        "active": false,
        "enabled": true,
        "lastVisit": null,
        "roles": [
            "CLIENT"
        ]
    },
    {
        "id": 645,
        "username": "WBEbXigXrcTZ",
        "email": "WBEbXigXrcTZ@gmail.com",
        "active": false,
        "enabled": true,
        "lastVisit": null,
        "roles": [
            "CLIENT"
        ]
    },
    {
        "id": 646,
        "username": "capoBrtsTZRm",
        "email": "capoBrtsTZRm@gmail.com",
        "active": false,
        "enabled": true,
        "lastVisit": null,
        "roles": [
            "CLIENT"
        ]
    },
    {
        "id": 647,
        "username": "TThmlZsDJNyW",
        "email": "TThmlZsDJNyW@gmail.com",
        "active": false,
        "enabled": true,
        "lastVisit": null,
        "roles": [
            "CLIENT"
        ]
    },
    {
        "id": 648,
        "username": "futZOLRNLZlh",
        "email": "futZOLRNLZlh@gmail.com",
        "active": false,
        "enabled": true,
        "lastVisit": null,
        "roles": [
            "CLIENT"
        ]
    },
    {
        "id": 649,
        "username": "OgnZCbXVUrRO",
        "email": "OgnZCbXVUrRO@gmail.com",
        "active": false,
        "enabled": true,
        "lastVisit": null,
        "roles": [
            "CLIENT"
        ]
    },
    {
        "id": 650,
        "username": "shunkoanna",
        "email": "shunkoanna@gmail.com",
        "active": false,
        "enabled": true,
        "lastVisit": null,
        "roles": [
            "CLIENT"
        ]
    },
    {
        "id": 691,
        "username": "fTKdXjXlOOiM",
        "email": "fTKdXjXlOOiM@gmail.com",
        "active": false,
        "enabled": true,
        "lastVisit": null,
        "roles": [
            "CLIENT"
        ]
    },
    {
        "id": 692,
        "username": "SxYkwzBamiAN",
        "email": "SxYkwzBamiAN@gmail.com",
        "active": false,
        "enabled": true,
        "lastVisit": null,
        "roles": [
            "CLIENT"
        ]
    },
    {
        "id": 693,
        "username": "dEhyFDdppDbY",
        "email": "dEhyFDdppDbY@gmail.com",
        "active": false,
        "enabled": true,
        "lastVisit": null,
        "roles": [
            "CLIENT"
        ]
    },
    {
        "id": 652,
        "username": "pORblbbQELNQ",
        "email": "pORblbbQELNQ@gmail.com",
        "active": false,
        "enabled": true,
        "lastVisit": null,
        "roles": [
            "CLIENT"
        ]
    },
    {
        "id": 694,
        "username": "bMcKiCnjesKV",
        "email": "bMcKiCnjesKV@gmail.com",
        "active": false,
        "enabled": true,
        "lastVisit": null,
        "roles": [
            "CLIENT"
        ]
    },
    {
        "id": 653,
        "username": "EpFJGuAbVTFV",
        "email": "EpFJGuAbVTFV@gmail.com",
        "active": false,
        "enabled": true,
        "lastVisit": null,
        "roles": [
            "CLIENT"
        ]
    },
    {
        "id": 654,
        "username": "YEoNGujMPABj",
        "email": "YEoNGujMPABj@gmail.com",
        "active": false,
        "enabled": true,
        "lastVisit": null,
        "roles": [
            "CLIENT"
        ]
    },
    {
        "id": 655,
        "username": "umOLqyRDkavK",
        "email": "umOLqyRDkavK@gmail.com",
        "active": false,
        "enabled": true,
        "lastVisit": null,
        "roles": [
            "CLIENT"
        ]
    },
    {
        "id": 656,
        "username": "FPuxxLGSHVkQ",
        "email": "FPuxxLGSHVkQ@gmail.com",
        "active": false,
        "enabled": true,
        "lastVisit": null,
        "roles": [
            "CLIENT"
        ]
    },
    {
        "id": 657,
        "username": "dknIUzpfiVVG",
        "email": "dknIUzpfiVVG@gmail.com",
        "active": false,
        "enabled": true,
        "lastVisit": null,
        "roles": [
            "CLIENT"
        ]
    },
    {
        "id": 658,
        "username": "WBhGWafYjtQb",
        "email": "WBhGWafYjtQb@gmail.com",
        "active": false,
        "enabled": true,
        "lastVisit": null,
        "roles": [
            "CLIENT"
        ]
    },
    {
        "id": 659,
        "username": "FNfdSpowsBzx",
        "email": "FNfdSpowsBzx@gmail.com",
        "active": false,
        "enabled": true,
        "lastVisit": null,
        "roles": [
            "CLIENT"
        ]
    },
    {
        "id": 660,
        "username": "LzNEZNkYlIAd",
        "email": "LzNEZNkYlIAd@gmail.com",
        "active": false,
        "enabled": true,
        "lastVisit": null,
        "roles": [
            "CLIENT"
        ]
    },
    {
        "id": 661,
        "username": "vZeaHkeKczjB",
        "email": "vZeaHkeKczjB@gmail.com",
        "active": false,
        "enabled": true,
        "lastVisit": null,
        "roles": [
            "CLIENT"
        ]
    },
    {
        "id": 662,
        "username": "lBxlOEKwgeJI",
        "email": "lBxlOEKwgeJI@gmail.com",
        "active": false,
        "enabled": true,
        "lastVisit": null,
        "roles": [
            "CLIENT"
        ]
    },
    {
        "id": 663,
        "username": "tNxwtcERNmat",
        "email": "tNxwtcERNmat@gmail.com",
        "active": false,
        "enabled": true,
        "lastVisit": null,
        "roles": [
            "CLIENT"
        ]
    },
    {
        "id": 664,
        "username": "MrWdegjxBqBv",
        "email": "MrWdegjxBqBv@gmail.com",
        "active": false,
        "enabled": true,
        "lastVisit": null,
        "roles": [
            "CLIENT"
        ]
    },
    {
        "id": 665,
        "username": "DBDNFOTUiQNv",
        "email": "DBDNFOTUiQNv@gmail.com",
        "active": false,
        "enabled": true,
        "lastVisit": null,
        "roles": [
            "CLIENT"
        ]
    },
    {
        "id": 666,
        "username": "yYQspqQCGONr",
        "email": "yYQspqQCGONr@gmail.com",
        "active": false,
        "enabled": true,
        "lastVisit": null,
        "roles": [
            "CLIENT"
        ]
    },
    {
        "id": 667,
        "username": "nJEzNEDsicvQ",
        "email": "nJEzNEDsicvQ@gmail.com",
        "active": false,
        "enabled": true,
        "lastVisit": null,
        "roles": [
            "CLIENT"
        ]
    },
    {
        "id": 668,
        "username": "BZmXmjIVkeBp",
        "email": "BZmXmjIVkeBp@gmail.com",
        "active": false,
        "enabled": true,
        "lastVisit": null,
        "roles": [
            "CLIENT"
        ]
    },
    {
        "id": 669,
        "username": "cbLojWAeyAUC",
        "email": "cbLojWAeyAUC@gmail.com",
        "active": false,
        "enabled": true,
        "lastVisit": null,
        "roles": [
            "CLIENT"
        ]
    },
    {
        "id": 670,
        "username": "BDaGAaHSYmdE",
        "email": "BDaGAaHSYmdE@gmail.com",
        "active": false,
        "enabled": true,
        "lastVisit": null,
        "roles": [
            "CLIENT"
        ]
    },
    {
        "id": 671,
        "username": "ynaaQLUTuqZN",
        "email": "ynaaQLUTuqZN@gmail.com",
        "active": false,
        "enabled": true,
        "lastVisit": null,
        "roles": [
            "CLIENT"
        ]
    },
    {
        "id": 672,
        "username": "tRtERXaUeYOK",
        "email": "tRtERXaUeYOK@gmail.com",
        "active": false,
        "enabled": true,
        "lastVisit": null,
        "roles": [
            "CLIENT"
        ]
    },
    {
        "id": 673,
        "username": "EKgnqDaZjkrL",
        "email": "EKgnqDaZjkrL@gmail.com",
        "active": false,
        "enabled": true,
        "lastVisit": null,
        "roles": [
            "CLIENT"
        ]
    },
    {
        "id": 674,
        "username": "HkFahnzbiHJJ",
        "email": "HkFahnzbiHJJ@gmail.com",
        "active": false,
        "enabled": true,
        "lastVisit": null,
        "roles": [
            "CLIENT"
        ]
    },
    {
        "id": 675,
        "username": "YXouFveDXRsF",
        "email": "YXouFveDXRsF@gmail.com",
        "active": false,
        "enabled": true,
        "lastVisit": null,
        "roles": [
            "CLIENT"
        ]
    },
    {
        "id": 676,
        "username": "xvFlRvBDzpIg",
        "email": "xvFlRvBDzpIg@gmail.com",
        "active": false,
        "enabled": true,
        "lastVisit": null,
        "roles": [
            "CLIENT"
        ]
    },
    {
        "id": 677,
        "username": "FlfxJaxnuXuK",
        "email": "FlfxJaxnuXuK@gmail.com",
        "active": false,
        "enabled": true,
        "lastVisit": null,
        "roles": [
            "CLIENT"
        ]
    },
    {
        "id": 695,
        "username": "atTFaKSCucQN",
        "email": "atTFaKSCucQN@gmail.com",
        "active": false,
        "enabled": true,
        "lastVisit": null,
        "roles": [
            "CLIENT"
        ]
    },
    {
        "id": 696,
        "username": "TADGCNxbSqOp",
        "email": "TADGCNxbSqOp@gmail.com",
        "active": false,
        "enabled": true,
        "lastVisit": null,
        "roles": [
            "CLIENT"
        ]
    },
    {
        "id": 678,
        "username": "QA",
        "email": "alexey.yakovtsov@zenio.co",
        "active": true,
        "enabled": true,
        "lastVisit": "2019-10-16T07:05:29.464",
        "roles": [
            "CLIENT"
        ]
    },
    {
        "id": 697,
        "username": "qpvQqsuWtRYO",
        "email": "qpvQqsuWtRYO@gmail.com",
        "active": false,
        "enabled": true,
        "lastVisit": null,
        "roles": [
            "CLIENT"
        ]
    },
    {
        "id": 698,
        "username": "LwCFZTudFHEk",
        "email": "LwCFZTudFHEk@gmail.com",
        "active": false,
        "enabled": true,
        "lastVisit": null,
        "roles": [
            "CLIENT"
        ]
    },
    {
        "id": 699,
        "username": "SKksdfsDJAZd",
        "email": "SKksdfsDJAZd@gmail.com",
        "active": false,
        "enabled": true,
        "lastVisit": null,
        "roles": [
            "CLIENT"
        ]
    },
    {
        "id": 700,
        "username": "syDRulEyiBAX",
        "email": "syDRulEyiBAX@gmail.com",
        "active": false,
        "enabled": true,
        "lastVisit": null,
        "roles": [
            "CLIENT"
        ]
    },
    {
        "id": 701,
        "username": "lAMTnPbeyGDd",
        "email": "lAMTnPbeyGDd@gmail.com",
        "active": false,
        "enabled": true,
        "lastVisit": null,
        "roles": [
            "CLIENT"
        ]
    },
    {
        "id": 683,
        "username": "pfrFVXmWnSXb",
        "email": "pfrFVXmWnSXb@gmail.com",
        "active": false,
        "enabled": true,
        "lastVisit": null,
        "roles": [
            "CLIENT"
        ]
    },
    {
        "id": 703,
        "username": "CVozQrIlbDem",
        "email": "CVozQrIlbDem@gmail.com",
        "active": false,
        "enabled": true,
        "lastVisit": null,
        "roles": [
            "CLIENT"
        ]
    },
    {
        "id": 27,
        "username": "QA",
        "email": "alexey.yakovtsov@zensoft.io",
        "active": true,
        "enabled": true,
        "lastVisit": "2019-10-15T07:59:51.719",
        "roles": [
            "CLIENT"
        ]
    },
    {
        "id": 684,
        "username": "CwfuuORZPVWZ",
        "email": "CwfuuORZPVWZ@gmail.com",
        "active": false,
        "enabled": true,
        "lastVisit": null,
        "roles": [
            "CLIENT"
        ]
    },
    {
        "id": 685,
        "username": "mHzSloYinzEf",
        "email": "mHzSloYinzEf@gmail.com",
        "active": false,
        "enabled": true,
        "lastVisit": null,
        "roles": [
            "CLIENT"
        ]
    },
    {
        "id": 679,
        "username": "XFtIvOYokpkA",
        "email": "XFtIvOYokpkA@gmail.com",
        "active": false,
        "enabled": true,
        "lastVisit": null,
        "roles": [
            "CLIENT"
        ]
    },
    {
        "id": 680,
        "username": "vGgemAqHOnxe",
        "email": "vGgemAqHOnxe@gmail.com",
        "active": false,
        "enabled": true,
        "lastVisit": null,
        "roles": [
            "CLIENT"
        ]
    },
    {
        "id": 681,
        "username": "JSMqYlmZiGhE",
        "email": "JSMqYlmZiGhE@gmail.com",
        "active": false,
        "enabled": true,
        "lastVisit": null,
        "roles": [
            "CLIENT"
        ]
    },
    {
        "id": 682,
        "username": "cPEiGVsQVpBy",
        "email": "cPEiGVsQVpBy@gmail.com",
        "active": false,
        "enabled": true,
        "lastVisit": null,
        "roles": [
            "CLIENT"
        ]
    },
    {
        "id": 686,
        "username": "ZqFIdblpeGvc",
        "email": "ZqFIdblpeGvc@gmail.com",
        "active": false,
        "enabled": true,
        "lastVisit": null,
        "roles": [
            "CLIENT"
        ]
    },
    {
        "id": 687,
        "username": "fRVMGkWILfwO",
        "email": "fRVMGkWILfwO@gmail.com",
        "active": false,
        "enabled": true,
        "lastVisit": null,
        "roles": [
            "CLIENT"
        ]
    },
    {
        "id": 688,
        "username": "tDfuAIfnWnFZ",
        "email": "tDfuAIfnWnFZ@gmail.com",
        "active": false,
        "enabled": true,
        "lastVisit": null,
        "roles": [
            "CLIENT"
        ]
    },
    {
        "id": 689,
        "username": "UnVLypxEZNhG",
        "email": "UnVLypxEZNhG@gmail.com",
        "active": false,
        "enabled": true,
        "lastVisit": null,
        "roles": [
            "CLIENT"
        ]
    },
    {
        "id": 690,
        "username": "wAoCGBFjqOqa",
        "email": "wAoCGBFjqOqa@gmail.com",
        "active": false,
        "enabled": true,
        "lastVisit": null,
        "roles": [
            "CLIENT"
        ]
    },
    {
        "id": 702,
        "username": "ORSCkXkOknKV",
        "email": "ORSCkXkOknKV@gmail.com",
        "active": false,
        "enabled": true,
        "lastVisit": null,
        "roles": [
            "CLIENT"
        ]
    },
    {
        "id": 704,
        "username": "wjiyGJtPLclh",
        "email": "wjiyGJtPLclh@gmail.com",
        "active": false,
        "enabled": true,
        "lastVisit": null,
        "roles": [
            "CLIENT"
        ]
    },
    {
        "id": 705,
        "username": "zmUglFVIDAoj",
        "email": "zmUglFVIDAoj@gmail.com",
        "active": false,
        "enabled": true,
        "lastVisit": null,
        "roles": [
            "CLIENT"
        ]
    },
    {
        "id": 706,
        "username": "KSwSqNIxUOYn",
        "email": "KSwSqNIxUOYn@gmail.com",
        "active": false,
        "enabled": true,
        "lastVisit": null,
        "roles": [
            "CLIENT"
        ]
    },
    {
        "id": 707,
        "username": "FchWQQnLirgt",
        "email": "FchWQQnLirgt@gmail.com",
        "active": false,
        "enabled": true,
        "lastVisit": null,
        "roles": [
            "CLIENT"
        ]
    },
    {
        "id": 708,
        "username": "bFKjjGgPWOgC",
        "email": "bFKjjGgPWOgC@gmail.com",
        "active": false,
        "enabled": true,
        "lastVisit": null,
        "roles": [
            "CLIENT"
        ]
    },
    {
        "id": 709,
        "username": "mEPayWFhOLqm",
        "email": "mEPayWFhOLqm@gmail.com",
        "active": false,
        "enabled": true,
        "lastVisit": null,
        "roles": [
            "CLIENT"
        ]
    },
    {
        "id": 710,
        "username": "VCVuCxtYsyJT",
        "email": "VCVuCxtYsyJT@gmail.com",
        "active": false,
        "enabled": true,
        "lastVisit": null,
        "roles": [
            "CLIENT"
        ]
    },
    {
        "id": 711,
        "username": "JTARyRrtxmvs",
        "email": "JTARyRrtxmvs@gmail.com",
        "active": false,
        "enabled": true,
        "lastVisit": null,
        "roles": [
            "CLIENT"
        ]
    },
    {
        "id": 712,
        "username": "IyMqXOvmPKnk",
        "email": "IyMqXOvmPKnk@gmail.com",
        "active": false,
        "enabled": true,
        "lastVisit": null,
        "roles": [
            "CLIENT"
        ]
    },
    {
        "id": 713,
        "username": "CmNJUjHFDmJr",
        "email": "CmNJUjHFDmJr@gmail.com",
        "active": false,
        "enabled": true,
        "lastVisit": null,
        "roles": [
            "CLIENT"
        ]
    },
    {
        "id": 714,
        "username": "bDcIPaIdDdGP",
        "email": "bDcIPaIdDdGP@gmail.com",
        "active": false,
        "enabled": true,
        "lastVisit": null,
        "roles": [
            "CLIENT"
        ]
    },
    {
        "id": 715,
        "username": "gudxVmHXeCbG",
        "email": "gudxVmHXeCbG@gmail.com",
        "active": false,
        "enabled": true,
        "lastVisit": null,
        "roles": [
            "CLIENT"
        ]
    },
    {
        "id": 716,
        "username": "KZDTyVsrZnbg",
        "email": "KZDTyVsrZnbg@gmail.com",
        "active": false,
        "enabled": true,
        "lastVisit": null,
        "roles": [
            "CLIENT"
        ]
    },
    {
        "id": 717,
        "username": "AnohxaOCZcGX",
        "email": "AnohxaOCZcGX@gmail.com",
        "active": false,
        "enabled": true,
        "lastVisit": null,
        "roles": [
            "CLIENT"
        ]
    },
    {
        "id": 718,
        "username": "XmCNcrZRSQSV",
        "email": "XmCNcrZRSQSV@gmail.com",
        "active": false,
        "enabled": true,
        "lastVisit": null,
        "roles": [
            "CLIENT"
        ]
    },
    {
        "id": 719,
        "username": "HVAaDcdrqZWH",
        "email": "HVAaDcdrqZWH@gmail.com",
        "active": false,
        "enabled": true,
        "lastVisit": null,
        "roles": [
            "CLIENT"
        ]
    },
    {
        "id": 720,
        "username": "ObSqOUkueEGp",
        "email": "ObSqOUkueEGp@gmail.com",
        "active": false,
        "enabled": true,
        "lastVisit": null,
        "roles": [
            "CLIENT"
        ]
    },
    {
        "id": 721,
        "username": "UTppteHilebA",
        "email": "UTppteHilebA@gmail.com",
        "active": false,
        "enabled": true,
        "lastVisit": null,
        "roles": [
            "CLIENT"
        ]
    },
    {
        "id": 722,
        "username": "XUaWTkarYbDd",
        "email": "XUaWTkarYbDd@gmail.com",
        "active": false,
        "enabled": true,
        "lastVisit": null,
        "roles": [
            "CLIENT"
        ]
    },
    {
        "id": 723,
        "username": "BrMiZxiIjtDr",
        "email": "BrMiZxiIjtDr@gmail.com",
        "active": false,
        "enabled": true,
        "lastVisit": null,
        "roles": [
            "CLIENT"
        ]
    },
    {
        "id": 724,
        "username": "FDiHpbUaZDwM",
        "email": "FDiHpbUaZDwM@gmail.com",
        "active": false,
        "enabled": true,
        "lastVisit": null,
        "roles": [
            "CLIENT"
        ]
    },
    {
        "id": 725,
        "username": "lTfWNekuJbPZ",
        "email": "lTfWNekuJbPZ@gmail.com",
        "active": false,
        "enabled": true,
        "lastVisit": null,
        "roles": [
            "CLIENT"
        ]
    },
    {
        "id": 726,
        "username": "iMWDqkLgCRDn",
        "email": "iMWDqkLgCRDn@gmail.com",
        "active": false,
        "enabled": true,
        "lastVisit": null,
        "roles": [
            "CLIENT"
        ]
    },
    {
        "id": 727,
        "username": "KrgUVAUpUniQ",
        "email": "KrgUVAUpUniQ@gmail.com",
        "active": false,
        "enabled": true,
        "lastVisit": null,
        "roles": [
            "CLIENT"
        ]
    },
    {
        "id": 728,
        "username": "jSYPboSymKDk",
        "email": "jSYPboSymKDk@gmail.com",
        "active": false,
        "enabled": true,
        "lastVisit": null,
        "roles": [
            "CLIENT"
        ]
    },
    {
        "id": 729,
        "username": "EnAFWcJhSQHg",
        "email": "EnAFWcJhSQHg@gmail.com",
        "active": false,
        "enabled": true,
        "lastVisit": null,
        "roles": [
            "CLIENT"
        ]
    },
    {
        "id": 730,
        "username": "EIUtttQsGoCK",
        "email": "EIUtttQsGoCK@gmail.com",
        "active": false,
        "enabled": true,
        "lastVisit": null,
        "roles": [
            "CLIENT"
        ]
    },
    {
        "id": 731,
        "username": "mXSdVKTNzXQn",
        "email": "mXSdVKTNzXQn@gmail.com",
        "active": false,
        "enabled": true,
        "lastVisit": null,
        "roles": [
            "CLIENT"
        ]
    },
    {
        "id": 732,
        "username": "nNFXwkGmdCON",
        "email": "nNFXwkGmdCON@gmail.com",
        "active": false,
        "enabled": true,
        "lastVisit": null,
        "roles": [
            "CLIENT"
        ]
    },
    {
        "id": 733,
        "username": "HWGLPYIGmkBo",
        "email": "HWGLPYIGmkBo@gmail.com",
        "active": false,
        "enabled": true,
        "lastVisit": null,
        "roles": [
            "CLIENT"
        ]
    },
    {
        "id": 734,
        "username": "nwiPsMLtJvBK",
        "email": "nwiPsMLtJvBK@gmail.com",
        "active": false,
        "enabled": true,
        "lastVisit": null,
        "roles": [
            "CLIENT"
        ]
    },
    {
        "id": 735,
        "username": "mYKzQEcMqkjH",
        "email": "mYKzQEcMqkjH@gmail.com",
        "active": false,
        "enabled": true,
        "lastVisit": null,
        "roles": [
            "CLIENT"
        ]
    },
    {
        "id": 736,
        "username": "bORwhgAAbxga",
        "email": "bORwhgAAbxga@gmail.com",
        "active": false,
        "enabled": true,
        "lastVisit": null,
        "roles": [
            "CLIENT"
        ]
    },
    {
        "id": 737,
        "username": "mebcqXcBjtTl",
        "email": "mebcqXcBjtTl@gmail.com",
        "active": false,
        "enabled": true,
        "lastVisit": null,
        "roles": [
            "CLIENT"
        ]
    },
    {
        "id": 738,
        "username": "aXDTzTJFdnWB",
        "email": "aXDTzTJFdnWB@gmail.com",
        "active": false,
        "enabled": true,
        "lastVisit": null,
        "roles": [
            "CLIENT"
        ]
    },
    {
        "id": 739,
        "username": "OebYNxgdGOyU",
        "email": "OebYNxgdGOyU@gmail.com",
        "active": false,
        "enabled": true,
        "lastVisit": null,
        "roles": [
            "CLIENT"
        ]
    },
    {
        "id": 740,
        "username": "MjjPVZyeqWao",
        "email": "MjjPVZyeqWao@gmail.com",
        "active": false,
        "enabled": true,
        "lastVisit": null,
        "roles": [
            "CLIENT"
        ]
    },
    {
        "id": 741,
        "username": "GpOMOqkZuvAy",
        "email": "GpOMOqkZuvAy@gmail.com",
        "active": false,
        "enabled": true,
        "lastVisit": null,
        "roles": [
            "CLIENT"
        ]
    },
    {
        "id": 742,
        "username": "YtlSwSsjfIgD",
        "email": "YtlSwSsjfIgD@gmail.com",
        "active": false,
        "enabled": true,
        "lastVisit": null,
        "roles": [
            "CLIENT"
        ]
    },
    {
        "id": 743,
        "username": "uTotCGQbqORt",
        "email": "uTotCGQbqORt@gmail.com",
        "active": false,
        "enabled": true,
        "lastVisit": null,
        "roles": [
            "CLIENT"
        ]
    },
    {
        "id": 744,
        "username": "xvHivgXOfgSz",
        "email": "xvHivgXOfgSz@gmail.com",
        "active": false,
        "enabled": true,
        "lastVisit": null,
        "roles": [
            "CLIENT"
        ]
    }
]
Request method:	GET
Request URI:	https://dev.zenio.co/api/users
Proxy:			<none>
Request params:	<none>
Query params:	<none>
Form params:	<none>
Path params:	<none>
Headers:		Accept=application/json, application/javascript, text/javascript, text/json
				Content-Type=application/json; charset=UTF-8
Cookies:		<none>
Multiparts:		<none>
Body:			<none>
HTTP/1.1 401 
Server: nginx/1.17.4
Date: Thu, 17 Oct 2019 11:48:22 GMT
Content-Length: 0
Connection: keep-alive
X-Content-Type-Options: nosniff
X-XSS-Protection: 1; mode=block
Cache-Control: no-cache, no-store, max-age=0, must-revalidate
Pragma: no-cache
Expires: 0
Strict-Transport-Security: max-age=31536000 ; includeSubDomains
X-Frame-Options: SAMEORIGIN
Request method:	GET
Request URI:	https://dev.zenio.co/api/api/us1eers
Proxy:			<none>
Request params:	<none>
Query params:	<none>
Form params:	<none>
Path params:	<none>
Headers:		Accept=application/json, application/javascript, text/javascript, text/json
				Content-Type=application/json; charset=UTF-8
Cookies:		JSESSIONID=C4BB125B2D18ECA0FD5727519B08CD3D;Path=/;Secure;HttpOnly
Multiparts:		<none>
Body:			<none>
HTTP/1.1 404 
Server: nginx/1.17.4
Date: Thu, 17 Oct 2019 11:48:23 GMT
Content-Type: text/html;charset=UTF-8
Transfer-Encoding: chunked
Connection: keep-alive
X-Content-Type-Options: nosniff
X-XSS-Protection: 1; mode=block
Cache-Control: no-cache, no-store, max-age=0, must-revalidate
Pragma: no-cache
Expires: 0
Strict-Transport-Security: max-age=31536000 ; includeSubDomains
X-Frame-Options: SAMEORIGIN
Content-Language: en-US

<html lang="en">
  <head>
    <meta charset="UTF-8"/>
    <title/>
    <link rel="shortcut icon" type="image/x-icon" href="data:image/png;base64,iVBORw0KGgoAAAANSUhEUgAAAEAAAABACAYAAACqaXHeAAAACXBIWXMAAAsTAAALEwEAmpwYAAAAAXNSR0IArs4c6QAAAARnQU1BAACxjwv8YQUAABHVSURBVHgBfVtbr11VFf7G2vvc6F2uBrSFVqwxSIMSCii0aHwwGoohaBC1McHwpjz74k+QBxGjIRhUYjSCGhONYgUUEAng5YEilKKS3sDSUtrTnrPXcF7Gba59YJd91tprzcu4fOMbY861oA9deRsjfcqf9KH0r56kIzOno1yANKu/yS8wyU+iLv3OV9K/MlAdjcs9sg7WtR0qzs/Sh5IIdfx0qr9rH2r6pCnL/XxCXfe31Oy5dOuRZx6/5z68w4cuqwbQwU3EPGPUEq4A+9zBOsVgYpDQMxnFhKYoN7uS2dDlWE5tQoTBESWpv9mdUYeQY5lfOlFu/0q6ctczT3znW3hbA9SxGK03uEvC99UDGCDBBCOXqgqoXqsaicNNWFWA7WbVuwge7CHGy2NBERAkU4TJL7jG1cwUgGbi7e977HzuyXv2Rw06MV3tLMpSgbUhQvTkoPbKH65jGHTdMNUc5Z5qIGgBa0uxEFfdZH5TXmVhZp4WQOYM9rEztvONXYc9V15z+7bWAKIct/FOOoi7kSQyRQhV2VUPLRSkfXFsoBMK5lBnURSbTOxAFmkcauarQe9TGTdAzSpGjgLmSTdNMP7Dtu13bHIDMCzkonKGLzf9tOvFf0E2WsE50oSDeKxn/nVsxOmb4SQcJF54OFMIJAwYl4vF+77gbsNoRA+6AeLc9bx6X0KW4BhpB9XWYrgoUkS/ecSkJNebpy01sIDGkLWtUI8ZIVhSwoDVG5WI2AGuTt52xTV3fLO0uewjtyrvsjO/8ZWmOFa2qnDUwAj0a9qS5AMhLm4UQSRO76Oz0pTmUD7Kac4mxRBrgWSVg6RvTY2GDzI6ojf62bmLO5dA7MMIkQwlFqoRxciZgZWHmYfZgYQPyAIf8jUXsqmncLYhIonUTCI9WGVwjZk5yimCl2E1WjW1Sz+mJqT69aPTJ3d0DfGwaE+YDjKzYm9hEQRp2prewnVAJDsLF+N+I3ZW8qypgFPQQrJTFKSiwZwDTxFu5BAKbE2qT7hyQTrvuhs7pUyKxGNEMhWjGrseksGZMCXIjMMuACsY4MI56EmIPeJbo4msQrIsAqzIyYFQPVhUL6UMqijhZMEdXSMEBiErrMth0tje6NxThvyxlKDe9+GbYRhaWEYnNxnIuS/KpbKyk4fIWFEqRtf0aSxpPJfbJiCs6xCtZ2r4vApWR5eLZYzJ2qsyECv1c4OXhqHjZxA/FiAeajq/jyhwIvc6GvYPVCNHLZY8m6VWGzqdkgyJEreWYTh6uEpFQoqalgW65PFaSmgMHKWSNlVda4ImQBreZLSKMrdDYEBaFK9WDKt+sbQZSzxAcz+5h3R14VQcwHzwxi/QyQs3ylw1frue0pczttBN0qIs2ytxZjpHZlua9FSPyO1qWy7WSuflSPl6Ocr11L/eS+R75vwFWtowlzIR0ejESYyf/D26f++1lYxHF4eVBTl6WMkBtv4as3XXmDQTUgNX0lq9tjx54Sa8tXmrj5g+RdEk9Ggi55M+ff16vZbuyznJeT2itOdJNQbKsS8GSHbF8cvXYbJmBqOl5LX05eXUZss2jB/9FXV/+qV7hz06NZs4JhgNX+e07r/QMBHD1inG3r2tl0NUABE1at8Q6xHUXq6IRFZhMw9GFXrpE0Zfv2o9Fs+eKYHESeJ+lI9Jnnx+7WfAF21V2qnCkg0R1ggubpWjWqZjuyhxwpq0LTtRyEpNLrfFbiwg4SixD8FSAofZhE8sQr3Ok6ib6XDk6nU4s35cLmWFWb59R3aOy64ezmbpmqhBcq0BJSXmq2MKeVikV6cEu7WkJRUIKb6MZhoWivJMpzixIoY/SeivnyG8dvVaTFaNMFoOilOuRuPvXNOdnTxZ4U6VhzUOqK3UVW4WSzOPJUlZIe07EtX3jhnR2Mix1aEpElrzDTm9UVjHj1bn2Q6Hr12D5aI8FyVJx+0qErIR8vVuhEEZBkJr5yEeRcoqTc0CXrdSbCLCsytpq60mIyAqwEN/xxVqb1TTDaaRNIo+K/+x1VhePSoEylnTFKgO/dSuCYXU6Z+PGwEyRc11BRjc5M4tFzoRraXGwblVdDAHl+VWuTgFAfeoiqEkpwQZIRm5cpKUP3DDapzeMKoKkitpv+Xbyz0c+g9Gf/8zpACb/jCairL6wn+P3UMB7KIBDQbVjZZiSC07MYhy0Y2Miswkxrx5QWVYlfb9XIdD15+F5bWjUiekJlVpdkPE72xKkxc/sw+Hf32XoK5nqcM4rGtJyheKOSYgAPTBK27p0SwupsLFyaUwaB2MF1ZjsrAginSurBw6sqLQC0UNNCsu69+50QKu27obq9a8q+GC0t4QosxbZZ8c+S9+u/e7ODNZDDFOvoFa2Q+NB8JWggb9GDTcWkYM4mp/Js2vBhE69Ra69FVgS/0tUjYBEXdLoIbs6nY5ZmcW8MlLb8OGpTXA/5ZMjhU/ItvRUwfwuxe+l5WfbqHIG3CU8VeRooNu245d1daDAqU4sQRG3PZHyx+a3YvB6hKbOh/ajCzTz47n6ROX3o51CxdouZr27VpnmNGEQ95YzMp/n5cmi2TPXox41a9W/sJqCkOv7z/khmNYdQfFp2lp5b9gWa3o6CJTW3mFYEEHbYpoU/k5M5qnjyfl189fYJww5YvWJ8XzD79wL5b6RbOwURhghZpyVRVaokL5QHeZiixdQUCTAQTD2qnJq2Yrg0ZcjIbAUnSQlKKkyaM2S8rjhku/gnXz56eSfwIvp9r4Q7ield/z4n1YmpxS8dQTLibHlNvWP04lVQctksaDuSjY3oVuPwN+p7hjG1u1aUlmHifld27ZTVn5PiufUxrcC4En7MIbiwex518/SMovspAp++LUMhO5CSvcRRN29nWjae2jaZCJG8YMlmMjORMsIEEKZylBwhw2mnmesud3vm831i6cV5UHTcE8f3o4Ux87dRCPvHh/9nx5zlhb1lCysjci0nBu5R1FB2CwIzVWL0alER4skGYibuosT/sknAt4J7DPJKlwZjyP67d8mbLyDCeIFdFP5SFGUv4wHn3p/kJ4UDMj0BrBGZLCPmJkcIeKr8bIg85DAO5V39R0gYoWUmTU/bS+lANxhehhRI01Z8ZzdN2WL2Lt/LnF8zZdbtYH5QMMsvKPvfhDXupPWw0COC1plkFTgJA7RAsiyxIcTn2isXWumLPG7YiSu8ifDzRmE0uzPZl2q82M5vDRzbcV5Tlry4253SnWjXDs5CE89tKPeHlyWvKJ51UdOucz3aGL1mcpAbhyQgpt2Qdlg2oQse4INY9STBuESCB5DEW6YKpik8BSqifxVFUsb1fOpArv2i23pphPni/Ke0GqMdNbaFYBs+cf3/cAqvJ1Gm6SUgW4XWgWFnIg8zbFFG3zBAeNNdHrErcyqPGCIU3XBQZAn1Jj0zJvvj6b8vw1mz+PNXPnpHietFHhOdwvpQvHi/I/MbavkLIXLDS5uapqNbkr7F9+mDCaJRHSl8IOdTlcFxyGffKBpbyVfA7PLLUoihEYcJhhT9sv+RxWz59TYQ8MVoddU3bnW28uHsET+35alK8KyB6+Am9Q29fI7FlrLtudyuOzvE4DbvO+WR9mnLHXtvZkxpClmja1ue4o5eEqgZFOUCyaYn775luwZuFsyfOEUAuLHuxbCul4fPE1/OXln+HM8mJLqvACR5Gm4+h5WP2BQkILdYTVCMF6ptPYQR9gBk9kspRmioKotYR3EkopvwuR8/z2zTfTmvkM+15k9zyXMd1zYIGi/BE8te/nnMvbuMggRQHZXCHWWZONlQZh/2+QVAX4wo5WO9SsFkphC3otoeGEJfwAQpSDPPRqbX/V5puxau7sUt6aFYNG5hQ5Ztg//fKDCfZnVAY2rwsEjXvjWD4e53XEoIzR5s22vlGcXKeuhCGPg7/dZAqbHGOSHoXYlQi5C3Q67mZx5SU34ay5DZ7qyPkGbYIR5V/D0/sfqqmuEbN6qOliy4kwlmcP26bjmL5E265mGiuG5NGWhgC1y2HjPt/FsNK5TqcrPWPm7PkPX7wL7zk3P6k4aErm+XqZl0Oqy+eLZ05g7+u/wXmrl9yzRTyjUkW+ZqDQSMOT7MLxUyM+sTiiUBFb65ozV+SVEjJjTN2BLeqsRACczMKaYe2qZdz52dP49FV3YmF0Asg2yOjPx7xpN5Hfuc9EELmczk9lverWbgnyDMc8fjrmc72uv/Uceuza30+/tIq+evd7zdDwdW8QncPbIlXBfBoNoDETX5qkYEltZEi59xvPYutFbwJLonTeGevl6BMZeLIRcFIg1npSwj7AHY0z3aXevGYVmDjeLEJGBm1QILky3+5YeT70b7INNOrDCi/93LXzALZuPiHewApHkbI85ZSU+aYEZptWVdJQegQlhxYwJ2N6JWkbFmwljbI/G6P60LllR0MOlduWapvUqzhg3HjDIVGUg+KqfCfKC1QT7PloD6mJzAnth+26elevB8c3xmq6ihvrFrgmdhmz11dqGHHhUUQcCtAak5u7ROTFmylMA0OgelyNspSmPbKMsN/QlO+efSwbVxnZQyR4WEDAjUVILEQqIg3eGrVCiKS4ZE0cRezpjxQ/Ghu6wlJw5QuvHpkFRqLwqBsYo0pTlD+wDB1sehpWwV1YxNALbdVGDe7Z7KLE7SHVdLbYa1eQggCrNG3AChkv/QNTSI3wi4cvEOWp9b48ysKZ1PCVJYN9XMM0MR6kpGmgB/JFG75t06Yt3HOBYLwXexvuPNA5ZFkdx+1uvSVB//Uf63H3Axtd6YIGrt+3ktb7lkIB3rzkBR+mDTVudYLWABoG7KJMc0D45bANq6fajhWOGgZjWFBDn5v74oIsXxVs9UaIdX/g2z/eSE8lQ3zpU6+mZW/y9unU4EhK/IcnkqPJc3dZ03ftdfmyKAnN+dYnn2od8Db9U7u9r85pbSNZkdwUyt7ZmJ28gd7pa7bp6ge27erDfogpL0sK24STnW3bagp+sAkZaBncsD6ISEEVRap3R1WslDdSPSx8KFLy8N0qHY/IuRO+K1JdSM3msI5ZTMphdEulZKI6TQuOVXkK+bRdMqNNIJp+2TcpLC3VpiHnCYsPSNM4gHUxH8zSRLiOA3n4xQO/MOQ1/iJ0fnB11LuxZFSIp63jgK/YKQMhvOuYPLBA0B2y0hnGsQlJiH+qAqH+sFCt43HAKangChnNKESDsTSdlw3TTGHHPJ2YkBBkeAIRPzGs2jJwRdOE8Aga2tadKMrGqrpY8fECmigueRSGzeaGcaUZF26E0rYPjOfJwQyaDfCIjRMDpFHL/qELBMmeT9jlwwAu1Wu9UChNFe6gmGR8xlDN2e5ZoKQ6mJMf+1iSXRoIkh6o1S4b4CHt0khWo4EkQkljqg+5NgiuPnBkiOL6n+3YhwomxobdcFKLWTT0Yh9bKqCwP2koglR/ZPsA0ep1onyjSwnkj+nu0dLIiuVgOlPWbC4CKKo8t1Joy2ZAFSJ4hjwta0pdQUgOacwnd0qI7/0GBABujFhlmN66uCgGGh08+PziOe/eupDuXC8hQMZogY6ETMIDQDiZqLnChoalTplU2wYIs/YhcoZQnDTLV7/IIWQQ0l6ICU2RmicdaTaVc7CvUFI98Gxqc7nEttQD3OzLuzydSWRHI1uY8Uhh6MRsmaVObnkmOM7bR8cFHW27Q+UMxRsbSMUBLd0Efi3v8NT3rHSGm9IYxwZzhv9V1UnSa8Ioor5K63AeNqJm15ccJUbSlv3gsT7lYApXSXeDPd9LX7Yo8PB0rrKaxgzw/HMP7U9G2ZEu7ydq+MAgzhxID+GOKeX3SNJStQ0PQWTu9jEZschhGyTuCZqdjFDAxh3kqnt2qEEtD0nAA47GNNa2btu1KR32pBsb2QA1TI9DyAZI+yf0Du806MRE1JTMdsemY3BAzbC8Brhd7NBwGP3/imwvkKh5n4BbxQaf92/b9fUEj6+l001RGcR4VMF4OJLzYpOeorRNpJMf3Ai1hG45KbQNE4ppowOy4rlm6Vn3A5s6kdrYeodPQsTu1GhHOr28fAeriWrVOiQ1msRWqM6QpTQo0kHgLs965t1gdUcOnADDCAgDKRpD0kF0hi2k/g96rc7pxgAzoAAAAABJRU5ErkJggg=="/>
    <script src="https://js.stripe.com/v3/"/>
  </head>
  <body>
    <div class="start-preloader">
      <style>
      html {
        font-size: 10px;
      }

      @keyframes pulse {
        from {
          opacity: 0.9;
          box-shadow: 0 0 48px #427DD6;
        }
        16% {
          opacity: 0.1;
          box-shadow: 0 0 48px #427DD6;
        }
        16.6% {
          box-shadow: 0 0 48px #6E55D9;
        }
        32.6% {
          opacity: 0.9;
          box-shadow: 0 0 48px #6E55D9;
        }
        48.6% {
          opacity: 0.1;
          box-shadow: 0 0 48px #6E55D9;
        }
        49.2% {
          box-shadow: 0 0 48px #F4B923;
        }

        65.2% {
          opacity: 0.9;
          box-shadow: 0 0 48px #F4B923;
        }
        81.2% {
          opacity: 0.1;
          box-shadow: 0 0 48px #F4B923;
        }
        81.8% {
          box-shadow: 0 0 48px #427DD6;
        }
        to {
          opacity: 0.9;
          box-shadow: 0 0 48px #427DD6;
        }
      }

      .start-preloader {
        position: fixed;
        left: 0;
        top: 0;
        width: 100%;
        height: 100vh;
        background: #FFFFFF;
        z-index: 1000000000000000000000000;
      }

      .logo {
        width: 23rem;
        height: 23rem;
        position: absolute;
        left: 50%;
        top: 50%;
        transform: translate(-50%, -50%) scale(0.5);
        border-radius: 0 4.5rem 0 4.5rem;
        background: linear-gradient(45deg, rgba(40, 47, 78, 1) 0%, rgba(51, 59, 106, 1) 100%);
      }

      .logo:before {
        content: '';
        position: absolute;
        left: 0;
        top: 0;
        width: 100%;
        height: 100%;
        border-radius: 0 4.5rem 0 4.5rem;
        animation: pulse infinite 5.8s linear;
      }

      .z {
        width: 12.8rem;
        height: 12.8rem;
        position: absolute;
        left: 50%;
        top: 50%;
        transform: translate(-50%, -50%);
      }

      .blue-rect {
        width: 12.8rem;
        height: 3.2rem;
        position: absolute;
        left: 0;
        top: 0;
        border-radius: 0 1.6rem 1.6rem 0;
        overflow: hidden;
        z-index: 2;
        background: linear-gradient(to right, rgba(0, 194, 255, 1) 0%, rgba(0, 194, 255, 1) 16%, rgba(60, 114, 225, 1) 78%, rgba(60, 114, 225, 1) 100%);
      }

      .blue-drop {
        width: 10rem;
        height: 3.2rem;
        position: absolute;
        right: -10px;
        top: 24px;
        transform: rotate(-45deg);
        border-radius: 0 1.6rem 1.6rem 0;
        background: linear-gradient(to right, rgba(3, 236, 255, 1) 0%, rgba(3, 236, 255, 1) 42%, rgba(3, 236, 255, 1) 54%, rgba(47, 172, 254, 1) 100%);
      }

      .violet-rect {
        width: 138px;
        height: 3.2rem;
        position: absolute;
        right: -5px;
        top: 48px;
        transform: rotate(-45deg);
        background: linear-gradient(45deg, rgba(96, 89, 173, 1) 0%, rgba(157, 112, 255, 1) 100%);
      }

      .orange-drop {
        width: 5.5rem;
        height: 3.2rem;
        position: absolute;
        left: -4px;
        bottom: 8px;
        transform: rotate(-45deg);
        border-radius: 1.6rem 0 0 1.6rem;
        background: linear-gradient(to right, rgba(255, 232, 23, 1) 0%, rgba(254, 175, 23, 1) 100%);
      }

      .orange-rect {
        width: 12.8rem;
        height: 3.2rem;
        position: absolute;
        right: 0;
        bottom: 0;
        border-radius: 1.6rem 0 0 1.6rem;
        overflow: hidden;
        z-index: 2;
        background: linear-gradient(to right, rgba(253, 197, 55, 1) 0%, rgba(255, 138, 0, 1) 100%);
      }
    </style>
      <div class="logo">
        <div class="z">
          <div class="blue-rect">
            <div class="blue-drop"/>
          </div>
          <div class="violet-rect"/>
          <div class="orange-rect">
            <div class="orange-drop"/>
          </div>
        </div>
      </div>
    </div>
    <div id="root"/>
    <div id="popup-root"/>
    <div id="split-text-container"/>
    <div id="dnd-container"/>
    <script type="text/javascript" src="/runtime.7d0f7c25f1b67a1ec5a8.bundle.js"/>
    <script type="text/javascript" src="/vendor.7d0f7c25f1b67a1ec5a8.bundle.js"/>
    <script type="text/javascript" src="/main.7d0f7c25f1b67a1ec5a8.bundle.js"/>
  </body>
</html>
]]></system-out>
  <system-err><![CDATA[]]></system-err>
</testsuite>
