<?xml version="1.0" encoding="UTF-8"?>
<testsuite name="workspace_controller.TestPostCreateWorkspace" tests="2" skipped="2" failures="0" errors="0" timestamp="2019-10-25T09:28:17" hostname="zenio" time="0.003">
  <properties/>
  <testcase name="postCreateWorkspace_status_200" classname="workspace_controller.TestPostCreateWorkspace" time="0.0">
    <skipped/>
  </testcase>
  <testcase name="postCreateWorkspace_status_401" classname="workspace_controller.TestPostCreateWorkspace" time="0.001">
    <skipped/>
  </testcase>
  <system-out><![CDATA[]]></system-out>
  <system-err><![CDATA[]]></system-err>
</testsuite>
