<?xml version="1.0" encoding="UTF-8"?>
<testsuite name="project_controller.TestDeleteProjectId" tests="3" skipped="3" failures="0" errors="0" timestamp="2019-10-22T11:26:42" hostname="zenio" time="0.005">
  <properties/>
  <testcase name="deleteProjectId_status_200" classname="project_controller.TestDeleteProjectId" time="0.0">
    <skipped/>
  </testcase>
  <testcase name="deleteProjectId_status_401" classname="project_controller.TestDeleteProjectId" time="0.0">
    <skipped/>
  </testcase>
  <testcase name="deleteProjectId_status_404" classname="project_controller.TestDeleteProjectId" time="0.0">
    <skipped/>
  </testcase>
  <system-out><![CDATA[]]></system-out>
  <system-err><![CDATA[]]></system-err>
</testsuite>
