<component name="libraryTable">
  <library name="junit-xml-plugin-2.13.0">
    <CLASSES>
      <root url="jar://$PROJECT_DIR$/.allure/allure-2.13.0/plugins/junit-xml-plugin/junit-xml-plugin-2.13.0.jar!/" />
    </CLASSES>
    <JAVADOC />
    <SOURCES />
  </library>
</component>